{
"contracts/_opengsn/_BaseRelayRecipient.sol":{"l":{"24":0,"34":0,"38":0,"42":0,"55":0,"56":0,"58":0},"path":"/home/tabish/ahmad/factiiv/contracts/_opengsn/_BaseRelayRecipient.sol","s":{"1":0,"2":0,"3":0,"4":0,"5":0,"6":0},"b":{"1":[0,0],"2":[0,0]},"f":{"1":0,"2":0,"3":0},"fnMap":{"1":{"name":"isTrustedForwarder","line":23,"loc":{"start":{"line":23,"column":4},"end":{"line":25,"column":4}}},"2":{"name":"_MsgSender","line":33,"loc":{"start":{"line":33,"column":4},"end":{"line":44,"column":4}}},"3":{"name":"_MsgData","line":54,"loc":{"start":{"line":54,"column":4},"end":{"line":60,"column":4}}}},"statementMap":{"1":{"start":{"line":24,"column":8},"end":{"line":24,"column":44}},"2":{"start":{"line":34,"column":8},"end":{"line":34,"column":1206}},"3":{"start":{"line":42,"column":12},"end":{"line":42,"column":38}},"4":{"start":{"line":55,"column":8},"end":{"line":55,"column":2186}},"5":{"start":{"line":56,"column":12},"end":{"line":56,"column":49}},"6":{"start":{"line":58,"column":12},"end":{"line":58,"column":27}}},"branchMap":{"1":{"line":34,"type":"if","locations":[{"start":{"line":34,"column":8},"end":{"line":34,"column":8}},{"start":{"line":34,"column":8},"end":{"line":34,"column":8}}]},"2":{"line":55,"type":"if","locations":[{"start":{"line":55,"column":8},"end":{"line":55,"column":8}},{"start":{"line":55,"column":8},"end":{"line":55,"column":8}}]}}},
"contracts/_opengsn/interfaces/_IRelayRecipient.sol":{"l":{},"path":"/home/tabish/ahmad/factiiv/contracts/_opengsn/interfaces/_IRelayRecipient.sol","s":{},"b":{},"f":{},"fnMap":{},"statementMap":{},"branchMap":{}},
"contracts/@openzeppelin/contracts/access/AccessControl.sol":{"l":{"69":0,"70":0,"77":0,"84":0,"95":0,"96":0,"116":0,"130":0,"143":0,"161":0,"163":0,"183":0,"192":0,"193":0,"194":0,"198":0,"199":0,"200":0,"205":0,"206":0,"207":0},"path":"/home/tabish/ahmad/factiiv/contracts/@openzeppelin/contracts/access/AccessControl.sol","s":{"1":0,"2":0,"3":0,"4":0,"5":0,"6":0,"7":0,"8":0,"9":0,"10":0,"11":0,"12":0,"13":0,"14":0,"15":0,"16":0,"17":0,"18":0,"19":0,"20":0},"b":{"1":[0,0],"2":[0,0],"3":[0,0],"4":[0,0]},"f":{"1":0,"2":0,"3":0,"4":0,"5":0,"6":0,"7":0,"8":0,"9":0,"10":0,"11":0,"12":0},"fnMap":{"1":{"name":"onlyRole","line":68,"loc":{"start":{"line":68,"column":4},"end":{"line":71,"column":4}}},"2":{"name":"supportsInterface","line":76,"loc":{"start":{"line":76,"column":4},"end":{"line":78,"column":4}}},"3":{"name":"hasRole","line":83,"loc":{"start":{"line":83,"column":4},"end":{"line":85,"column":4}}},"4":{"name":"_checkRole","line":94,"loc":{"start":{"line":94,"column":4},"end":{"line":107,"column":4}}},"5":{"name":"getRoleAdmin","line":115,"loc":{"start":{"line":115,"column":4},"end":{"line":117,"column":4}}},"6":{"name":"grantRole","line":129,"loc":{"start":{"line":129,"column":4},"end":{"line":131,"column":4}}},"7":{"name":"revokeRole","line":142,"loc":{"start":{"line":142,"column":4},"end":{"line":144,"column":4}}},"8":{"name":"renounceRole","line":160,"loc":{"start":{"line":160,"column":4},"end":{"line":164,"column":4}}},"9":{"name":"_setupRole","line":182,"loc":{"start":{"line":182,"column":4},"end":{"line":184,"column":4}}},"10":{"name":"_setRoleAdmin","line":191,"loc":{"start":{"line":191,"column":4},"end":{"line":195,"column":4}}},"11":{"name":"_grantRole","line":197,"loc":{"start":{"line":197,"column":4},"end":{"line":202,"column":4}}},"12":{"name":"_revokeRole","line":204,"loc":{"start":{"line":204,"column":4},"end":{"line":209,"column":4}}}},"statementMap":{"1":{"start":{"line":69,"column":8},"end":{"line":69,"column":37}},"2":{"start":{"line":77,"column":8},"end":{"line":77,"column":102}},"3":{"start":{"line":84,"column":8},"end":{"line":84,"column":44}},"4":{"start":{"line":95,"column":8},"end":{"line":95,"column":3336}},"5":{"start":{"line":96,"column":12},"end":{"line":96,"column":3383}},"6":{"start":{"line":116,"column":8},"end":{"line":116,"column":37}},"7":{"start":{"line":130,"column":8},"end":{"line":130,"column":32}},"8":{"start":{"line":143,"column":8},"end":{"line":143,"column":33}},"9":{"start":{"line":161,"column":8},"end":{"line":161,"column":90}},"10":{"start":{"line":163,"column":8},"end":{"line":163,"column":33}},"11":{"start":{"line":183,"column":8},"end":{"line":183,"column":32}},"12":{"start":{"line":192,"column":8},"end":{"line":192,"column":54}},"13":{"start":{"line":193,"column":8},"end":{"line":193,"column":41}},"14":{"start":{"line":194,"column":8},"end":{"line":194,"column":65}},"15":{"start":{"line":198,"column":8},"end":{"line":198,"column":6650}},"16":{"start":{"line":199,"column":12},"end":{"line":199,"column":47}},"17":{"start":{"line":200,"column":12},"end":{"line":200,"column":57}},"18":{"start":{"line":205,"column":8},"end":{"line":205,"column":6881}},"19":{"start":{"line":206,"column":12},"end":{"line":206,"column":48}},"20":{"start":{"line":207,"column":12},"end":{"line":207,"column":57}}},"branchMap":{"1":{"line":95,"type":"if","locations":[{"start":{"line":95,"column":8},"end":{"line":95,"column":8}},{"start":{"line":95,"column":8},"end":{"line":95,"column":8}}]},"2":{"line":161,"type":"if","locations":[{"start":{"line":161,"column":8},"end":{"line":161,"column":8}},{"start":{"line":161,"column":8},"end":{"line":161,"column":8}}]},"3":{"line":198,"type":"if","locations":[{"start":{"line":198,"column":8},"end":{"line":198,"column":8}},{"start":{"line":198,"column":8},"end":{"line":198,"column":8}}]},"4":{"line":205,"type":"if","locations":[{"start":{"line":205,"column":8},"end":{"line":205,"column":8}},{"start":{"line":205,"column":8},"end":{"line":205,"column":8}}]}}},
"contracts/@openzeppelin/contracts/access/AccessControlEnumerable.sol":{"l":{"21":0,"37":0,"45":0,"52":0,"53":0,"60":0,"61":0,"68":0,"69":0,"76":0,"77":0},"path":"/home/tabish/ahmad/factiiv/contracts/@openzeppelin/contracts/access/AccessControlEnumerable.sol","s":{"1":0,"2":0,"3":0,"4":0,"5":0,"6":0,"7":0,"8":0,"9":0,"10":0,"11":0},"b":{},"f":{"1":0,"2":0,"3":0,"4":0,"5":0,"6":0,"7":0},"fnMap":{"1":{"name":"supportsInterface","line":20,"loc":{"start":{"line":20,"column":4},"end":{"line":22,"column":4}}},"2":{"name":"getRoleMember","line":36,"loc":{"start":{"line":36,"column":4},"end":{"line":38,"column":4}}},"3":{"name":"getRoleMemberCount","line":44,"loc":{"start":{"line":44,"column":4},"end":{"line":46,"column":4}}},"4":{"name":"grantRole","line":51,"loc":{"start":{"line":51,"column":4},"end":{"line":54,"column":4}}},"5":{"name":"revokeRole","line":59,"loc":{"start":{"line":59,"column":4},"end":{"line":62,"column":4}}},"6":{"name":"renounceRole","line":67,"loc":{"start":{"line":67,"column":4},"end":{"line":70,"column":4}}},"7":{"name":"_setupRole","line":75,"loc":{"start":{"line":75,"column":4},"end":{"line":78,"column":4}}}},"statementMap":{"1":{"start":{"line":21,"column":8},"end":{"line":21,"column":112}},"2":{"start":{"line":37,"column":8},"end":{"line":37,"column":43}},"3":{"start":{"line":45,"column":8},"end":{"line":45,"column":42}},"4":{"start":{"line":52,"column":8},"end":{"line":52,"column":37}},"5":{"start":{"line":53,"column":8},"end":{"line":53,"column":38}},"6":{"start":{"line":60,"column":8},"end":{"line":60,"column":38}},"7":{"start":{"line":61,"column":8},"end":{"line":61,"column":41}},"8":{"start":{"line":68,"column":8},"end":{"line":68,"column":40}},"9":{"start":{"line":69,"column":8},"end":{"line":69,"column":41}},"10":{"start":{"line":76,"column":8},"end":{"line":76,"column":38}},"11":{"start":{"line":77,"column":8},"end":{"line":77,"column":38}}},"branchMap":{}},
"contracts/@openzeppelin/contracts/access/IAccessControl.sol":{"l":{},"path":"/home/tabish/ahmad/factiiv/contracts/@openzeppelin/contracts/access/IAccessControl.sol","s":{},"b":{},"f":{},"fnMap":{},"statementMap":{},"branchMap":{}},
"contracts/@openzeppelin/contracts/access/IAccessControlEnumerable.sol":{"l":{},"path":"/home/tabish/ahmad/factiiv/contracts/@openzeppelin/contracts/access/IAccessControlEnumerable.sol","s":{},"b":{},"f":{},"fnMap":{},"statementMap":{},"branchMap":{}},
"contracts/@openzeppelin/contracts/access/Ownable.sol":{"l":{"28":0,"35":0,"42":0,"43":0,"54":0,"62":0,"63":0,"67":0,"68":0,"69":0},"path":"/home/tabish/ahmad/factiiv/contracts/@openzeppelin/contracts/access/Ownable.sol","s":{"1":0,"2":0,"3":0,"4":0,"5":0,"6":0,"7":0,"8":0,"9":0},"b":{"1":[0,0],"2":[0,0]},"f":{"1":0,"2":0,"3":0,"4":0,"5":0,"6":0},"fnMap":{"1":{"name":"constructor","line":27,"loc":{"start":{"line":27,"column":4},"end":{"line":29,"column":4}}},"2":{"name":"owner","line":34,"loc":{"start":{"line":34,"column":4},"end":{"line":36,"column":4}}},"3":{"name":"onlyOwner","line":41,"loc":{"start":{"line":41,"column":4},"end":{"line":44,"column":4}}},"4":{"name":"renounceOwnership","line":53,"loc":{"start":{"line":53,"column":4},"end":{"line":55,"column":4}}},"5":{"name":"transferOwnership","line":61,"loc":{"start":{"line":61,"column":4},"end":{"line":64,"column":4}}},"6":{"name":"_setOwner","line":66,"loc":{"start":{"line":66,"column":4},"end":{"line":70,"column":4}}}},"statementMap":{"1":{"start":{"line":28,"column":8},"end":{"line":28,"column":30}},"2":{"start":{"line":35,"column":8},"end":{"line":35,"column":21}},"3":{"start":{"line":42,"column":8},"end":{"line":42,"column":75}},"4":{"start":{"line":54,"column":8},"end":{"line":54,"column":28}},"5":{"start":{"line":62,"column":8},"end":{"line":62,"column":80}},"6":{"start":{"line":63,"column":8},"end":{"line":63,"column":26}},"7":{"start":{"line":67,"column":8},"end":{"line":67,"column":33}},"8":{"start":{"line":68,"column":8},"end":{"line":68,"column":24}},"9":{"start":{"line":69,"column":8},"end":{"line":69,"column":53}}},"branchMap":{"1":{"line":42,"type":"if","locations":[{"start":{"line":42,"column":8},"end":{"line":42,"column":8}},{"start":{"line":42,"column":8},"end":{"line":42,"column":8}}]},"2":{"line":62,"type":"if","locations":[{"start":{"line":62,"column":8},"end":{"line":62,"column":8}},{"start":{"line":62,"column":8},"end":{"line":62,"column":8}}]}}},
"contracts/@openzeppelin/contracts/finance/PaymentSplitter.sol":{"l":{"42":0,"43":0,"45":0,"46":0,"60":0,"67":0,"74":0,"81":0,"88":0,"95":0,"103":0,"105":0,"106":0,"108":0,"110":0,"111":0,"113":0,"114":0,"123":0,"124":0,"125":0,"127":0,"128":0,"129":0,"130":0},"path":"/home/tabish/ahmad/factiiv/contracts/@openzeppelin/contracts/finance/PaymentSplitter.sol","s":{"1":0,"2":0,"3":0,"4":0,"5":0,"6":0,"7":0,"8":0,"9":0,"10":0,"11":0,"12":0,"13":0,"14":0,"15":0,"16":0,"17":0,"18":0,"19":0,"20":0,"21":0,"22":0,"23":0,"24":0},"b":{"1":[0,0],"2":[0,0],"3":[0,0],"4":[0,0],"5":[0,0],"6":[0,0],"7":[0,0]},"f":{"1":0,"2":0,"3":0,"4":0,"5":0,"6":0,"7":0,"8":0},"fnMap":{"1":{"name":"constructor","line":41,"loc":{"start":{"line":41,"column":4},"end":{"line":48,"column":4}}},"2":{"name":"totalShares","line":66,"loc":{"start":{"line":66,"column":4},"end":{"line":68,"column":4}}},"3":{"name":"totalReleased","line":73,"loc":{"start":{"line":73,"column":4},"end":{"line":75,"column":4}}},"4":{"name":"shares","line":80,"loc":{"start":{"line":80,"column":4},"end":{"line":82,"column":4}}},"5":{"name":"released","line":87,"loc":{"start":{"line":87,"column":4},"end":{"line":89,"column":4}}},"6":{"name":"payee","line":94,"loc":{"start":{"line":94,"column":4},"end":{"line":96,"column":4}}},"7":{"name":"release","line":102,"loc":{"start":{"line":102,"column":4},"end":{"line":115,"column":4}}},"8":{"name":"_addPayee","line":122,"loc":{"start":{"line":122,"column":4},"end":{"line":131,"column":4}}}},"statementMap":{"1":{"start":{"line":42,"column":8},"end":{"line":42,"column":101}},"2":{"start":{"line":43,"column":8},"end":{"line":43,"column":63}},"3":{"start":{"line":45,"column":8},"end":{"line":45,"column":2001}},"4":{"start":{"line":46,"column":12},"end":{"line":46,"column":43}},"5":{"start":{"line":67,"column":8},"end":{"line":67,"column":27}},"6":{"start":{"line":74,"column":8},"end":{"line":74,"column":29}},"7":{"start":{"line":81,"column":8},"end":{"line":81,"column":31}},"8":{"start":{"line":88,"column":8},"end":{"line":88,"column":33}},"9":{"start":{"line":95,"column":8},"end":{"line":95,"column":29}},"10":{"start":{"line":103,"column":8},"end":{"line":103,"column":78}},"11":{"start":{"line":105,"column":8},"end":{"line":105,"column":70}},"12":{"start":{"line":106,"column":8},"end":{"line":106,"column":96}},"13":{"start":{"line":108,"column":8},"end":{"line":108,"column":75}},"14":{"start":{"line":110,"column":8},"end":{"line":110,"column":56}},"15":{"start":{"line":111,"column":8},"end":{"line":111,"column":48}},"16":{"start":{"line":113,"column":8},"end":{"line":113,"column":42}},"17":{"start":{"line":114,"column":8},"end":{"line":114,"column":46}},"18":{"start":{"line":123,"column":8},"end":{"line":123,"column":85}},"19":{"start":{"line":124,"column":8},"end":{"line":124,"column":60}},"20":{"start":{"line":125,"column":8},"end":{"line":125,"column":84}},"21":{"start":{"line":127,"column":8},"end":{"line":127,"column":28}},"22":{"start":{"line":128,"column":8},"end":{"line":128,"column":33}},"23":{"start":{"line":129,"column":8},"end":{"line":129,"column":44}},"24":{"start":{"line":130,"column":8},"end":{"line":130,"column":41}}},"branchMap":{"1":{"line":42,"type":"if","locations":[{"start":{"line":42,"column":8},"end":{"line":42,"column":8}},{"start":{"line":42,"column":8},"end":{"line":42,"column":8}}]},"2":{"line":43,"type":"if","locations":[{"start":{"line":43,"column":8},"end":{"line":43,"column":8}},{"start":{"line":43,"column":8},"end":{"line":43,"column":8}}]},"3":{"line":103,"type":"if","locations":[{"start":{"line":103,"column":8},"end":{"line":103,"column":8}},{"start":{"line":103,"column":8},"end":{"line":103,"column":8}}]},"4":{"line":108,"type":"if","locations":[{"start":{"line":108,"column":8},"end":{"line":108,"column":8}},{"start":{"line":108,"column":8},"end":{"line":108,"column":8}}]},"5":{"line":123,"type":"if","locations":[{"start":{"line":123,"column":8},"end":{"line":123,"column":8}},{"start":{"line":123,"column":8},"end":{"line":123,"column":8}}]},"6":{"line":124,"type":"if","locations":[{"start":{"line":124,"column":8},"end":{"line":124,"column":8}},{"start":{"line":124,"column":8},"end":{"line":124,"column":8}}]},"7":{"line":125,"type":"if","locations":[{"start":{"line":125,"column":8},"end":{"line":125,"column":8}},{"start":{"line":125,"column":8},"end":{"line":125,"column":8}}]}}},
"contracts/@openzeppelin/contracts/governance/compatibility/GovernorCompatibilityBravo.sol":{"l":{"52":0,"65":0,"66":0,"79":0,"80":0,"87":0,"88":0,"100":0,"101":0,"110":0,"112":0,"117":0,"133":0,"135":0,"136":0,"141":0,"155":0,"156":0,"158":0,"159":0,"160":0,"161":0,"162":0,"163":0,"164":0,"165":0,"201":0,"202":0,"203":0,"204":0,"206":0,"207":0,"208":0,"209":0,"210":0,"212":0,"213":0,"214":0,"232":0,"233":0,"240":0,"247":0,"255":0,"262":0,"263":0,"270":0,"271":0,"283":0,"284":0,"286":0,"287":0,"288":0,"289":0,"291":0,"292":0,"294":0,"296":0,"298":0},"path":"/home/tabish/ahmad/factiiv/contracts/@openzeppelin/contracts/governance/compatibility/GovernorCompatibilityBravo.sol","s":{"1":0,"2":0,"3":0,"4":0,"5":0,"6":0,"7":0,"8":0,"9":0,"10":0,"11":0,"12":0,"13":0,"14":0,"15":0,"16":0,"17":0,"18":0,"19":0,"20":0,"21":0,"22":0,"23":0,"24":0,"25":0,"26":0,"27":0,"28":0,"29":0,"30":0,"31":0,"32":0,"33":0,"34":0,"35":0,"36":0,"37":0,"38":0,"39":0,"40":0,"41":0,"42":0,"43":0,"44":0,"45":0,"46":0,"47":0,"48":0,"49":0,"50":0,"51":0,"52":0,"53":0,"54":0,"55":0,"56":0,"57":0,"58":0,"59":0,"60":0},"b":{"1":[0,0],"2":[0,0],"3":[0,0],"4":[0,0],"5":[0,0],"6":[0,0]},"f":{"1":0,"2":0,"3":0,"4":0,"5":0,"6":0,"7":0,"8":0,"9":0,"10":0,"11":0,"12":0,"13":0,"14":0,"15":0,"16":0},"fnMap":{"1":{"name":"COUNTING_MODE","line":51,"loc":{"start":{"line":51,"column":4},"end":{"line":53,"column":4}}},"2":{"name":"propose","line":59,"loc":{"start":{"line":59,"column":4},"end":{"line":67,"column":4}}},"3":{"name":"propose","line":72,"loc":{"start":{"line":72,"column":4},"end":{"line":81,"column":4}}},"4":{"name":"queue","line":86,"loc":{"start":{"line":86,"column":4},"end":{"line":94,"column":4}}},"5":{"name":"execute","line":99,"loc":{"start":{"line":99,"column":4},"end":{"line":107,"column":4}}},"6":{"name":"cancel","line":109,"loc":{"start":{"line":109,"column":4},"end":{"line":123,"column":4}}},"7":{"name":"_encodeCalldata","line":128,"loc":{"start":{"line":128,"column":4},"end":{"line":142,"column":4}}},"8":{"name":"_storeProposal","line":147,"loc":{"start":{"line":147,"column":4},"end":{"line":167,"column":4}}},"9":{"name":"proposals","line":183,"loc":{"start":{"line":183,"column":4},"end":{"line":215,"column":4}}},"10":{"name":"getActions","line":220,"loc":{"start":{"line":220,"column":4},"end":{"line":234,"column":4}}},"11":{"name":"getReceipt","line":239,"loc":{"start":{"line":239,"column":4},"end":{"line":241,"column":4}}},"12":{"name":"quorumVotes","line":246,"loc":{"start":{"line":246,"column":4},"end":{"line":248,"column":4}}},"13":{"name":"hasVoted","line":254,"loc":{"start":{"line":254,"column":4},"end":{"line":256,"column":4}}},"14":{"name":"_quorumReached","line":261,"loc":{"start":{"line":261,"column":4},"end":{"line":264,"column":4}}},"15":{"name":"_voteSucceeded","line":269,"loc":{"start":{"line":269,"column":4},"end":{"line":272,"column":4}}},"16":{"name":"_countVote","line":277,"loc":{"start":{"line":277,"column":4},"end":{"line":300,"column":4}}}},"statementMap":{"1":{"start":{"line":52,"column":8},"end":{"line":52,"column":43}},"2":{"start":{"line":65,"column":8},"end":{"line":65,"column":108}},"3":{"start":{"line":66,"column":8},"end":{"line":66,"column":69}},"4":{"start":{"line":79,"column":8},"end":{"line":79,"column":88}},"5":{"start":{"line":80,"column":8},"end":{"line":80,"column":92}},"6":{"start":{"line":87,"column":8},"end":{"line":87,"column":70}},"7":{"start":{"line":88,"column":8},"end":{"line":88,"column":2911}},"8":{"start":{"line":100,"column":8},"end":{"line":100,"column":70}},"9":{"start":{"line":101,"column":8},"end":{"line":101,"column":3323}},"10":{"start":{"line":110,"column":8},"end":{"line":110,"column":70}},"11":{"start":{"line":112,"column":8},"end":{"line":112,"column":3658}},"12":{"start":{"line":117,"column":8},"end":{"line":117,"column":3857}},"13":{"start":{"line":133,"column":8},"end":{"line":133,"column":68}},"14":{"start":{"line":135,"column":8},"end":{"line":135,"column":4355}},"15":{"start":{"line":136,"column":12},"end":{"line":136,"column":4478}},"16":{"start":{"line":141,"column":8},"end":{"line":141,"column":28}},"17":{"start":{"line":155,"column":8},"end":{"line":155,"column":63}},"18":{"start":{"line":156,"column":8},"end":{"line":156,"column":115}},"19":{"start":{"line":158,"column":8},"end":{"line":158,"column":70}},"20":{"start":{"line":159,"column":8},"end":{"line":159,"column":5194}},"21":{"start":{"line":160,"column":12},"end":{"line":160,"column":38}},"22":{"start":{"line":161,"column":12},"end":{"line":161,"column":36}},"23":{"start":{"line":162,"column":12},"end":{"line":162,"column":34}},"24":{"start":{"line":163,"column":12},"end":{"line":163,"column":42}},"25":{"start":{"line":164,"column":12},"end":{"line":164,"column":40}},"26":{"start":{"line":165,"column":12},"end":{"line":165,"column":52}},"27":{"start":{"line":201,"column":8},"end":{"line":201,"column":22}},"28":{"start":{"line":202,"column":8},"end":{"line":202,"column":36}},"29":{"start":{"line":203,"column":8},"end":{"line":203,"column":48}},"30":{"start":{"line":204,"column":8},"end":{"line":204,"column":46}},"31":{"start":{"line":206,"column":8},"end":{"line":206,"column":70}},"32":{"start":{"line":207,"column":8},"end":{"line":207,"column":34}},"33":{"start":{"line":208,"column":8},"end":{"line":208,"column":34}},"34":{"start":{"line":209,"column":8},"end":{"line":209,"column":42}},"35":{"start":{"line":210,"column":8},"end":{"line":210,"column":42}},"36":{"start":{"line":212,"column":8},"end":{"line":212,"column":48}},"37":{"start":{"line":213,"column":8},"end":{"line":213,"column":50}},"38":{"start":{"line":214,"column":8},"end":{"line":214,"column":50}},"39":{"start":{"line":232,"column":8},"end":{"line":232,"column":70}},"40":{"start":{"line":233,"column":8},"end":{"line":233,"column":87}},"41":{"start":{"line":240,"column":8},"end":{"line":240,"column":59}},"42":{"start":{"line":247,"column":8},"end":{"line":247,"column":39}},"43":{"start":{"line":255,"column":8},"end":{"line":255,"column":70}},"44":{"start":{"line":262,"column":8},"end":{"line":262,"column":70}},"45":{"start":{"line":263,"column":8},"end":{"line":263,"column":70}},"46":{"start":{"line":270,"column":8},"end":{"line":270,"column":70}},"47":{"start":{"line":271,"column":8},"end":{"line":271,"column":54}},"48":{"start":{"line":283,"column":8},"end":{"line":283,"column":70}},"49":{"start":{"line":284,"column":8},"end":{"line":284,"column":59}},"50":{"start":{"line":286,"column":8},"end":{"line":286,"column":82}},"51":{"start":{"line":287,"column":8},"end":{"line":287,"column":30}},"52":{"start":{"line":288,"column":8},"end":{"line":288,"column":32}},"53":{"start":{"line":289,"column":8},"end":{"line":289,"column":48}},"54":{"start":{"line":291,"column":8},"end":{"line":291,"column":9704}},"55":{"start":{"line":292,"column":12},"end":{"line":292,"column":41}},"56":{"start":{"line":293,"column":15},"end":{"line":293,"column":9805}},"57":{"start":{"line":294,"column":12},"end":{"line":294,"column":37}},"58":{"start":{"line":295,"column":15},"end":{"line":295,"column":9898}},"59":{"start":{"line":296,"column":12},"end":{"line":296,"column":41}},"60":{"start":{"line":298,"column":12},"end":{"line":298,"column":66}}},"branchMap":{"1":{"line":112,"type":"if","locations":[{"start":{"line":112,"column":8},"end":{"line":112,"column":8}},{"start":{"line":112,"column":8},"end":{"line":112,"column":8}}]},"2":{"line":159,"type":"if","locations":[{"start":{"line":159,"column":8},"end":{"line":159,"column":8}},{"start":{"line":159,"column":8},"end":{"line":159,"column":8}}]},"3":{"line":286,"type":"if","locations":[{"start":{"line":286,"column":8},"end":{"line":286,"column":8}},{"start":{"line":286,"column":8},"end":{"line":286,"column":8}}]},"4":{"line":291,"type":"if","locations":[{"start":{"line":291,"column":8},"end":{"line":291,"column":8}},{"start":{"line":291,"column":8},"end":{"line":291,"column":8}}]},"5":{"line":293,"type":"if","locations":[{"start":{"line":293,"column":15},"end":{"line":293,"column":15}},{"start":{"line":293,"column":15},"end":{"line":293,"column":15}}]},"6":{"line":295,"type":"if","locations":[{"start":{"line":295,"column":15},"end":{"line":295,"column":15}},{"start":{"line":295,"column":15},"end":{"line":295,"column":15}}]}}},
"contracts/@openzeppelin/contracts/governance/compatibility/IGovernorCompatibilityBravo.sol":{"l":{},"path":"/home/tabish/ahmad/factiiv/contracts/@openzeppelin/contracts/governance/compatibility/IGovernorCompatibilityBravo.sol","s":{},"b":{},"f":{},"fnMap":{},"statementMap":{},"branchMap":{}},
"contracts/@openzeppelin/contracts/governance/extensions/GovernorCountingSimple.sol":{"l":{"36":0,"43":0,"59":0,"60":0,"67":0,"69":0,"76":0,"78":0,"90":0,"92":0,"93":0,"95":0,"96":0,"98":0,"100":0,"102":0},"path":"/home/tabish/ahmad/factiiv/contracts/@openzeppelin/contracts/governance/extensions/GovernorCountingSimple.sol","s":{"1":0,"2":0,"3":0,"4":0,"5":0,"6":0,"7":0,"8":0,"9":0,"10":0,"11":0,"12":0,"13":0,"14":0,"15":0,"16":0,"17":0,"18":0},"b":{"1":[0,0],"2":[0,0],"3":[0,0],"4":[0,0]},"f":{"1":0,"2":0,"3":0,"4":0,"5":0,"6":0},"fnMap":{"1":{"name":"COUNTING_MODE","line":35,"loc":{"start":{"line":35,"column":4},"end":{"line":37,"column":4}}},"2":{"name":"hasVoted","line":42,"loc":{"start":{"line":42,"column":4},"end":{"line":44,"column":4}}},"3":{"name":"proposalVotes","line":49,"loc":{"start":{"line":49,"column":4},"end":{"line":61,"column":4}}},"4":{"name":"_quorumReached","line":66,"loc":{"start":{"line":66,"column":4},"end":{"line":70,"column":4}}},"5":{"name":"_voteSucceeded","line":75,"loc":{"start":{"line":75,"column":4},"end":{"line":79,"column":4}}},"6":{"name":"_countVote","line":84,"loc":{"start":{"line":84,"column":4},"end":{"line":104,"column":4}}}},"statementMap":{"1":{"start":{"line":36,"column":8},"end":{"line":36,"column":49}},"2":{"start":{"line":43,"column":8},"end":{"line":43,"column":59}},"3":{"start":{"line":59,"column":8},"end":{"line":59,"column":70}},"4":{"start":{"line":60,"column":8},"end":{"line":60,"column":92}},"5":{"start":{"line":67,"column":8},"end":{"line":67,"column":70}},"6":{"start":{"line":69,"column":8},"end":{"line":69,"column":104}},"7":{"start":{"line":76,"column":8},"end":{"line":76,"column":70}},"8":{"start":{"line":78,"column":8},"end":{"line":78,"column":64}},"9":{"start":{"line":90,"column":8},"end":{"line":90,"column":70}},"10":{"start":{"line":92,"column":8},"end":{"line":92,"column":90}},"11":{"start":{"line":93,"column":8},"end":{"line":93,"column":44}},"12":{"start":{"line":95,"column":8},"end":{"line":95,"column":2803}},"13":{"start":{"line":96,"column":12},"end":{"line":96,"column":46}},"14":{"start":{"line":97,"column":15},"end":{"line":97,"column":2909}},"15":{"start":{"line":98,"column":12},"end":{"line":98,"column":42}},"16":{"start":{"line":99,"column":15},"end":{"line":99,"column":3007}},"17":{"start":{"line":100,"column":12},"end":{"line":100,"column":46}},"18":{"start":{"line":102,"column":12},"end":{"line":102,"column":74}}},"branchMap":{"1":{"line":92,"type":"if","locations":[{"start":{"line":92,"column":8},"end":{"line":92,"column":8}},{"start":{"line":92,"column":8},"end":{"line":92,"column":8}}]},"2":{"line":95,"type":"if","locations":[{"start":{"line":95,"column":8},"end":{"line":95,"column":8}},{"start":{"line":95,"column":8},"end":{"line":95,"column":8}}]},"3":{"line":97,"type":"if","locations":[{"start":{"line":97,"column":15},"end":{"line":97,"column":15}},{"start":{"line":97,"column":15},"end":{"line":97,"column":15}}]},"4":{"line":99,"type":"if","locations":[{"start":{"line":99,"column":15},"end":{"line":99,"column":15}},{"start":{"line":99,"column":15},"end":{"line":99,"column":15}}]}}},
"contracts/@openzeppelin/contracts/governance/extensions/GovernorProposalThreshold.sol":{"l":{"22":0,"27":0},"path":"/home/tabish/ahmad/factiiv/contracts/@openzeppelin/contracts/governance/extensions/GovernorProposalThreshold.sol","s":{"1":0,"2":0},"b":{"1":[0,0]},"f":{"1":0},"fnMap":{"1":{"name":"propose","line":16,"loc":{"start":{"line":16,"column":4},"end":{"line":28,"column":4}}}},"statementMap":{"1":{"start":{"line":22,"column":8},"end":{"line":22,"column":556}},"2":{"start":{"line":27,"column":8},"end":{"line":27,"column":69}}},"branchMap":{"1":{"line":22,"type":"if","locations":[{"start":{"line":22,"column":8},"end":{"line":22,"column":8}},{"start":{"line":22,"column":8},"end":{"line":22,"column":8}}]}}},
"contracts/@openzeppelin/contracts/governance/extensions/GovernorTimelockCompound.sol":{"l":{"96":0,"103":0,"110":0,"112":0,"113":0,"116":0,"117":0,"118":0,"120":0,"122":0,"130":0,"137":0,"149":0,"151":0,"153":0,"154":0,"155":0,"156":0,"160":0,"163":0,"165":0,"178":0,"179":0,"180":0,"181":0,"195":0,"197":0,"198":0,"199":0,"200":0,"202":0,"205":0,"212":0,"220":0,"235":0,"239":0,"240":0},"path":"/home/tabish/ahmad/factiiv/contracts/@openzeppelin/contracts/governance/extensions/GovernorTimelockCompound.sol","s":{"1":0,"2":0,"3":0,"4":0,"5":0,"6":0,"7":0,"8":0,"9":0,"10":0,"11":0,"12":0,"13":0,"14":0,"15":0,"16":0,"17":0,"18":0,"19":0,"20":0,"21":0,"22":0,"23":0,"24":0,"25":0,"26":0,"27":0,"28":0,"29":0,"30":0,"31":0,"32":0,"33":0,"34":0,"35":0,"36":0,"37":0,"38":0},"b":{"1":[0,0],"2":[0,0],"3":[0,0],"4":[0,0],"5":[0,0],"6":[0,0],"7":[0,0]},"f":{"1":0,"2":0,"3":0,"4":0,"5":0,"6":0,"7":0,"8":0,"9":0,"10":0,"11":0,"12":0},"fnMap":{"1":{"name":"constructor","line":95,"loc":{"start":{"line":95,"column":4},"end":{"line":97,"column":4}}},"2":{"name":"supportsInterface","line":102,"loc":{"start":{"line":102,"column":4},"end":{"line":104,"column":4}}},"3":{"name":"state","line":109,"loc":{"start":{"line":109,"column":4},"end":{"line":124,"column":4}}},"4":{"name":"timelock","line":129,"loc":{"start":{"line":129,"column":4},"end":{"line":131,"column":4}}},"5":{"name":"proposalEta","line":136,"loc":{"start":{"line":136,"column":4},"end":{"line":138,"column":4}}},"6":{"name":"queue","line":143,"loc":{"start":{"line":143,"column":4},"end":{"line":166,"column":4}}},"7":{"name":"_execute","line":171,"loc":{"start":{"line":171,"column":4},"end":{"line":183,"column":4}}},"8":{"name":"_cancel","line":189,"loc":{"start":{"line":189,"column":4},"end":{"line":206,"column":4}}},"9":{"name":"_executor","line":211,"loc":{"start":{"line":211,"column":4},"end":{"line":213,"column":4}}},"10":{"name":"__acceptAdmin","line":219,"loc":{"start":{"line":219,"column":4},"end":{"line":221,"column":4}}},"11":{"name":"updateTimelock","line":234,"loc":{"start":{"line":234,"column":4},"end":{"line":236,"column":4}}},"12":{"name":"_updateTimelock","line":238,"loc":{"start":{"line":238,"column":4},"end":{"line":241,"column":4}}}},"statementMap":{"1":{"start":{"line":96,"column":8},"end":{"line":96,"column":39}},"2":{"start":{"line":103,"column":8},"end":{"line":103,"column":105}},"3":{"start":{"line":110,"column":8},"end":{"line":110,"column":54}},"4":{"start":{"line":112,"column":8},"end":{"line":112,"column":3632}},"5":{"start":{"line":113,"column":12},"end":{"line":113,"column":25}},"6":{"start":{"line":116,"column":8},"end":{"line":116,"column":45}},"7":{"start":{"line":117,"column":8},"end":{"line":117,"column":3766}},"8":{"start":{"line":118,"column":12},"end":{"line":118,"column":25}},"9":{"start":{"line":119,"column":15},"end":{"line":119,"column":3824}},"10":{"start":{"line":120,"column":12},"end":{"line":120,"column":40}},"11":{"start":{"line":122,"column":12},"end":{"line":122,"column":39}},"12":{"start":{"line":130,"column":8},"end":{"line":130,"column":33}},"13":{"start":{"line":137,"column":8},"end":{"line":137,"column":65}},"14":{"start":{"line":149,"column":8},"end":{"line":149,"column":86}},"15":{"start":{"line":151,"column":8},"end":{"line":151,"column":97}},"16":{"start":{"line":153,"column":8},"end":{"line":153,"column":57}},"17":{"start":{"line":154,"column":8},"end":{"line":154,"column":71}},"18":{"start":{"line":155,"column":8},"end":{"line":155,"column":5052}},"19":{"start":{"line":156,"column":12},"end":{"line":156,"column":5115}},"20":{"start":{"line":160,"column":12},"end":{"line":160,"column":83}},"21":{"start":{"line":163,"column":8},"end":{"line":163,"column":44}},"22":{"start":{"line":165,"column":8},"end":{"line":165,"column":25}},"23":{"start":{"line":178,"column":8},"end":{"line":178,"column":45}},"24":{"start":{"line":179,"column":8},"end":{"line":179,"column":76}},"25":{"start":{"line":180,"column":8},"end":{"line":180,"column":5984}},"26":{"start":{"line":181,"column":12},"end":{"line":181,"column":103}},"27":{"start":{"line":195,"column":8},"end":{"line":195,"column":87}},"28":{"start":{"line":197,"column":8},"end":{"line":197,"column":45}},"29":{"start":{"line":198,"column":8},"end":{"line":198,"column":6658}},"30":{"start":{"line":199,"column":12},"end":{"line":199,"column":6689}},"31":{"start":{"line":200,"column":16},"end":{"line":200,"column":88}},"32":{"start":{"line":202,"column":12},"end":{"line":202,"column":55}},"33":{"start":{"line":205,"column":8},"end":{"line":205,"column":25}},"34":{"start":{"line":212,"column":8},"end":{"line":212,"column":33}},"35":{"start":{"line":220,"column":8},"end":{"line":220,"column":30}},"36":{"start":{"line":235,"column":8},"end":{"line":235,"column":35}},"37":{"start":{"line":239,"column":8},"end":{"line":239,"column":69}},"38":{"start":{"line":240,"column":8},"end":{"line":240,"column":30}}},"branchMap":{"1":{"line":112,"type":"if","locations":[{"start":{"line":112,"column":8},"end":{"line":112,"column":8}},{"start":{"line":112,"column":8},"end":{"line":112,"column":8}}]},"2":{"line":117,"type":"if","locations":[{"start":{"line":117,"column":8},"end":{"line":117,"column":8}},{"start":{"line":117,"column":8},"end":{"line":117,"column":8}}]},"3":{"line":119,"type":"if","locations":[{"start":{"line":119,"column":15},"end":{"line":119,"column":15}},{"start":{"line":119,"column":15},"end":{"line":119,"column":15}}]},"4":{"line":151,"type":"if","locations":[{"start":{"line":151,"column":8},"end":{"line":151,"column":8}},{"start":{"line":151,"column":8},"end":{"line":151,"column":8}}]},"5":{"line":156,"type":"if","locations":[{"start":{"line":156,"column":12},"end":{"line":156,"column":12}},{"start":{"line":156,"column":12},"end":{"line":156,"column":12}}]},"6":{"line":179,"type":"if","locations":[{"start":{"line":179,"column":8},"end":{"line":179,"column":8}},{"start":{"line":179,"column":8},"end":{"line":179,"column":8}}]},"7":{"line":198,"type":"if","locations":[{"start":{"line":198,"column":8},"end":{"line":198,"column":8}},{"start":{"line":198,"column":8},"end":{"line":198,"column":8}}]}}},
"contracts/@openzeppelin/contracts/governance/extensions/GovernorTimelockControl.sol":{"l":{"33":0,"40":0,"47":0,"49":0,"50":0,"54":0,"55":0,"56":0,"58":0,"60":0,"68":0,"75":0,"76":0,"88":0,"90":0,"92":0,"93":0,"94":0,"96":0,"98":0,"111":0,"124":0,"126":0,"127":0,"128":0,"131":0,"138":0,"146":0,"150":0,"151":0},"path":"/home/tabish/ahmad/factiiv/contracts/@openzeppelin/contracts/governance/extensions/GovernorTimelockControl.sol","s":{"1":0,"2":0,"3":0,"4":0,"5":0,"6":0,"7":0,"8":0,"9":0,"10":0,"11":0,"12":0,"13":0,"14":0,"15":0,"16":0,"17":0,"18":0,"19":0,"20":0,"21":0,"22":0,"23":0,"24":0,"25":0,"26":0,"27":0,"28":0,"29":0,"30":0},"b":{"1":[0,0],"2":[0,0],"3":[0,0],"4":[0,0],"5":[0,0]},"f":{"1":0,"2":0,"3":0,"4":0,"5":0,"6":0,"7":0,"8":0,"9":0,"10":0,"11":0},"fnMap":{"1":{"name":"constructor","line":32,"loc":{"start":{"line":32,"column":4},"end":{"line":34,"column":4}}},"2":{"name":"supportsInterface","line":39,"loc":{"start":{"line":39,"column":4},"end":{"line":41,"column":4}}},"3":{"name":"state","line":46,"loc":{"start":{"line":46,"column":4},"end":{"line":62,"column":4}}},"4":{"name":"timelock","line":67,"loc":{"start":{"line":67,"column":4},"end":{"line":69,"column":4}}},"5":{"name":"proposalEta","line":74,"loc":{"start":{"line":74,"column":4},"end":{"line":77,"column":4}}},"6":{"name":"queue","line":82,"loc":{"start":{"line":82,"column":4},"end":{"line":99,"column":4}}},"7":{"name":"_execute","line":104,"loc":{"start":{"line":104,"column":4},"end":{"line":112,"column":4}}},"8":{"name":"_cancel","line":118,"loc":{"start":{"line":118,"column":4},"end":{"line":132,"column":4}}},"9":{"name":"_executor","line":137,"loc":{"start":{"line":137,"column":4},"end":{"line":139,"column":4}}},"10":{"name":"updateTimelock","line":145,"loc":{"start":{"line":145,"column":4},"end":{"line":147,"column":4}}},"11":{"name":"_updateTimelock","line":149,"loc":{"start":{"line":149,"column":4},"end":{"line":152,"column":4}}}},"statementMap":{"1":{"start":{"line":33,"column":8},"end":{"line":33,"column":39}},"2":{"start":{"line":40,"column":8},"end":{"line":40,"column":105}},"3":{"start":{"line":47,"column":8},"end":{"line":47,"column":54}},"4":{"start":{"line":49,"column":8},"end":{"line":49,"column":1881}},"5":{"start":{"line":50,"column":12},"end":{"line":50,"column":25}},"6":{"start":{"line":54,"column":8},"end":{"line":54,"column":50}},"7":{"start":{"line":55,"column":8},"end":{"line":55,"column":2120}},"8":{"start":{"line":56,"column":12},"end":{"line":56,"column":25}},"9":{"start":{"line":57,"column":15},"end":{"line":57,"column":2191}},"10":{"start":{"line":58,"column":12},"end":{"line":58,"column":41}},"11":{"start":{"line":60,"column":12},"end":{"line":60,"column":39}},"12":{"start":{"line":68,"column":8},"end":{"line":68,"column":33}},"13":{"start":{"line":75,"column":8},"end":{"line":75,"column":70}},"14":{"start":{"line":76,"column":8},"end":{"line":76,"column":33}},"15":{"start":{"line":88,"column":8},"end":{"line":88,"column":86}},"16":{"start":{"line":90,"column":8},"end":{"line":90,"column":97}},"17":{"start":{"line":92,"column":8},"end":{"line":92,"column":47}},"18":{"start":{"line":93,"column":8},"end":{"line":93,"column":110}},"19":{"start":{"line":94,"column":8},"end":{"line":94,"column":85}},"20":{"start":{"line":96,"column":8},"end":{"line":96,"column":64}},"21":{"start":{"line":98,"column":8},"end":{"line":98,"column":25}},"22":{"start":{"line":111,"column":8},"end":{"line":111,"column":95}},"23":{"start":{"line":124,"column":8},"end":{"line":124,"column":87}},"24":{"start":{"line":126,"column":8},"end":{"line":126,"column":4613}},"25":{"start":{"line":127,"column":12},"end":{"line":127,"column":53}},"26":{"start":{"line":131,"column":8},"end":{"line":131,"column":25}},"27":{"start":{"line":138,"column":8},"end":{"line":138,"column":33}},"28":{"start":{"line":146,"column":8},"end":{"line":146,"column":35}},"29":{"start":{"line":150,"column":8},"end":{"line":150,"column":69}},"30":{"start":{"line":151,"column":8},"end":{"line":151,"column":30}}},"branchMap":{"1":{"line":49,"type":"if","locations":[{"start":{"line":49,"column":8},"end":{"line":49,"column":8}},{"start":{"line":49,"column":8},"end":{"line":49,"column":8}}]},"2":{"line":55,"type":"if","locations":[{"start":{"line":55,"column":8},"end":{"line":55,"column":8}},{"start":{"line":55,"column":8},"end":{"line":55,"column":8}}]},"3":{"line":57,"type":"if","locations":[{"start":{"line":57,"column":15},"end":{"line":57,"column":15}},{"start":{"line":57,"column":15},"end":{"line":57,"column":15}}]},"4":{"line":90,"type":"if","locations":[{"start":{"line":90,"column":8},"end":{"line":90,"column":8}},{"start":{"line":90,"column":8},"end":{"line":90,"column":8}}]},"5":{"line":126,"type":"if","locations":[{"start":{"line":126,"column":8},"end":{"line":126,"column":8}},{"start":{"line":126,"column":8},"end":{"line":126,"column":8}}]}}},
"contracts/@openzeppelin/contracts/governance/extensions/GovernorVotes.sol":{"l":{"18":0,"25":0},"path":"/home/tabish/ahmad/factiiv/contracts/@openzeppelin/contracts/governance/extensions/GovernorVotes.sol","s":{"1":0,"2":0},"b":{},"f":{"1":0,"2":0},"fnMap":{"1":{"name":"constructor","line":17,"loc":{"start":{"line":17,"column":4},"end":{"line":19,"column":4}}},"2":{"name":"getVotes","line":24,"loc":{"start":{"line":24,"column":4},"end":{"line":26,"column":4}}}},"statementMap":{"1":{"start":{"line":18,"column":8},"end":{"line":18,"column":27}},"2":{"start":{"line":25,"column":8},"end":{"line":25,"column":55}}},"branchMap":{}},
"contracts/@openzeppelin/contracts/governance/extensions/GovernorVotesComp.sol":{"l":{"17":0,"24":0},"path":"/home/tabish/ahmad/factiiv/contracts/@openzeppelin/contracts/governance/extensions/GovernorVotesComp.sol","s":{"1":0,"2":0},"b":{},"f":{"1":0,"2":0},"fnMap":{"1":{"name":"constructor","line":16,"loc":{"start":{"line":16,"column":4},"end":{"line":18,"column":4}}},"2":{"name":"getVotes","line":23,"loc":{"start":{"line":23,"column":4},"end":{"line":25,"column":4}}}},"statementMap":{"1":{"start":{"line":17,"column":8},"end":{"line":17,"column":21}},"2":{"start":{"line":24,"column":8},"end":{"line":24,"column":56}}},"branchMap":{}},
"contracts/@openzeppelin/contracts/governance/extensions/GovernorVotesQuorumFraction.sol":{"l":{"19":0,"23":0,"27":0,"31":0,"35":0,"39":0,"44":0,"45":0,"47":0},"path":"/home/tabish/ahmad/factiiv/contracts/@openzeppelin/contracts/governance/extensions/GovernorVotesQuorumFraction.sol","s":{"1":0,"2":0,"3":0,"4":0,"5":0,"6":0,"7":0,"8":0,"9":0},"b":{"1":[0,0]},"f":{"1":0,"2":0,"3":0,"4":0,"5":0,"6":0},"fnMap":{"1":{"name":"constructor","line":18,"loc":{"start":{"line":18,"column":4},"end":{"line":20,"column":4}}},"2":{"name":"quorumNumerator","line":22,"loc":{"start":{"line":22,"column":4},"end":{"line":24,"column":4}}},"3":{"name":"quorumDenominator","line":26,"loc":{"start":{"line":26,"column":4},"end":{"line":28,"column":4}}},"4":{"name":"quorum","line":30,"loc":{"start":{"line":30,"column":4},"end":{"line":32,"column":4}}},"5":{"name":"updateQuorumNumerator","line":34,"loc":{"start":{"line":34,"column":4},"end":{"line":36,"column":4}}},"6":{"name":"_updateQuorumNumerator","line":38,"loc":{"start":{"line":38,"column":4},"end":{"line":48,"column":4}}}},"statementMap":{"1":{"start":{"line":19,"column":8},"end":{"line":19,"column":51}},"2":{"start":{"line":23,"column":8},"end":{"line":23,"column":31}},"3":{"start":{"line":27,"column":8},"end":{"line":27,"column":18}},"4":{"start":{"line":31,"column":8},"end":{"line":31,"column":96}},"5":{"start":{"line":35,"column":8},"end":{"line":35,"column":49}},"6":{"start":{"line":39,"column":8},"end":{"line":39,"column":1242}},"7":{"start":{"line":44,"column":8},"end":{"line":44,"column":53}},"8":{"start":{"line":45,"column":8},"end":{"line":45,"column":44}},"9":{"start":{"line":47,"column":8},"end":{"line":47,"column":75}}},"branchMap":{"1":{"line":39,"type":"if","locations":[{"start":{"line":39,"column":8},"end":{"line":39,"column":8}},{"start":{"line":39,"column":8},"end":{"line":39,"column":8}}]}}},
"contracts/@openzeppelin/contracts/governance/extensions/IGovernorTimelock.sol":{"l":{},"path":"/home/tabish/ahmad/factiiv/contracts/@openzeppelin/contracts/governance/extensions/IGovernorTimelock.sol","s":{},"b":{},"f":{},"fnMap":{},"statementMap":{},"branchMap":{}},
"contracts/@openzeppelin/contracts/governance/Governor.sol":{"l":{"47":0,"48":0,"55":0,"62":0,"69":0,"76":0,"98":0,"105":0,"107":0,"108":0,"110":0,"112":0,"114":0,"116":0,"121":0,"129":0,"136":0,"170":0,"172":0,"173":0,"174":0,"176":0,"177":0,"179":0,"180":0,"182":0,"183":0,"185":0,"197":0,"209":0,"211":0,"212":0,"216":0,"218":0,"220":0,"222":0,"235":0,"236":0,"237":0,"238":0,"254":0,"255":0,"257":0,"261":0,"263":0,"265":0,"272":0,"273":0,"284":0,"285":0,"298":0,"304":0,"319":0,"320":0,"322":0,"323":0,"325":0,"327":0,"335":0},"path":"/home/tabish/ahmad/factiiv/contracts/@openzeppelin/contracts/governance/Governor.sol","s":{"1":0,"2":0,"3":0,"4":0,"5":0,"6":0,"7":0,"8":0,"9":0,"10":0,"11":0,"12":0,"13":0,"14":0,"15":0,"16":0,"17":0,"18":0,"19":0,"20":0,"21":0,"22":0,"23":0,"24":0,"25":0,"26":0,"27":0,"28":0,"29":0,"30":0,"31":0,"32":0,"33":0,"34":0,"35":0,"36":0,"37":0,"38":0,"39":0,"40":0,"41":0,"42":0,"43":0,"44":0,"45":0,"46":0,"47":0,"48":0,"49":0,"50":0,"51":0,"52":0,"53":0,"54":0,"55":0,"56":0,"57":0,"58":0,"59":0,"60":0,"61":0,"62":0},"b":{"1":[0,0],"2":[0,0],"3":[0,0],"4":[0,0],"5":[0,0],"6":[0,0],"7":[0,0],"8":[0,0],"9":[0,0],"10":[0,0],"11":[0,0],"12":[0,0],"13":[0,0]},"f":{"1":0,"2":0,"3":0,"4":0,"5":0,"6":0,"7":0,"8":0,"9":0,"10":0,"11":0,"12":0,"13":0,"14":0,"15":0,"16":0,"17":0,"18":0},"fnMap":{"1":{"name":"onlyGovernance","line":46,"loc":{"start":{"line":46,"column":4},"end":{"line":49,"column":4}}},"2":{"name":"constructor","line":54,"loc":{"start":{"line":54,"column":4},"end":{"line":56,"column":4}}},"3":{"name":"supportsInterface","line":61,"loc":{"start":{"line":61,"column":4},"end":{"line":63,"column":4}}},"4":{"name":"name","line":68,"loc":{"start":{"line":68,"column":4},"end":{"line":70,"column":4}}},"5":{"name":"version","line":75,"loc":{"start":{"line":75,"column":4},"end":{"line":77,"column":4}}},"6":{"name":"hashProposal","line":92,"loc":{"start":{"line":92,"column":4},"end":{"line":99,"column":4}}},"7":{"name":"state","line":104,"loc":{"start":{"line":104,"column":4},"end":{"line":123,"column":4}}},"8":{"name":"proposalSnapshot","line":128,"loc":{"start":{"line":128,"column":4},"end":{"line":130,"column":4}}},"9":{"name":"proposalDeadline","line":135,"loc":{"start":{"line":135,"column":4},"end":{"line":137,"column":4}}},"10":{"name":"propose","line":164,"loc":{"start":{"line":164,"column":4},"end":{"line":198,"column":4}}},"11":{"name":"execute","line":203,"loc":{"start":{"line":203,"column":4},"end":{"line":223,"column":4}}},"12":{"name":"_execute","line":228,"loc":{"start":{"line":228,"column":4},"end":{"line":240,"column":4}}},"13":{"name":"_cancel","line":248,"loc":{"start":{"line":248,"column":4},"end":{"line":266,"column":4}}},"14":{"name":"castVote","line":271,"loc":{"start":{"line":271,"column":4},"end":{"line":274,"column":4}}},"15":{"name":"castVoteWithReason","line":279,"loc":{"start":{"line":279,"column":4},"end":{"line":286,"column":4}}},"16":{"name":"castVoteBySig","line":291,"loc":{"start":{"line":291,"column":4},"end":{"line":305,"column":4}}},"17":{"name":"_castVote","line":313,"loc":{"start":{"line":313,"column":4},"end":{"line":328,"column":4}}},"18":{"name":"_executor","line":334,"loc":{"start":{"line":334,"column":4},"end":{"line":336,"column":4}}}},"statementMap":{"1":{"start":{"line":47,"column":8},"end":{"line":47,"column":71}},"2":{"start":{"line":55,"column":8},"end":{"line":55,"column":20}},"3":{"start":{"line":62,"column":8},"end":{"line":62,"column":97}},"4":{"start":{"line":69,"column":8},"end":{"line":69,"column":20}},"5":{"start":{"line":76,"column":8},"end":{"line":76,"column":18}},"6":{"start":{"line":98,"column":8},"end":{"line":98,"column":90}},"7":{"start":{"line":105,"column":8},"end":{"line":105,"column":61}},"8":{"start":{"line":107,"column":8},"end":{"line":107,"column":3826}},"9":{"start":{"line":108,"column":12},"end":{"line":108,"column":41}},"10":{"start":{"line":109,"column":15},"end":{"line":109,"column":3909}},"11":{"start":{"line":110,"column":12},"end":{"line":110,"column":41}},"12":{"start":{"line":111,"column":15},"end":{"line":111,"column":3992}},"13":{"start":{"line":112,"column":12},"end":{"line":112,"column":40}},"14":{"start":{"line":113,"column":15},"end":{"line":113,"column":4087}},"15":{"start":{"line":114,"column":12},"end":{"line":114,"column":39}},"16":{"start":{"line":115,"column":15},"end":{"line":115,"column":4179}},"17":{"start":{"line":116,"column":12},"end":{"line":116,"column":4263}},"18":{"start":{"line":121,"column":12},"end":{"line":121,"column":50}},"19":{"start":{"line":129,"column":8},"end":{"line":129,"column":61}},"20":{"start":{"line":136,"column":8},"end":{"line":136,"column":59}},"21":{"start":{"line":170,"column":8},"end":{"line":170,"column":100}},"22":{"start":{"line":172,"column":8},"end":{"line":172,"column":84}},"23":{"start":{"line":173,"column":8},"end":{"line":173,"column":87}},"24":{"start":{"line":174,"column":8},"end":{"line":174,"column":62}},"25":{"start":{"line":176,"column":8},"end":{"line":176,"column":62}},"26":{"start":{"line":177,"column":8},"end":{"line":177,"column":81}},"27":{"start":{"line":179,"column":8},"end":{"line":179,"column":76}},"28":{"start":{"line":180,"column":8},"end":{"line":180,"column":62}},"29":{"start":{"line":182,"column":8},"end":{"line":182,"column":47}},"30":{"start":{"line":183,"column":8},"end":{"line":183,"column":45}},"31":{"start":{"line":185,"column":8},"end":{"line":185,"column":6616}},"32":{"start":{"line":197,"column":8},"end":{"line":197,"column":25}},"33":{"start":{"line":209,"column":8},"end":{"line":209,"column":86}},"34":{"start":{"line":211,"column":8},"end":{"line":211,"column":48}},"35":{"start":{"line":212,"column":8},"end":{"line":212,"column":7320}},"36":{"start":{"line":216,"column":8},"end":{"line":216,"column":45}},"37":{"start":{"line":218,"column":8},"end":{"line":218,"column":41}},"38":{"start":{"line":220,"column":8},"end":{"line":220,"column":72}},"39":{"start":{"line":222,"column":8},"end":{"line":222,"column":25}},"40":{"start":{"line":235,"column":8},"end":{"line":235,"column":78}},"41":{"start":{"line":236,"column":8},"end":{"line":236,"column":8097}},"42":{"start":{"line":237,"column":12},"end":{"line":237,"column":101}},"43":{"start":{"line":238,"column":12},"end":{"line":238,"column":70}},"44":{"start":{"line":254,"column":8},"end":{"line":254,"column":86}},"45":{"start":{"line":255,"column":8},"end":{"line":255,"column":48}},"46":{"start":{"line":257,"column":8},"end":{"line":257,"column":8943}},"47":{"start":{"line":261,"column":8},"end":{"line":261,"column":45}},"48":{"start":{"line":263,"column":8},"end":{"line":263,"column":41}},"49":{"start":{"line":265,"column":8},"end":{"line":265,"column":25}},"50":{"start":{"line":272,"column":8},"end":{"line":272,"column":36}},"51":{"start":{"line":273,"column":8},"end":{"line":273,"column":56}},"52":{"start":{"line":284,"column":8},"end":{"line":284,"column":36}},"53":{"start":{"line":285,"column":8},"end":{"line":285,"column":60}},"54":{"start":{"line":298,"column":8},"end":{"line":298,"column":10096}},"55":{"start":{"line":304,"column":8},"end":{"line":304,"column":56}},"56":{"start":{"line":319,"column":8},"end":{"line":319,"column":62}},"57":{"start":{"line":320,"column":8},"end":{"line":320,"column":96}},"58":{"start":{"line":322,"column":8},"end":{"line":322,"column":76}},"59":{"start":{"line":323,"column":8},"end":{"line":323,"column":55}},"60":{"start":{"line":325,"column":8},"end":{"line":325,"column":67}},"61":{"start":{"line":327,"column":8},"end":{"line":327,"column":21}},"62":{"start":{"line":335,"column":8},"end":{"line":335,"column":28}}},"branchMap":{"1":{"line":47,"type":"if","locations":[{"start":{"line":47,"column":8},"end":{"line":47,"column":8}},{"start":{"line":47,"column":8},"end":{"line":47,"column":8}}]},"2":{"line":107,"type":"if","locations":[{"start":{"line":107,"column":8},"end":{"line":107,"column":8}},{"start":{"line":107,"column":8},"end":{"line":107,"column":8}}]},"3":{"line":109,"type":"if","locations":[{"start":{"line":109,"column":15},"end":{"line":109,"column":15}},{"start":{"line":109,"column":15},"end":{"line":109,"column":15}}]},"4":{"line":111,"type":"if","locations":[{"start":{"line":111,"column":15},"end":{"line":111,"column":15}},{"start":{"line":111,"column":15},"end":{"line":111,"column":15}}]},"5":{"line":113,"type":"if","locations":[{"start":{"line":113,"column":15},"end":{"line":113,"column":15}},{"start":{"line":113,"column":15},"end":{"line":113,"column":15}}]},"6":{"line":115,"type":"if","locations":[{"start":{"line":115,"column":15},"end":{"line":115,"column":15}},{"start":{"line":115,"column":15},"end":{"line":115,"column":15}}]},"7":{"line":172,"type":"if","locations":[{"start":{"line":172,"column":8},"end":{"line":172,"column":8}},{"start":{"line":172,"column":8},"end":{"line":172,"column":8}}]},"8":{"line":173,"type":"if","locations":[{"start":{"line":173,"column":8},"end":{"line":173,"column":8}},{"start":{"line":173,"column":8},"end":{"line":173,"column":8}}]},"9":{"line":174,"type":"if","locations":[{"start":{"line":174,"column":8},"end":{"line":174,"column":8}},{"start":{"line":174,"column":8},"end":{"line":174,"column":8}}]},"10":{"line":177,"type":"if","locations":[{"start":{"line":177,"column":8},"end":{"line":177,"column":8}},{"start":{"line":177,"column":8},"end":{"line":177,"column":8}}]},"11":{"line":212,"type":"if","locations":[{"start":{"line":212,"column":8},"end":{"line":212,"column":8}},{"start":{"line":212,"column":8},"end":{"line":212,"column":8}}]},"12":{"line":257,"type":"if","locations":[{"start":{"line":257,"column":8},"end":{"line":257,"column":8}},{"start":{"line":257,"column":8},"end":{"line":257,"column":8}}]},"13":{"line":320,"type":"if","locations":[{"start":{"line":320,"column":8},"end":{"line":320,"column":8}},{"start":{"line":320,"column":8},"end":{"line":320,"column":8}}]}}},
"contracts/@openzeppelin/contracts/governance/IGovernor.sol":{"l":{},"path":"/home/tabish/ahmad/factiiv/contracts/@openzeppelin/contracts/governance/IGovernor.sol","s":{},"b":{},"f":{},"fnMap":{},"statementMap":{},"branchMap":{}},
"contracts/@openzeppelin/contracts/governance/TimelockController.sol":{"l":{"67":0,"68":0,"69":0,"72":0,"73":0,"76":0,"77":0,"81":0,"82":0,"85":0,"86":0,"96":0,"97":0,"99":0,"112":0,"119":0,"126":0,"127":0,"134":0,"142":0,"151":0,"165":0,"179":0,"199":0,"200":0,"201":0,"221":0,"222":0,"224":0,"225":0,"226":0,"227":0,"235":0,"236":0,"237":0,"248":0,"249":0,"251":0,"270":0,"271":0,"272":0,"273":0,"292":0,"293":0,"295":0,"296":0,"297":0,"298":0,"300":0,"307":0,"308":0,"315":0,"316":0,"331":0,"332":0,"334":0,"348":0,"349":0,"350":0},"path":"/home/tabish/ahmad/factiiv/contracts/@openzeppelin/contracts/governance/TimelockController.sol","s":{"1":0,"2":0,"3":0,"4":0,"5":0,"6":0,"7":0,"8":0,"9":0,"10":0,"11":0,"12":0,"13":0,"14":0,"15":0,"16":0,"17":0,"18":0,"19":0,"20":0,"21":0,"22":0,"23":0,"24":0,"25":0,"26":0,"27":0,"28":0,"29":0,"30":0,"31":0,"32":0,"33":0,"34":0,"35":0,"36":0,"37":0,"38":0,"39":0,"40":0,"41":0,"42":0,"43":0,"44":0,"45":0,"46":0,"47":0,"48":0,"49":0,"50":0,"51":0,"52":0,"53":0,"54":0,"55":0,"56":0,"57":0},"b":{"1":[0,0],"2":[0,0],"3":[0,0],"4":[0,0],"5":[0,0],"6":[0,0],"7":[0,0],"8":[0,0],"9":[0,0],"10":[0,0],"11":[0,0],"12":[0,0],"13":[0,0]},"f":{"1":0,"2":0,"3":0,"4":0,"5":0,"6":0,"7":0,"8":0,"9":0,"10":0,"11":0,"12":0,"13":0,"14":0,"15":0,"16":0,"17":0,"18":0,"19":0,"20":0},"fnMap":{"1":{"name":"constructor","line":62,"loc":{"start":{"line":62,"column":4},"end":{"line":87,"column":4}}},"2":{"name":"onlyRoleOrOpenRole","line":95,"loc":{"start":{"line":95,"column":4},"end":{"line":100,"column":4}}},"3":{"name":"isOperation","line":111,"loc":{"start":{"line":111,"column":4},"end":{"line":113,"column":4}}},"4":{"name":"isOperationPending","line":118,"loc":{"start":{"line":118,"column":4},"end":{"line":120,"column":4}}},"5":{"name":"isOperationReady","line":125,"loc":{"start":{"line":125,"column":4},"end":{"line":128,"column":4}}},"6":{"name":"isOperationDone","line":133,"loc":{"start":{"line":133,"column":4},"end":{"line":135,"column":4}}},"7":{"name":"getTimestamp","line":141,"loc":{"start":{"line":141,"column":4},"end":{"line":143,"column":4}}},"8":{"name":"getMinDelay","line":150,"loc":{"start":{"line":150,"column":4},"end":{"line":152,"column":4}}},"9":{"name":"hashOperation","line":158,"loc":{"start":{"line":158,"column":4},"end":{"line":166,"column":4}}},"10":{"name":"hashOperationBatch","line":172,"loc":{"start":{"line":172,"column":4},"end":{"line":180,"column":4}}},"11":{"name":"schedule","line":198,"loc":{"start":{"line":191,"column":4},"end":{"line":202,"column":4}}},"12":{"name":"scheduleBatch","line":220,"loc":{"start":{"line":213,"column":4},"end":{"line":229,"column":4}}},"13":{"name":"_schedule","line":234,"loc":{"start":{"line":234,"column":4},"end":{"line":238,"column":4}}},"14":{"name":"cancel","line":247,"loc":{"start":{"line":247,"column":4},"end":{"line":252,"column":4}}},"15":{"name":"execute","line":269,"loc":{"start":{"line":263,"column":4},"end":{"line":274,"column":4}}},"16":{"name":"executeBatch","line":291,"loc":{"start":{"line":285,"column":4},"end":{"line":301,"column":4}}},"17":{"name":"_beforeCall","line":306,"loc":{"start":{"line":306,"column":4},"end":{"line":309,"column":4}}},"18":{"name":"_afterCall","line":314,"loc":{"start":{"line":314,"column":4},"end":{"line":317,"column":4}}},"19":{"name":"_call","line":324,"loc":{"start":{"line":324,"column":4},"end":{"line":335,"column":4}}},"20":{"name":"updateDelay","line":347,"loc":{"start":{"line":347,"column":4},"end":{"line":351,"column":4}}}},"statementMap":{"1":{"start":{"line":67,"column":8},"end":{"line":67,"column":62}},"2":{"start":{"line":68,"column":8},"end":{"line":68,"column":56}},"3":{"start":{"line":69,"column":8},"end":{"line":69,"column":56}},"4":{"start":{"line":72,"column":8},"end":{"line":72,"column":52}},"5":{"start":{"line":73,"column":8},"end":{"line":73,"column":53}},"6":{"start":{"line":76,"column":8},"end":{"line":76,"column":2599}},"7":{"start":{"line":77,"column":12},"end":{"line":77,"column":50}},"8":{"start":{"line":81,"column":8},"end":{"line":81,"column":2750}},"9":{"start":{"line":82,"column":12},"end":{"line":82,"column":50}},"10":{"start":{"line":85,"column":8},"end":{"line":85,"column":27}},"11":{"start":{"line":86,"column":8},"end":{"line":86,"column":40}},"12":{"start":{"line":96,"column":8},"end":{"line":96,"column":3274}},"13":{"start":{"line":97,"column":12},"end":{"line":97,"column":41}},"14":{"start":{"line":112,"column":8},"end":{"line":112,"column":35}},"15":{"start":{"line":119,"column":8},"end":{"line":119,"column":49}},"16":{"start":{"line":126,"column":8},"end":{"line":126,"column":44}},"17":{"start":{"line":127,"column":8},"end":{"line":127,"column":74}},"18":{"start":{"line":134,"column":8},"end":{"line":134,"column":50}},"19":{"start":{"line":142,"column":8},"end":{"line":142,"column":30}},"20":{"start":{"line":151,"column":8},"end":{"line":151,"column":24}},"21":{"start":{"line":165,"column":8},"end":{"line":165,"column":76}},"22":{"start":{"line":179,"column":8},"end":{"line":179,"column":79}},"23":{"start":{"line":199,"column":8},"end":{"line":199,"column":74}},"24":{"start":{"line":200,"column":8},"end":{"line":200,"column":27}},"25":{"start":{"line":201,"column":8},"end":{"line":201,"column":74}},"26":{"start":{"line":221,"column":8},"end":{"line":221,"column":86}},"27":{"start":{"line":222,"column":8},"end":{"line":222,"column":85}},"28":{"start":{"line":224,"column":8},"end":{"line":224,"column":82}},"29":{"start":{"line":225,"column":8},"end":{"line":225,"column":27}},"30":{"start":{"line":226,"column":8},"end":{"line":226,"column":7323}},"31":{"start":{"line":227,"column":12},"end":{"line":227,"column":90}},"32":{"start":{"line":235,"column":8},"end":{"line":235,"column":83}},"33":{"start":{"line":236,"column":8},"end":{"line":236,"column":80}},"34":{"start":{"line":237,"column":8},"end":{"line":237,"column":48}},"35":{"start":{"line":248,"column":8},"end":{"line":248,"column":91}},"36":{"start":{"line":251,"column":8},"end":{"line":251,"column":26}},"37":{"start":{"line":270,"column":8},"end":{"line":270,"column":74}},"38":{"start":{"line":271,"column":8},"end":{"line":271,"column":35}},"39":{"start":{"line":272,"column":8},"end":{"line":272,"column":40}},"40":{"start":{"line":273,"column":8},"end":{"line":273,"column":21}},"41":{"start":{"line":292,"column":8},"end":{"line":292,"column":86}},"42":{"start":{"line":293,"column":8},"end":{"line":293,"column":85}},"43":{"start":{"line":295,"column":8},"end":{"line":295,"column":82}},"44":{"start":{"line":296,"column":8},"end":{"line":296,"column":35}},"45":{"start":{"line":297,"column":8},"end":{"line":297,"column":9660}},"46":{"start":{"line":298,"column":12},"end":{"line":298,"column":56}},"47":{"start":{"line":300,"column":8},"end":{"line":300,"column":21}},"48":{"start":{"line":307,"column":8},"end":{"line":307,"column":82}},"49":{"start":{"line":308,"column":8},"end":{"line":308,"column":115}},"50":{"start":{"line":315,"column":8},"end":{"line":315,"column":82}},"51":{"start":{"line":316,"column":8},"end":{"line":316,"column":40}},"52":{"start":{"line":331,"column":8},"end":{"line":331,"column":58}},"53":{"start":{"line":332,"column":8},"end":{"line":332,"column":78}},"54":{"start":{"line":334,"column":8},"end":{"line":334,"column":57}},"55":{"start":{"line":348,"column":8},"end":{"line":348,"column":90}},"56":{"start":{"line":349,"column":8},"end":{"line":349,"column":48}},"57":{"start":{"line":350,"column":8},"end":{"line":350,"column":27}}},"branchMap":{"1":{"line":96,"type":"if","locations":[{"start":{"line":96,"column":8},"end":{"line":96,"column":8}},{"start":{"line":96,"column":8},"end":{"line":96,"column":8}}]},"2":{"line":221,"type":"if","locations":[{"start":{"line":221,"column":8},"end":{"line":221,"column":8}},{"start":{"line":221,"column":8},"end":{"line":221,"column":8}}]},"3":{"line":222,"type":"if","locations":[{"start":{"line":222,"column":8},"end":{"line":222,"column":8}},{"start":{"line":222,"column":8},"end":{"line":222,"column":8}}]},"4":{"line":235,"type":"if","locations":[{"start":{"line":235,"column":8},"end":{"line":235,"column":8}},{"start":{"line":235,"column":8},"end":{"line":235,"column":8}}]},"5":{"line":236,"type":"if","locations":[{"start":{"line":236,"column":8},"end":{"line":236,"column":8}},{"start":{"line":236,"column":8},"end":{"line":236,"column":8}}]},"6":{"line":248,"type":"if","locations":[{"start":{"line":248,"column":8},"end":{"line":248,"column":8}},{"start":{"line":248,"column":8},"end":{"line":248,"column":8}}]},"7":{"line":292,"type":"if","locations":[{"start":{"line":292,"column":8},"end":{"line":292,"column":8}},{"start":{"line":292,"column":8},"end":{"line":292,"column":8}}]},"8":{"line":293,"type":"if","locations":[{"start":{"line":293,"column":8},"end":{"line":293,"column":8}},{"start":{"line":293,"column":8},"end":{"line":293,"column":8}}]},"9":{"line":307,"type":"if","locations":[{"start":{"line":307,"column":8},"end":{"line":307,"column":8}},{"start":{"line":307,"column":8},"end":{"line":307,"column":8}}]},"10":{"line":308,"type":"if","locations":[{"start":{"line":308,"column":8},"end":{"line":308,"column":8}},{"start":{"line":308,"column":8},"end":{"line":308,"column":8}}]},"11":{"line":315,"type":"if","locations":[{"start":{"line":315,"column":8},"end":{"line":315,"column":8}},{"start":{"line":315,"column":8},"end":{"line":315,"column":8}}]},"12":{"line":332,"type":"if","locations":[{"start":{"line":332,"column":8},"end":{"line":332,"column":8}},{"start":{"line":332,"column":8},"end":{"line":332,"column":8}}]},"13":{"line":348,"type":"if","locations":[{"start":{"line":348,"column":8},"end":{"line":348,"column":8}},{"start":{"line":348,"column":8},"end":{"line":348,"column":8}}]}}},
"contracts/@openzeppelin/contracts/interfaces/draft-IERC2612.sol":{"l":{},"path":"/home/tabish/ahmad/factiiv/contracts/@openzeppelin/contracts/interfaces/draft-IERC2612.sol","s":{},"b":{},"f":{},"fnMap":{},"statementMap":{},"branchMap":{}},
"contracts/@openzeppelin/contracts/interfaces/IERC1155.sol":{"l":{},"path":"/home/tabish/ahmad/factiiv/contracts/@openzeppelin/contracts/interfaces/IERC1155.sol","s":{},"b":{},"f":{},"fnMap":{},"statementMap":{},"branchMap":{}},
"contracts/@openzeppelin/contracts/interfaces/IERC1155MetadataURI.sol":{"l":{},"path":"/home/tabish/ahmad/factiiv/contracts/@openzeppelin/contracts/interfaces/IERC1155MetadataURI.sol","s":{},"b":{},"f":{},"fnMap":{},"statementMap":{},"branchMap":{}},
"contracts/@openzeppelin/contracts/interfaces/IERC1155Receiver.sol":{"l":{},"path":"/home/tabish/ahmad/factiiv/contracts/@openzeppelin/contracts/interfaces/IERC1155Receiver.sol","s":{},"b":{},"f":{},"fnMap":{},"statementMap":{},"branchMap":{}},
"contracts/@openzeppelin/contracts/interfaces/IERC1271.sol":{"l":{},"path":"/home/tabish/ahmad/factiiv/contracts/@openzeppelin/contracts/interfaces/IERC1271.sol","s":{},"b":{},"f":{},"fnMap":{},"statementMap":{},"branchMap":{}},
"contracts/@openzeppelin/contracts/interfaces/IERC1363.sol":{"l":{},"path":"/home/tabish/ahmad/factiiv/contracts/@openzeppelin/contracts/interfaces/IERC1363.sol","s":{},"b":{},"f":{},"fnMap":{},"statementMap":{},"branchMap":{}},
"contracts/@openzeppelin/contracts/interfaces/IERC1363Receiver.sol":{"l":{},"path":"/home/tabish/ahmad/factiiv/contracts/@openzeppelin/contracts/interfaces/IERC1363Receiver.sol","s":{},"b":{},"f":{},"fnMap":{},"statementMap":{},"branchMap":{}},
"contracts/@openzeppelin/contracts/interfaces/IERC1363Spender.sol":{"l":{},"path":"/home/tabish/ahmad/factiiv/contracts/@openzeppelin/contracts/interfaces/IERC1363Spender.sol","s":{},"b":{},"f":{},"fnMap":{},"statementMap":{},"branchMap":{}},
"contracts/@openzeppelin/contracts/interfaces/IERC165.sol":{"l":{},"path":"/home/tabish/ahmad/factiiv/contracts/@openzeppelin/contracts/interfaces/IERC165.sol","s":{},"b":{},"f":{},"fnMap":{},"statementMap":{},"branchMap":{}},
"contracts/@openzeppelin/contracts/interfaces/IERC1820Implementer.sol":{"l":{},"path":"/home/tabish/ahmad/factiiv/contracts/@openzeppelin/contracts/interfaces/IERC1820Implementer.sol","s":{},"b":{},"f":{},"fnMap":{},"statementMap":{},"branchMap":{}},
"contracts/@openzeppelin/contracts/interfaces/IERC1820Registry.sol":{"l":{},"path":"/home/tabish/ahmad/factiiv/contracts/@openzeppelin/contracts/interfaces/IERC1820Registry.sol","s":{},"b":{},"f":{},"fnMap":{},"statementMap":{},"branchMap":{}},
"contracts/@openzeppelin/contracts/interfaces/IERC20.sol":{"l":{},"path":"/home/tabish/ahmad/factiiv/contracts/@openzeppelin/contracts/interfaces/IERC20.sol","s":{},"b":{},"f":{},"fnMap":{},"statementMap":{},"branchMap":{}},
"contracts/@openzeppelin/contracts/interfaces/IERC20Metadata.sol":{"l":{},"path":"/home/tabish/ahmad/factiiv/contracts/@openzeppelin/contracts/interfaces/IERC20Metadata.sol","s":{},"b":{},"f":{},"fnMap":{},"statementMap":{},"branchMap":{}},
"contracts/@openzeppelin/contracts/interfaces/IERC2981.sol":{"l":{},"path":"/home/tabish/ahmad/factiiv/contracts/@openzeppelin/contracts/interfaces/IERC2981.sol","s":{},"b":{},"f":{},"fnMap":{},"statementMap":{},"branchMap":{}},
"contracts/@openzeppelin/contracts/interfaces/IERC3156.sol":{"l":{},"path":"/home/tabish/ahmad/factiiv/contracts/@openzeppelin/contracts/interfaces/IERC3156.sol","s":{},"b":{},"f":{},"fnMap":{},"statementMap":{},"branchMap":{}},
"contracts/@openzeppelin/contracts/interfaces/IERC3156FlashBorrower.sol":{"l":{},"path":"/home/tabish/ahmad/factiiv/contracts/@openzeppelin/contracts/interfaces/IERC3156FlashBorrower.sol","s":{},"b":{},"f":{},"fnMap":{},"statementMap":{},"branchMap":{}},
"contracts/@openzeppelin/contracts/interfaces/IERC3156FlashLender.sol":{"l":{},"path":"/home/tabish/ahmad/factiiv/contracts/@openzeppelin/contracts/interfaces/IERC3156FlashLender.sol","s":{},"b":{},"f":{},"fnMap":{},"statementMap":{},"branchMap":{}},
"contracts/@openzeppelin/contracts/interfaces/IERC721.sol":{"l":{},"path":"/home/tabish/ahmad/factiiv/contracts/@openzeppelin/contracts/interfaces/IERC721.sol","s":{},"b":{},"f":{},"fnMap":{},"statementMap":{},"branchMap":{}},
"contracts/@openzeppelin/contracts/interfaces/IERC721Enumerable.sol":{"l":{},"path":"/home/tabish/ahmad/factiiv/contracts/@openzeppelin/contracts/interfaces/IERC721Enumerable.sol","s":{},"b":{},"f":{},"fnMap":{},"statementMap":{},"branchMap":{}},
"contracts/@openzeppelin/contracts/interfaces/IERC721Metadata.sol":{"l":{},"path":"/home/tabish/ahmad/factiiv/contracts/@openzeppelin/contracts/interfaces/IERC721Metadata.sol","s":{},"b":{},"f":{},"fnMap":{},"statementMap":{},"branchMap":{}},
"contracts/@openzeppelin/contracts/interfaces/IERC721Receiver.sol":{"l":{},"path":"/home/tabish/ahmad/factiiv/contracts/@openzeppelin/contracts/interfaces/IERC721Receiver.sol","s":{},"b":{},"f":{},"fnMap":{},"statementMap":{},"branchMap":{}},
"contracts/@openzeppelin/contracts/interfaces/IERC777.sol":{"l":{},"path":"/home/tabish/ahmad/factiiv/contracts/@openzeppelin/contracts/interfaces/IERC777.sol","s":{},"b":{},"f":{},"fnMap":{},"statementMap":{},"branchMap":{}},
"contracts/@openzeppelin/contracts/interfaces/IERC777Recipient.sol":{"l":{},"path":"/home/tabish/ahmad/factiiv/contracts/@openzeppelin/contracts/interfaces/IERC777Recipient.sol","s":{},"b":{},"f":{},"fnMap":{},"statementMap":{},"branchMap":{}},
"contracts/@openzeppelin/contracts/interfaces/IERC777Sender.sol":{"l":{},"path":"/home/tabish/ahmad/factiiv/contracts/@openzeppelin/contracts/interfaces/IERC777Sender.sol","s":{},"b":{},"f":{},"fnMap":{},"statementMap":{},"branchMap":{}},
"contracts/@openzeppelin/contracts/metatx/ERC2771Context.sol":{"l":{"14":0,"18":0,"22":0,"24":0,"28":0,"33":0,"34":0,"36":0},"path":"/home/tabish/ahmad/factiiv/contracts/@openzeppelin/contracts/metatx/ERC2771Context.sol","s":{"1":0,"2":0,"3":0,"4":0,"5":0,"6":0,"7":0},"b":{"1":[0,0],"2":[0,0]},"f":{"1":0,"2":0,"3":0,"4":0},"fnMap":{"1":{"name":"constructor","line":13,"loc":{"start":{"line":13,"column":4},"end":{"line":15,"column":4}}},"2":{"name":"isTrustedForwarder","line":17,"loc":{"start":{"line":17,"column":4},"end":{"line":19,"column":4}}},"3":{"name":"_msgSender","line":21,"loc":{"start":{"line":21,"column":4},"end":{"line":30,"column":4}}},"4":{"name":"_msgData","line":32,"loc":{"start":{"line":32,"column":4},"end":{"line":38,"column":4}}}},"statementMap":{"1":{"start":{"line":14,"column":8},"end":{"line":14,"column":43}},"2":{"start":{"line":18,"column":8},"end":{"line":18,"column":45}},"3":{"start":{"line":22,"column":8},"end":{"line":22,"column":570}},"4":{"start":{"line":28,"column":12},"end":{"line":28,"column":37}},"5":{"start":{"line":33,"column":8},"end":{"line":33,"column":975}},"6":{"start":{"line":34,"column":12},"end":{"line":34,"column":50}},"7":{"start":{"line":36,"column":12},"end":{"line":36,"column":35}}},"branchMap":{"1":{"line":22,"type":"if","locations":[{"start":{"line":22,"column":8},"end":{"line":22,"column":8}},{"start":{"line":22,"column":8},"end":{"line":22,"column":8}}]},"2":{"line":33,"type":"if","locations":[{"start":{"line":33,"column":8},"end":{"line":33,"column":8}},{"start":{"line":33,"column":8},"end":{"line":33,"column":8}}]}}},
"contracts/@openzeppelin/contracts/metatx/MinimalForwarder.sol":{"l":{"31":0,"35":0,"38":0,"46":0,"47":0,"49":0,"54":0,"56":0},"path":"/home/tabish/ahmad/factiiv/contracts/@openzeppelin/contracts/metatx/MinimalForwarder.sol","s":{"1":0,"2":0,"3":0,"4":0,"5":0,"6":0,"7":0,"8":0},"b":{"1":[0,0]},"f":{"1":0,"2":0,"3":0,"4":0},"fnMap":{"1":{"name":"constructor","line":28,"loc":{"start":{"line":28,"column":4},"end":{"line":28,"column":55}}},"2":{"name":"getNonce","line":30,"loc":{"start":{"line":30,"column":4},"end":{"line":32,"column":4}}},"3":{"name":"verify","line":34,"loc":{"start":{"line":34,"column":4},"end":{"line":39,"column":4}}},"4":{"name":"execute","line":41,"loc":{"start":{"line":41,"column":4},"end":{"line":57,"column":4}}}},"statementMap":{"1":{"start":{"line":31,"column":8},"end":{"line":31,"column":28}},"2":{"start":{"line":35,"column":8},"end":{"line":35,"column":1011}},"3":{"start":{"line":38,"column":8},"end":{"line":38,"column":67}},"4":{"start":{"line":46,"column":8},"end":{"line":46,"column":92}},"5":{"start":{"line":47,"column":8},"end":{"line":47,"column":40}},"6":{"start":{"line":49,"column":8},"end":{"line":49,"column":1545}},"7":{"start":{"line":54,"column":8},"end":{"line":54,"column":39}},"8":{"start":{"line":56,"column":8},"end":{"line":56,"column":36}}},"branchMap":{"1":{"line":46,"type":"if","locations":[{"start":{"line":46,"column":8},"end":{"line":46,"column":8}},{"start":{"line":46,"column":8},"end":{"line":46,"column":8}}]}}},
"contracts/@openzeppelin/contracts/proxy/beacon/BeaconProxy.sol":{"l":{"30":0,"31":0,"38":0,"45":0,"59":0},"path":"/home/tabish/ahmad/factiiv/contracts/@openzeppelin/contracts/proxy/beacon/BeaconProxy.sol","s":{"1":0,"2":0,"3":0,"4":0,"5":0},"b":{},"f":{"1":0,"2":0,"3":0,"4":0},"fnMap":{"1":{"name":"constructor","line":29,"loc":{"start":{"line":29,"column":4},"end":{"line":32,"column":4}}},"2":{"name":"_beacon","line":37,"loc":{"start":{"line":37,"column":4},"end":{"line":39,"column":4}}},"3":{"name":"_implementation","line":44,"loc":{"start":{"line":44,"column":4},"end":{"line":46,"column":4}}},"4":{"name":"_setBeacon","line":58,"loc":{"start":{"line":58,"column":4},"end":{"line":60,"column":4}}}},"statementMap":{"1":{"start":{"line":30,"column":8},"end":{"line":30,"column":86}},"2":{"start":{"line":31,"column":8},"end":{"line":31,"column":51}},"3":{"start":{"line":38,"column":8},"end":{"line":38,"column":27}},"4":{"start":{"line":45,"column":8},"end":{"line":45,"column":53}},"5":{"start":{"line":59,"column":8},"end":{"line":59,"column":51}}},"branchMap":{}},
"contracts/@openzeppelin/contracts/proxy/beacon/IBeacon.sol":{"l":{},"path":"/home/tabish/ahmad/factiiv/contracts/@openzeppelin/contracts/proxy/beacon/IBeacon.sol","s":{},"b":{},"f":{},"fnMap":{},"statementMap":{},"branchMap":{}},
"contracts/@openzeppelin/contracts/proxy/beacon/UpgradeableBeacon.sol":{"l":{"28":0,"35":0,"49":0,"50":0,"61":0,"62":0},"path":"/home/tabish/ahmad/factiiv/contracts/@openzeppelin/contracts/proxy/beacon/UpgradeableBeacon.sol","s":{"1":0,"2":0,"3":0,"4":0,"5":0,"6":0},"b":{"1":[0,0]},"f":{"1":0,"2":0,"3":0,"4":0},"fnMap":{"1":{"name":"constructor","line":27,"loc":{"start":{"line":27,"column":4},"end":{"line":29,"column":4}}},"2":{"name":"implementation","line":34,"loc":{"start":{"line":34,"column":4},"end":{"line":36,"column":4}}},"3":{"name":"upgradeTo","line":48,"loc":{"start":{"line":48,"column":4},"end":{"line":51,"column":4}}},"4":{"name":"_setImplementation","line":60,"loc":{"start":{"line":60,"column":4},"end":{"line":63,"column":4}}}},"statementMap":{"1":{"start":{"line":28,"column":8},"end":{"line":28,"column":42}},"2":{"start":{"line":35,"column":8},"end":{"line":35,"column":30}},"3":{"start":{"line":49,"column":8},"end":{"line":49,"column":44}},"4":{"start":{"line":50,"column":8},"end":{"line":50,"column":40}},"5":{"start":{"line":61,"column":8},"end":{"line":61,"column":108}},"6":{"start":{"line":62,"column":8},"end":{"line":62,"column":42}}},"branchMap":{"1":{"line":61,"type":"if","locations":[{"start":{"line":61,"column":8},"end":{"line":61,"column":8}},{"start":{"line":61,"column":8},"end":{"line":61,"column":8}}]}}},
"contracts/@openzeppelin/contracts/proxy/Clones.sol":{"l":{"25":0,"32":0,"43":0,"50":0,"61":0,"81":0},"path":"/home/tabish/ahmad/factiiv/contracts/@openzeppelin/contracts/proxy/Clones.sol","s":{"1":0,"2":0,"3":0},"b":{"1":[0,0],"2":[0,0]},"f":{"1":0,"2":0,"3":0,"4":0},"fnMap":{"1":{"name":"clone","line":24,"loc":{"start":{"line":24,"column":4},"end":{"line":33,"column":4}}},"2":{"name":"cloneDeterministic","line":42,"loc":{"start":{"line":42,"column":4},"end":{"line":51,"column":4}}},"3":{"name":"predictDeterministicAddress","line":56,"loc":{"start":{"line":56,"column":4},"end":{"line":71,"column":4}}},"4":{"name":"predictDeterministicAddress","line":76,"loc":{"start":{"line":76,"column":4},"end":{"line":82,"column":4}}}},"statementMap":{"1":{"start":{"line":32,"column":8},"end":{"line":32,"column":64}},"2":{"start":{"line":50,"column":8},"end":{"line":50,"column":65}},"3":{"start":{"line":81,"column":8},"end":{"line":81,"column":79}}},"branchMap":{"1":{"line":32,"type":"if","locations":[{"start":{"line":32,"column":8},"end":{"line":32,"column":8}},{"start":{"line":32,"column":8},"end":{"line":32,"column":8}}]},"2":{"line":50,"type":"if","locations":[{"start":{"line":50,"column":8},"end":{"line":50,"column":8}},{"start":{"line":50,"column":8},"end":{"line":50,"column":8}}]}}},
"contracts/@openzeppelin/contracts/proxy/ERC1967/ERC1967Proxy.sol":{"l":{"22":0,"23":0,"30":0},"path":"/home/tabish/ahmad/factiiv/contracts/@openzeppelin/contracts/proxy/ERC1967/ERC1967Proxy.sol","s":{"1":0,"2":0,"3":0},"b":{},"f":{"1":0,"2":0},"fnMap":{"1":{"name":"constructor","line":21,"loc":{"start":{"line":21,"column":4},"end":{"line":24,"column":4}}},"2":{"name":"_implementation","line":29,"loc":{"start":{"line":29,"column":4},"end":{"line":31,"column":4}}}},"statementMap":{"1":{"start":{"line":22,"column":8},"end":{"line":22,"column":102}},"2":{"start":{"line":23,"column":8},"end":{"line":23,"column":46}},"3":{"start":{"line":30,"column":8},"end":{"line":30,"column":50}}},"branchMap":{}},
"contracts/@openzeppelin/contracts/proxy/ERC1967/ERC1967Upgrade.sol":{"l":{"37":0,"44":0,"45":0,"54":0,"55":0,"68":0,"69":0,"70":0,"84":0,"87":0,"88":0,"89":0,"93":0,"94":0,"96":0,"97":0,"101":0,"103":0,"105":0,"125":0,"132":0,"133":0,"142":0,"143":0,"161":0,"168":0,"169":0,"173":0,"187":0,"188":0,"189":0,"190":0},"path":"/home/tabish/ahmad/factiiv/contracts/@openzeppelin/contracts/proxy/ERC1967/ERC1967Upgrade.sol","s":{"1":0,"2":0,"3":0,"4":0,"5":0,"6":0,"7":0,"8":0,"9":0,"10":0,"11":0,"12":0,"13":0,"14":0,"15":0,"16":0,"17":0,"18":0,"19":0,"20":0,"21":0,"22":0,"23":0,"24":0,"25":0,"26":0,"27":0,"28":0,"29":0,"30":0,"31":0,"32":0},"b":{"1":[0,0],"2":[0,0],"3":[0,0],"4":[0,0],"5":[0,0],"6":[0,0],"7":[0,0],"8":[0,0],"9":[0,0]},"f":{"1":0,"2":0,"3":0,"4":0,"5":0,"6":0,"7":0,"8":0,"9":0,"10":0,"11":0},"fnMap":{"1":{"name":"_getImplementation","line":36,"loc":{"start":{"line":36,"column":4},"end":{"line":38,"column":4}}},"2":{"name":"_setImplementation","line":43,"loc":{"start":{"line":43,"column":4},"end":{"line":46,"column":4}}},"3":{"name":"_upgradeTo","line":53,"loc":{"start":{"line":53,"column":4},"end":{"line":56,"column":4}}},"4":{"name":"_upgradeToAndCall","line":63,"loc":{"start":{"line":63,"column":4},"end":{"line":72,"column":4}}},"5":{"name":"_upgradeToAndCallSecure","line":79,"loc":{"start":{"line":79,"column":4},"end":{"line":107,"column":4}}},"6":{"name":"_getAdmin","line":124,"loc":{"start":{"line":124,"column":4},"end":{"line":126,"column":4}}},"7":{"name":"_setAdmin","line":131,"loc":{"start":{"line":131,"column":4},"end":{"line":134,"column":4}}},"8":{"name":"_changeAdmin","line":141,"loc":{"start":{"line":141,"column":4},"end":{"line":144,"column":4}}},"9":{"name":"_getBeacon","line":160,"loc":{"start":{"line":160,"column":4},"end":{"line":162,"column":4}}},"10":{"name":"_setBeacon","line":167,"loc":{"start":{"line":167,"column":4},"end":{"line":174,"column":4}}},"11":{"name":"_upgradeBeaconToAndCall","line":182,"loc":{"start":{"line":182,"column":4},"end":{"line":192,"column":4}}}},"statementMap":{"1":{"start":{"line":37,"column":8},"end":{"line":37,"column":69}},"2":{"start":{"line":44,"column":8},"end":{"line":44,"column":102}},"3":{"start":{"line":45,"column":8},"end":{"line":45,"column":81}},"4":{"start":{"line":54,"column":8},"end":{"line":54,"column":44}},"5":{"start":{"line":55,"column":8},"end":{"line":55,"column":40}},"6":{"start":{"line":68,"column":8},"end":{"line":68,"column":36}},"7":{"start":{"line":69,"column":8},"end":{"line":69,"column":2240}},"8":{"start":{"line":70,"column":12},"end":{"line":70,"column":64}},"9":{"start":{"line":84,"column":8},"end":{"line":84,"column":56}},"10":{"start":{"line":87,"column":8},"end":{"line":87,"column":44}},"11":{"start":{"line":88,"column":8},"end":{"line":88,"column":2822}},"12":{"start":{"line":89,"column":12},"end":{"line":89,"column":64}},"13":{"start":{"line":93,"column":8},"end":{"line":93,"column":100}},"14":{"start":{"line":94,"column":8},"end":{"line":94,"column":3106}},"15":{"start":{"line":96,"column":12},"end":{"line":96,"column":39}},"16":{"start":{"line":97,"column":12},"end":{"line":97,"column":3270}},"17":{"start":{"line":101,"column":12},"end":{"line":101,"column":40}},"18":{"start":{"line":103,"column":12},"end":{"line":103,"column":112}},"19":{"start":{"line":105,"column":12},"end":{"line":105,"column":40}},"20":{"start":{"line":125,"column":8},"end":{"line":125,"column":60}},"21":{"start":{"line":132,"column":8},"end":{"line":132,"column":80}},"22":{"start":{"line":133,"column":8},"end":{"line":133,"column":63}},"23":{"start":{"line":142,"column":8},"end":{"line":142,"column":48}},"24":{"start":{"line":143,"column":8},"end":{"line":143,"column":26}},"25":{"start":{"line":161,"column":8},"end":{"line":161,"column":61}},"26":{"start":{"line":168,"column":8},"end":{"line":168,"column":86}},"27":{"start":{"line":169,"column":8},"end":{"line":169,"column":5800}},"28":{"start":{"line":173,"column":8},"end":{"line":173,"column":65}},"29":{"start":{"line":187,"column":8},"end":{"line":187,"column":28}},"30":{"start":{"line":188,"column":8},"end":{"line":188,"column":38}},"31":{"start":{"line":189,"column":8},"end":{"line":189,"column":6535}},"32":{"start":{"line":190,"column":12},"end":{"line":190,"column":82}}},"branchMap":{"1":{"line":44,"type":"if","locations":[{"start":{"line":44,"column":8},"end":{"line":44,"column":8}},{"start":{"line":44,"column":8},"end":{"line":44,"column":8}}]},"2":{"line":69,"type":"if","locations":[{"start":{"line":69,"column":8},"end":{"line":69,"column":8}},{"start":{"line":69,"column":8},"end":{"line":69,"column":8}}]},"3":{"line":88,"type":"if","locations":[{"start":{"line":88,"column":8},"end":{"line":88,"column":8}},{"start":{"line":88,"column":8},"end":{"line":88,"column":8}}]},"4":{"line":94,"type":"if","locations":[{"start":{"line":94,"column":8},"end":{"line":94,"column":8}},{"start":{"line":94,"column":8},"end":{"line":94,"column":8}}]},"5":{"line":103,"type":"if","locations":[{"start":{"line":103,"column":12},"end":{"line":103,"column":12}},{"start":{"line":103,"column":12},"end":{"line":103,"column":12}}]},"6":{"line":132,"type":"if","locations":[{"start":{"line":132,"column":8},"end":{"line":132,"column":8}},{"start":{"line":132,"column":8},"end":{"line":132,"column":8}}]},"7":{"line":168,"type":"if","locations":[{"start":{"line":168,"column":8},"end":{"line":168,"column":8}},{"start":{"line":168,"column":8},"end":{"line":168,"column":8}}]},"8":{"line":169,"type":"if","locations":[{"start":
[...]
}}},"6":{"name":"updateRelationshipType","line":57,"loc":{"start":{"line":57,"column":2},"end":{"line":59,"column":2}}},"7":{"name":"createAttestationType","line":61,"loc":{"start":{"line":61,"column":2},"end":{"line":63,"column":2}}},"8":{"name":"updateAttestationType","line":65,"loc":{"start":{"line":65,"column":2},"end":{"line":67,"column":2}}},"9":{"name":"createAttestation","line":72,"loc":{"start":{"line":72,"column":2},"end":{"line":74,"column":2}}},"10":{"name":"updateAttestation","line":76,"loc":{"start":{"line":76,"column":2},"end":{"line":78,"column":2}}},"11":{"name":"createRelationship","line":83,"loc":{"start":{"line":83,"column":2},"end":{"line":85,"column":2}}},"12":{"name":"updateRelationship","line":87,"loc":{"start":{"line":87,"column":2},"end":{"line":110,"column":2}}},"13":{"name":"deleteRelationship","line":116,"loc":{"start":{"line":116,"column":2},"end":{"line":125,"column":2}}},"14":{"name":"arbitrationDelete","line":127,"loc":{"start":{"line":127,"column":2},"end":{"line":129,"column":2}}},"15":{"name":"relationshipStage","line":135,"loc":{"start":{"line":135,"column":2},"end":{"line":140,"column":2}}},"16":{"name":"canUpdateRelationship","line":142,"loc":{"start":{"line":142,"column":2},"end":{"line":150,"column":2}}},"17":{"name":"genUid","line":156,"loc":{"start":{"line":156,"column":2},"end":{"line":159,"column":2}}},"18":{"name":"relationshipTypeCount","line":167,"loc":{"start":{"line":167,"column":2},"end":{"line":169,"column":2}}},"19":{"name":"relationshipTypeIdAtIndex","line":171,"loc":{"start":{"line":171,"column":2},"end":{"line":173,"column":2}}},"20":{"name":"attestationTypeCount","line":175,"loc":{"start":{"line":175,"column":2},"end":{"line":177,"column":2}}},"21":{"name":"attestationTypeAtIndex","line":179,"loc":{"start":{"line":179,"column":2},"end":{"line":181,"column":2}}},"22":{"name":"userMeta","line":185,"loc":{"start":{"line":185,"column":2},"end":{"line":192,"column":2}}},"23":{"name":"userSendRelationshipAtIndex","line":194,"loc":{"start":{"line":194,"column":2},"end":{"line":197,"column":2}}},"24":{"name":"userReceiveRelationshipAtIndex","line":199,"loc":{"start":{"line":199,"column":2},"end":{"line":202,"column":2}}},"25":{"name":"userAttestationAtIndex","line":204,"loc":{"start":{"line":204,"column":2},"end":{"line":207,"column":2}}},"26":{"name":"relationshipCount","line":211,"loc":{"start":{"line":211,"column":2},"end":{"line":213,"column":2}}},"27":{"name":"attestationCount","line":215,"loc":{"start":{"line":215,"column":2},"end":{"line":217,"column":2}}},"28":{"name":"relationshipAtIndex","line":219,"loc":{"start":{"line":219,"column":2},"end":{"line":221,"column":2}}},"29":{"name":"attestationAtIndex","line":223,"loc":{"start":{"line":223,"column":2},"end":{"line":225,"column":2}}}},"statementMap":{"1":{"start":{"line":26,"column":6},"end":{"line":26,"column":41}},"2":{"start":{"line":27,"column":4},"end":{"line":27,"column":36}},"3":{"start":{"line":28,"column":4},"end":{"line":28,"column":31}},"4":{"start":{"line":29,"column":4},"end":{"line":29,"column":21}},"5":{"start":{"line":38,"column":4},"end":{"line":38,"column":26}},"6":{"start":{"line":39,"column":4},"end":{"line":39,"column":42}},"7":{"start":{"line":44,"column":4},"end":{"line":44,"column":24}},"8":{"start":{"line":49,"column":4},"end":{"line":49,"column":30}},"9":{"start":{"line":54,"column":4},"end":{"line":54,"column":51}},"10":{"start":{"line":58,"column":4},"end":{"line":58,"column":50}},"11":{"start":{"line":62,"column":4},"end":{"line":62,"column":50}},"12":{"start":{"line":66,"column":4},"end":{"line":66,"column":49}},"13":{"start":{"line":73,"column":4},"end":{"line":73,"column":66}},"14":{"start":{"line":77,"column":4},"end":{"line":77,"column":57}},"15":{"start":{"line":84,"column":4},"end":{"line":84,"column":67}},"16":{"start":{"line":88,"column":4},"end":{"line":88,"column":3053}},"17":{"start":{"line":109,"column":4},"end":{"line":109,"column":61}},"18":{"start":{"line":124,"column":4},"end":{"line":124,"column":40}},"19":{"start":{"line":128,"column":4},"end":{"line":128,"column":40}},"20":{"start":{"line":136,"column":4},"end":{"line":136,"column":45}},"21":{"start":{"line":137,"column":4},"end":{"line":137,"column":43}},"22":{"start":{"line":138,"column":4},"end":{"line":138,"column":47}},"23":{"start":{"line":139,"column":4},"end":{"line":139,"column":26}},"24":{"start":{"line":143,"column":4},"end":{"line":143,"column":45}},"25":{"start":{"line":144,"column":4},"end":{"line":144,"column":4701}},"26":{"start":{"line":158,"column":4},"end":{"line":158,"column":60}},"27":{"start":{"line":168,"column":4},"end":{"line":168,"column":38}},"28":{"start":{"line":172,"column":4},"end":{"line":172,"column":43}},"29":{"start":{"line":176,"column":4},"end":{"line":176,"column":37}},"30":{"start":{"line":180,"column":4},"end":{"line":180,"column":42}},"31":{"start":{"line":186,"column":4},"end":{"line":186,"column":35}},"32":{"start":{"line":187,"column":4},"end":{"line":187,"column":5924}},"33":{"start":{"line":195,"column":4},"end":{"line":195,"column":35}},"34":{"start":{"line":196,"column":4},"end":{"line":196,"column":39}},"35":{"start":{"line":200,"column":4},"end":{"line":200,"column":35}},"36":{"start":{"line":201,"column":4},"end":{"line":201,"column":41}},"37":{"start":{"line":205,"column":4},"end":{"line":205,"column":35}},"38":{"start":{"line":206,"column":4},"end":{"line":206,"column":40}},"39":{"start":{"line":212,"column":4},"end":{"line":212,"column":34}},"40":{"start":{"line":216,"column":4},"end":{"line":216,"column":33}},"41":{"start":{"line":220,"column":4},"end":{"line":220,"column":39}},"42":{"start":{"line":224,"column":4},"end":{"line":224,"column":38}}},"branchMap":{"1":{"line":88,"type":"if","locations":[{"start":{"line":88,"column":4},"end":{"line":88,"column":4}},{"start":{"line":88,"column":4},"end":{"line":88,"column":4}}]}}},
"contracts/FactiivStore.sol":{"l":{"135":8,"136":8,"139":8,"140":8,"150":1,"153":1,"154":1,"166":4,"167":4,"170":4,"171":4,"181":1,"185":1,"186":1,"202":2,"203":2,"204":2,"205":2,"206":2,"207":2,"208":2,"209":2,"213":2,"217":2,"230":1,"234":1,"235":1,"236":1,"253":6,"257":6,"261":6,"264":6,"265":6,"269":6,"270":6,"271":6,"272":6,"273":6,"274":6,"275":6,"276":6,"277":6,"282":6,"286":6,"290":6,"301":2,"302":2,"306":2,"310":2,"312":2,"330":2,"331":2,"332":2,"333":2,"334":2,"338":2,"342":2,"346":2,"357":20,"358":20},"path":"/home/tabish/ahmad/factiiv/contracts/FactiivStore.sol","s":{"1":8,"2":8,"3":8,"4":8,"5":1,"6":1,"7":1,"8":4,"9":4,"10":4,"11":4,"12":1,"13":1,"14":1,"15":2,"16":2,"17":2,"18":2,"19":2,"20":2,"21":2,"22":2,"23":2,"24":2,"25":1,"26":1,"27":1,"28":1,"29":6,"30":6,"31":6,"32":6,"33":6,"34":6,"35":6,"36":6,"37":6,"38":6,"39":6,"40":6,"41":6,"42":6,"43":6,"44":6,"45":6,"46":2,"47":2,"48":2,"49":2,"50":2,"51":2,"52":2,"53":2,"54":2,"55":2,"56":2,"57":2,"58":20},"b":{"1":[1,0],"2":[1,0],"3":[1,0],"4":[6,0],"5":[6,0],"6":[6,0],"7":[2,0]},"f":{"1":8,"2":1,"3":4,"4":1,"5":2,"6":1,"7":6,"8":2,"9":2,"10":20},"fnMap":{"1":{"name":"_createRelationshipType","line":126,"loc":{"start":{"line":126,"column":2},"end":{"line":141,"column":2}}},"2":{"name":"_updateRelationshipType","line":143,"loc":{"start":{"line":143,"column":2},"end":{"line":155,"column":2}}},"3":{"name":"_createAttestationType","line":157,"loc":{"start":{"line":157,"column":2},"end":{"line":172,"column":2}}},"4":{"name":"_updateAttestationType","line":174,"loc":{"start":{"line":174,"column":2},"end":{"line":187,"column":2}}},"5":{"name":"_createAttestation","line":193,"loc":{"start":{"line":193,"column":2},"end":{"line":218,"column":2}}},"6":{"name":"_updateAttestation","line":222,"loc":{"start":{"line":222,"column":2},"end":{"line":237,"column":2}}},"7":{"name":"_createRelationship","line":243,"loc":{"start":{"line":243,"column":2},"end":{"line":291,"column":2}}},"8":{"name":"_updateRelationship","line":293,"loc":{"start":{"line":293,"column":2},"end":{"line":318,"column":2}}},"9":{"name":"_deleteRelationship","line":324,"loc":{"start":{"line":324,"column":2},"end":{"line":350,"column":2}}},"10":{"name":"_keyGen","line":356,"loc":{"start":{"line":356,"column":2},"end":{"line":359,"column":2}}}},"statementMap":{"1":{"start":{"line":135,"column":4},"end":{"line":135,"column":17}},"2":{"start":{"line":136,"column":4},"end":{"line":136,"column":2891}},"3":{"start":{"line":139,"column":4},"end":{"line":139,"column":34}},"4":{"start":{"line":140,"column":4},"end":{"line":140,"column":44}},"5":{"start":{"line":150,"column":4},"end":{"line":150,"column":3173}},"6":{"start":{"line":153,"column":4},"end":{"line":153,"column":33}},"7":{"start":{"line":154,"column":4},"end":{"line":154,"column":47}},"8":{"start":{"line":166,"column":4},"end":{"line":166,"column":17}},"9":{"start":{"line":167,"column":4},"end":{"line":167,"column":3526}},"10":{"start":{"line":170,"column":4},"end":{"line":170,"column":33}},"11":{"start":{"line":171,"column":4},"end":{"line":171,"column":43}},"12":{"start":{"line":181,"column":4},"end":{"line":181,"column":3775}},"13":{"start":{"line":185,"column":4},"end":{"line":185,"column":33}},"14":{"start":{"line":186,"column":4},"end":{"line":186,"column":44}},"15":{"start":{"line":202,"column":4},"end":{"line":202,"column":17}},"16":{"start":{"line":203,"column":4},"end":{"line":203,"column":43}},"17":{"start":{"line":204,"column":4},"end":{"line":204,"column":34}},"18":{"start":{"line":205,"column":4},"end":{"line":205,"column":18}},"19":{"start":{"line":206,"column":4},"end":{"line":206,"column":19}},"20":{"start":{"line":207,"column":4},"end":{"line":207,"column":20}},"21":{"start":{"line":208,"column":4},"end":{"line":208,"column":22}},"22":{"start":{"line":209,"column":4},"end":{"line":209,"column":4412}},"23":{"start":{"line":213,"column":4},"end":{"line":213,"column":4517}},"24":{"start":{"line":217,"column":4},"end":{"line":217,"column":59}},"25":{"start":{"line":230,"column":4},"end":{"line":230,"column":4870}},"26":{"start":{"line":234,"column":4},"end":{"line":234,"column":43}},"27":{"start":{"line":235,"column":4},"end":{"line":235,"column":22}},"28":{"start":{"line":236,"column":4},"end":{"line":236,"column":64}},"29":{"start":{"line":253,"column":4},"end":{"line":253,"column":5384}},"30":{"start":{"line":257,"column":4},"end":{"line":257,"column":5503}},"31":{"start":{"line":261,"column":4},"end":{"line":261,"column":5664}},"32":{"start":{"line":264,"column":4},"end":{"line":264,"column":17}},"33":{"start":{"line":265,"column":4},"end":{"line":265,"column":5731}},"34":{"start":{"line":269,"column":4},"end":{"line":269,"column":45}},"35":{"start":{"line":270,"column":4},"end":{"line":270,"column":31}},"36":{"start":{"line":271,"column":4},"end":{"line":271,"column":29}},"37":{"start":{"line":272,"column":4},"end":{"line":272,"column":20}},"38":{"start":{"line":273,"column":4},"end":{"line":273,"column":20}},"39":{"start":{"line":274,"column":4},"end":{"line":274,"column":16}},"40":{"start":{"line":275,"column":4},"end":{"line":275,"column":12}},"41":{"start":{"line":276,"column":4},"end":{"line":276,"column":20}},"42":{"start":{"line":277,"column":4},"end":{"line":277,"column":6083}},"43":{"start":{"line":282,"column":4},"end":{"line":282,"column":6175}},"44":{"start":{"line":286,"column":4},"end":{"line":286,"column":6273}},"45":{"start":{"line":290,"column":4},"end":{"line":290,"column":60}},"46":{"start":{"line":301,"column":4},"end":{"line":301,"column":45}},"47":{"start":{"line":302,"column":4},"end":{"line":302,"column":6626}},"48":{"start":{"line":306,"column":4},"end":{"line":306,"column":6735}},"49":{"start":{"line":310,"column":4},"end":{"line":310,"column":20}},"50":{"start":{"line":312,"column":4},"end":{"line":312,"column":6848}},"51":{"start":{"line":330,"column":4},"end":{"line":330,"column":45}},"52":{"start":{"line":331,"column":4},"end":{"line":331,"column":33}},"53":{"start":{"line":332,"column":4},"end":{"line":332,"column":31}},"54":{"start":{"line":334,"column":4},"end":{"line":334,"column":7255}},"55":{"start":{"line":338,"column":4},"end":{"line":338,"column":7332}},"56":{"start":{"line":342,"column":4},"end":{"line":342,"column":7409}},"57":{"start":{"line":346,"column":4},"end":{"line":346,"column":7489}},"58":{"start":{"line":358,"column":4},"end":{"line":358,"column":58}}},"branchMap":{"1":{"line":150,"type":"if","locations":[{"start":{"line":150,"column":4},"end":{"line":150,"column":4}},{"start":{"line":150,"column":4},"end":{"line":150,"column":4}}]},"2":{"line":181,"type":"if","locations":[{"start":{"line":181,"column":4},"end":{"line":181,"column":4}},{"start":{"line":181,"column":4},"end":{"line":181,"column":4}}]},"3":{"line":230,"type":"if","locations":[{"start":{"line":230,"column":4},"end":{"line":230,"column":4}},{"start":{"line":230,"column":4},"end":{"line":230,"column":4}}]},"4":{"line":253,"type":"if","locations":[{"start":{"line":253,"column":4},"end":{"line":253,"column":4}},{"start":{"line":253,"column":4},"end":{"line":253,"column":4}}]},"5":{"line":257,"type":"if","locations":[{"start":{"line":257,"column":4},"end":{"line":257,"column":4}},{"start":{"line":257,"column":4},"end":{"line":257,"column":4}}]},"6":{"line":261,"type":"if","locations":[{"start":{"line":261,"column":4},"end":{"line":261,"column":4}},{"start":{"line":261,"column":4},"end":{"line":261,"column":4}}]},"7":{"line":302,"type":"if","locations":[{"start":{"line":302,"column":4},"end":{"line":302,"column":4}},{"start":{"line":302,"column":4},"end":{"line":302,"column":4}}]}}},
"contracts/FactsToken.sol":{"l":{"13":0},"path":"/home/tabish/ahmad/factiiv/contracts/FactsToken.sol","s":{"1":0},"b":{},"f":{"1":0},"fnMap":{"1":{"name":"constructor","line":12,"loc":{"start":{"line":12,"column":2},"end":{"line":14,"column":2}}}},"statementMap":{"1":{"start":{"line":13,"column":4},"end":{"line":13,"column":37}}},"branchMap":{}},
"contracts/lib/AddressSet.sol":{"l":{"27":0,"28":0,"29":0,"39":0,"40":0,"41":0,"42":0,"43":0,"44":0,"45":0,"47":0,"48":0,"56":0,"66":0,"67":0,"76":0},"path":"/home/tabish/ahmad/factiiv/contracts/lib/AddressSet.sol","s":{"1":0,"2":0,"3":0,"4":0,"5":0,"6":0,"7":0,"8":0,"9":0,"10":0,"11":0,"12":0,"13":0,"14":0,"15":0,"16":0},"b":{"1":[0,0],"2":[0,0],"3":[0,0],"4":[0,0]},"f":{"1":0,"2":0,"3":0,"4":0,"5":0},"fnMap":{"1":{"name":"insert","line":26,"loc":{"start":{"line":26,"column":4},"end":{"line":30,"column":4}}},"2":{"name":"remove","line":38,"loc":{"start":{"line":38,"column":4},"end":{"line":49,"column":4}}},"3":{"name":"count","line":55,"loc":{"start":{"line":55,"column":4},"end":{"line":57,"column":4}}},"4":{"name":"exists","line":65,"loc":{"start":{"line":65,"column":4},"end":{"line":68,"column":4}}},"5":{"name":"keyAtIndex","line":75,"loc":{"start":{"line":75,"column":4},"end":{"line":77,"column":4}}}},"statementMap":{"1":{"start":{"line":27,"column":8},"end":{"line":27,"column":80}},"2":{"start":{"line":28,"column":8},"end":{"line":28,"column":50}},"3":{"start":{"line":29,"column":8},"end":{"line":29,"column":29}},"4":{"start":{"line":39,"column":8},"end":{"line":39,"column":79}},"5":{"start":{"line":40,"column":8},"end":{"line":40,"column":35}},"6":{"start":{"line":41,"column":8},"end":{"line":41,"column":49}},"7":{"start":{"line":42,"column":8},"end":{"line":42,"column":1337}},"8":{"start":{"line":43,"column":12},"end":{"line":43,"column":50}},"9":{"start":{"line":44,"column":12},"end":{"line":44,"column":53}},"10":{"start":{"line":45,"column":12},"end":{"line":45,"column":49}},"11":{"start":{"line":48,"column":8},"end":{"line":48,"column":25}},"12":{"start":{"line":56,"column":8},"end":{"line":56,"column":35}},"13":{"start":{"line":66,"column":8},"end":{"line":66,"column":49}},"14":{"start":{"line":66,"column":37},"end":{"line":66,"column":49}},"15":{"start":{"line":67,"column":8},"end":{"line":67,"column":57}},"16":{"start":{"line":76,"column":8},"end":{"line":76,"column":34}}},"branchMap":{"1":{"line":27,"type":"if","locations":[{"start":{"line":27,"column":8},"end":{"line":27,"column":8}},{"start":{"line":27,"column":8},"end":{"line":27,"column":8}}]},"2":{"line":39,"type":"if","locations":[{"start":{"line":39,"column":8},"end":{"line":39,"column":8}},{"start":{"line":39,"column":8},"end":{"line":39,"column":8}}]},"3":{"line":42,"type":"if","locations":[{"start":{"line":42,"column":8},"end":{"line":42,"column":8}},{"start":{"line":42,"column":8},"end":{"line":42,"column":8}}]},"4":{"line":66,"type":"if","locations":[{"start":{"line":66,"column":8},"end":{"line":66,"column":8}},{"start":{"line":66,"column":8},"end":{"line":66,"column":8}}]}}},
"contracts/lib/Bytes32Set.sol":{"l":{"19":34,"20":34,"21":34,"31":6,"32":6,"33":6,"34":6,"35":0,"36":0,"37":0,"39":6,"40":6,"48":17,"58":51,"59":44,"68":27},"path":"/home/tabish/ahmad/factiiv/contracts/lib/Bytes32Set.sol","s":{"1":34,"2":34,"3":34,"4":6,"5":6,"6":6,"7":6,"8":0,"9":0,"10":0,"11":6,"12":17,"13":51,"14":7,"15":44,"16":27},"b":{"1":[34,0],"2":[6,0],"3":[0,6],"4":[7,44]},"f":{"1":34,"2":6,"3":17,"4":51,"5":27},"fnMap":{"1":{"name":"insert","line":18,"loc":{"start":{"line":18,"column":4},"end":{"line":22,"column":4}}},"2":{"name":"remove","line":30,"loc":{"start":{"line":30,"column":4},"end":{"line":41,"column":4}}},"3":{"name":"count","line":47,"loc":{"start":{"line":47,"column":4},"end":{"line":49,"column":4}}},"4":{"name":"exists","line":57,"loc":{"start":{"line":57,"column":4},"end":{"line":60,"column":4}}},"5":{"name":"keyAtIndex","line":67,"loc":{"start":{"line":67,"column":4},"end":{"line":69,"column":4}}}},"statementMap":{"1":{"start":{"line":19,"column":8},"end":{"line":19,"column":41}},"2":{"start":{"line":20,"column":8},"end":{"line":20,"column":50}},"3":{"start":{"line":21,"column":8},"end":{"line":21,"column":29}},"4":{"start":{"line":31,"column":8},"end":{"line":31,"column":40}},"5":{"start":{"line":32,"column":8},"end":{"line":32,"column":35}},"6":{"start":{"line":33,"column":8},"end":{"line":33,"column":49}},"7":{"start":{"line":34,"column":8},"end":{"line":34,"column":979}},"8":{"start":{"line":35,"column":12},"end":{"line":35,"column":50}},"9":{"start":{"line":36,"column":12},"end":{"line":36,"column":53}},"10":{"start":{"line":37,"column":12},"end":{"line":37,"column":49}},"11":{"start":{"line":40,"column":8},"end":{"line":40,"column":25}},"12":{"start":{"line":48,"column":8},"end":{"line":48,"column":35}},"13":{"start":{"line":58,"column":8},"end":{"line":58,"column":49}},"14":{"start":{"line":58,"column":37},"end":{"line":58,"column":49}},"15":{"start":{"line":59,"column":8},"end":{"line":59,"column":57}},"16":{"start":{"line":68,"column":8},"end":{"line":68,"column":34}}},"branchMap":{"1":{"line":19,"type":"if","locations":[{"start":{"line":19,"column":8},"end":{"line":19,"column":8}},{"start":{"line":19,"column":8},"end":{"line":19,"column":8}}]},"2":{"line":31,"type":"if","locations":[{"start":{"line":31,"column":8},"end":{"line":31,"column":8}},{"start":{"line":31,"column":8},"end":{"line":31,"column":8}}]},"3":{"line":34,"type":"if","locations":[{"start":{"line":34,"column":8},"end":{"line":34,"column":8}},{"start":{"line":34,"column":8},"end":{"line":34,"column":8}}]},"4":{"line":58,"type":"if","locations":[{"start":{"line":58,"column":8},"end":{"line":58,"column":8}},{"start":{"line":58,"column":8},"end":{"line":58,"column":8}}]}}},
"contracts/Migrations.sol":{"l":{"9":0,"13":0,"17":0},"path":"/home/tabish/ahmad/factiiv/contracts/Migrations.sol","s":{"1":0,"2":0},"b":{"1":[0,0]},"f":{"1":0,"2":0},"fnMap":{"1":{"name":"restricted","line":8,"loc":{"start":{"line":8,"column":2},"end":{"line":14,"column":2}}},"2":{"name":"setCompleted","line":16,"loc":{"start":{"line":16,"column":2},"end":{"line":18,"column":2}}}},"statementMap":{"1":{"start":{"line":9,"column":4},"end":{"line":9,"column":195}},"2":{"start":{"line":17,"column":4},"end":{"line":17,"column":39}}},"branchMap":{"1":{"line":9,"type":"if","locations":[{"start":{"line":9,"column":4},"end":{"line":9,"column":4}},{"start":{"line":9,"column":4},"end":{"line":9,"column":4}}]}}}}
