TN:
SF:/home/tabish/ahmad/factiiv/contracts/_opengsn/_BaseRelayRecipient.sol
FN:23,isTrustedForwarder
FN:33,_MsgSender
FN:54,_MsgData
FNF:3
FNH:0
FNDA:0,isTrustedForwarder
FNDA:0,_MsgSender
FNDA:0,_MsgData
DA:24,0
DA:34,0
DA:38,0
DA:42,0
DA:55,0
DA:56,0
DA:58,0
LF:7
LH:0
BRDA:34,1,0,0
BRDA:34,1,1,0
BRDA:55,2,0,0
BRDA:55,2,1,0
BRF:4
BRH:0
end_of_record
TN:
SF:/home/tabish/ahmad/factiiv/contracts/_opengsn/interfaces/_IRelayRecipient.sol
FNF:0
FNH:0
LF:0
LH:0
BRF:0
BRH:0
end_of_record
TN:
SF:/home/tabish/ahmad/factiiv/contracts/@openzeppelin/contracts/access/AccessControl.sol
FN:68,onlyRole
FN:76,supportsInterface
FN:83,hasRole
FN:94,_checkRole
FN:115,getRoleAdmin
FN:129,grantRole
FN:142,revokeRole
FN:160,renounceRole
FN:182,_setupRole
FN:191,_setRoleAdmin
FN:197,_grantRole
FN:204,_revokeRole
FNF:12
FNH:0
FNDA:0,onlyRole
FNDA:0,supportsInterface
FNDA:0,hasRole
FNDA:0,_checkRole
FNDA:0,getRoleAdmin
FNDA:0,grantRole
FNDA:0,revokeRole
FNDA:0,renounceRole
FNDA:0,_setupRole
FNDA:0,_setRoleAdmin
FNDA:0,_grantRole
FNDA:0,_revokeRole
DA:69,0
DA:70,0
DA:77,0
DA:84,0
DA:95,0
DA:96,0
DA:116,0
DA:130,0
DA:143,0
DA:161,0
DA:163,0
DA:183,0
DA:192,0
DA:193,0
DA:194,0
DA:198,0
DA:199,0
DA:200,0
DA:205,0
DA:206,0
DA:207,0
LF:21
LH:0
BRDA:95,1,0,0
BRDA:95,1,1,0
BRDA:161,2,0,0
BRDA:161,2,1,0
BRDA:198,3,0,0
BRDA:198,3,1,0
BRDA:205,4,0,0
BRDA:205,4,1,0
BRF:8
BRH:0
end_of_record
TN:
SF:/home/tabish/ahmad/factiiv/contracts/@openzeppelin/contracts/access/AccessControlEnumerable.sol
FN:20,supportsInterface
FN:36,getRoleMember
FN:44,getRoleMemberCount
FN:51,grantRole
FN:59,revokeRole
FN:67,renounceRole
FN:75,_setupRole
FNF:7
FNH:0
FNDA:0,supportsInterface
FNDA:0,getRoleMember
FNDA:0,getRoleMemberCount
FNDA:0,grantRole
FNDA:0,revokeRole
FNDA:0,renounceRole
FNDA:0,_setupRole
DA:21,0
DA:37,0
DA:45,0
DA:52,0
DA:53,0
DA:60,0
DA:61,0
DA:68,0
DA:69,0
DA:76,0
DA:77,0
LF:11
LH:0
BRF:0
BRH:0
end_of_record
TN:
SF:/home/tabish/ahmad/factiiv/contracts/@openzeppelin/contracts/access/IAccessControl.sol
FNF:0
FNH:0
LF:0
LH:0
BRF:0
BRH:0
end_of_record
TN:
SF:/home/tabish/ahmad/factiiv/contracts/@openzeppelin/contracts/access/IAccessControlEnumerable.sol
FNF:0
FNH:0
LF:0
LH:0
BRF:0
BRH:0
end_of_record
TN:
SF:/home/tabish/ahmad/factiiv/contracts/@openzeppelin/contracts/access/Ownable.sol
FN:27,constructor
FN:34,owner
FN:41,onlyOwner
FN:53,renounceOwnership
FN:61,transferOwnership
FN:66,_setOwner
FNF:6
FNH:0
FNDA:0,constructor
FNDA:0,owner
FNDA:0,onlyOwner
FNDA:0,renounceOwnership
FNDA:0,transferOwnership
FNDA:0,_setOwner
DA:28,0
DA:35,0
DA:42,0
DA:43,0
DA:54,0
DA:62,0
DA:63,0
DA:67,0
DA:68,0
DA:69,0
LF:10
LH:0
BRDA:42,1,0,0
BRDA:42,1,1,0
BRDA:62,2,0,0
BRDA:62,2,1,0
BRF:4
BRH:0
end_of_record
TN:
SF:/home/tabish/ahmad/factiiv/contracts/@openzeppelin/contracts/finance/PaymentSplitter.sol
FN:41,constructor
FN:66,totalShares
FN:73,totalReleased
FN:80,shares
FN:87,released
FN:94,payee
FN:102,release
FN:122,_addPayee
FNF:8
FNH:0
FNDA:0,constructor
FNDA:0,totalShares
FNDA:0,totalReleased
FNDA:0,shares
FNDA:0,released
FNDA:0,payee
FNDA:0,release
FNDA:0,_addPayee
DA:42,0
DA:43,0
DA:45,0
DA:46,0
DA:60,0
DA:67,0
DA:74,0
DA:81,0
DA:88,0
DA:95,0
DA:103,0
DA:105,0
DA:106,0
DA:108,0
DA:110,0
DA:111,0
DA:113,0
DA:114,0
DA:123,0
DA:124,0
DA:125,0
DA:127,0
DA:128,0
DA:129,0
DA:130,0
LF:25
LH:0
BRDA:42,1,0,0
BRDA:42,1,1,0
BRDA:43,2,0,0
BRDA:43,2,1,0
BRDA:103,3,0,0
BRDA:103,3,1,0
BRDA:108,4,0,0
BRDA:108,4,1,0
BRDA:123,5,0,0
BRDA:123,5,1,0
BRDA:124,6,0,0
BRDA:124,6,1,0
BRDA:125,7,0,0
BRDA:125,7,1,0
BRF:14
BRH:0
end_of_record
TN:
SF:/home/tabish/ahmad/factiiv/contracts/@openzeppelin/contracts/governance/compatibility/GovernorCompatibilityBravo.sol
FN:51,COUNTING_MODE
FN:59,propose
FN:72,propose
FN:86,queue
FN:99,execute
FN:109,cancel
FN:128,_encodeCalldata
FN:147,_storeProposal
FN:183,proposals
FN:220,getActions
FN:239,getReceipt
FN:246,quorumVotes
FN:254,hasVoted
FN:261,_quorumReached
FN:269,_voteSucceeded
FN:277,_countVote
FNF:16
FNH:0
FNDA:0,COUNTING_MODE
FNDA:0,propose
FNDA:0,propose
FNDA:0,queue
FNDA:0,execute
FNDA:0,cancel
FNDA:0,_encodeCalldata
FNDA:0,_storeProposal
FNDA:0,proposals
FNDA:0,getActions
FNDA:0,getReceipt
FNDA:0,quorumVotes
FNDA:0,hasVoted
FNDA:0,_quorumReached
FNDA:0,_voteSucceeded
FNDA:0,_countVote
DA:52,0
DA:65,0
DA:66,0
DA:79,0
DA:80,0
DA:87,0
DA:88,0
DA:100,0
DA:101,0
DA:110,0
DA:112,0
DA:117,0
DA:133,0
DA:135,0
DA:136,0
DA:141,0
DA:155,0
DA:156,0
DA:158,0
DA:159,0
DA:160,0
DA:161,0
DA:162,0
DA:163,0
DA:164,0
DA:165,0
DA:201,0
DA:202,0
DA:203,0
DA:204,0
DA:206,0
DA:207,0
DA:208,0
DA:209,0
DA:210,0
DA:212,0
DA:213,0
DA:214,0
DA:232,0
DA:233,0
DA:240,0
DA:247,0
DA:255,0
DA:262,0
DA:263,0
DA:270,0
DA:271,0
DA:283,0
DA:284,0
DA:286,0
DA:287,0
DA:288,0
DA:289,0
DA:291,0
DA:292,0
DA:294,0
DA:296,0
DA:298,0
LF:58
LH:0
BRDA:112,1,0,0
BRDA:112,1,1,0
BRDA:159,2,0,0
BRDA:159,2,1,0
BRDA:286,3,0,0
BRDA:286,3,1,0
BRDA:291,4,0,0
BRDA:291,4,1,0
BRDA:293,5,0,0
BRDA:293,5,1,0
BRDA:295,6,0,0
BRDA:295,6,1,0
BRF:12
BRH:0
end_of_record
TN:
SF:/home/tabish/ahmad/factiiv/contracts/@openzeppelin/contracts/governance/compatibility/IGovernorCompatibilityBravo.sol
FNF:0
FNH:0
LF:0
LH:0
BRF:0
BRH:0
end_of_record
TN:
SF:/home/tabish/ahmad/factiiv/contracts/@openzeppelin/contracts/governance/extensions/GovernorCountingSimple.sol
FN:35,COUNTING_MODE
FN:42,hasVoted
FN:49,proposalVotes
FN:66,_quorumReached
FN:75,_voteSucceeded
FN:84,_countVote
FNF:6
FNH:0
FNDA:0,COUNTING_MODE
FNDA:0,hasVoted
FNDA:0,proposalVotes
FNDA:0,_quorumReached
FNDA:0,_voteSucceeded
FNDA:0,_countVote
DA:36,0
DA:43,0
DA:59,0
DA:60,0
DA:67,0
DA:69,0
DA:76,0
DA:78,0
DA:90,0
DA:92,0
DA:93,0
DA:95,0
DA:96,0
DA:98,0
DA:100,0
DA:102,0
LF:16
LH:0
BRDA:92,1,0,0
BRDA:92,1,1,0
BRDA:95,2,0,0
BRDA:95,2,1,0
BRDA:97,3,0,0
BRDA:97,3,1,0
BRDA:99,4,0,0
BRDA:99,4,1,0
BRF:8
BRH:0
end_of_record
TN:
SF:/home/tabish/ahmad/factiiv/contracts/@openzeppelin/contracts/governance/extensions/GovernorProposalThreshold.sol
FN:16,propose
FNF:1
FNH:0
FNDA:0,propose
DA:22,0
DA:27,0
LF:2
LH:0
BRDA:22,1,0,0
BRDA:22,1,1,0
BRF:2
BRH:0
end_of_record
TN:
SF:/home/tabish/ahmad/factiiv/contracts/@openzeppelin/contracts/governance/extensions/GovernorTimelockCompound.sol
FN:95,constructor
FN:102,supportsInterface
FN:109,state
FN:129,timelock
FN:136,proposalEta
FN:143,queue
FN:171,_execute
FN:189,_cancel
FN:211,_executor
FN:219,__acceptAdmin
FN:234,updateTimelock
FN:238,_updateTimelock
FNF:12
FNH:0
FNDA:0,constructor
FNDA:0,supportsInterface
FNDA:0,state
FNDA:0,timelock
FNDA:0,proposalEta
FNDA:0,queue
FNDA:0,_execute
FNDA:0,_cancel
FNDA:0,_executor
FNDA:0,__acceptAdmin
FNDA:0,updateTimelock
FNDA:0,_updateTimelock
DA:96,0
DA:103,0
DA:110,0
DA:112,0
DA:113,0
DA:116,0
DA:117,0
DA:118,0
DA:120,0
DA:122,0
DA:130,0
DA:137,0
DA:149,0
DA:151,0
DA:153,0
DA:154,0
DA:155,0
DA:156,0
DA:160,0
DA:163,0
DA:165,0
DA:178,0
DA:179,0
DA:180,0
DA:181,0
DA:195,0
DA:197,0
DA:198,0
DA:199,0
DA:200,0
DA:202,0
DA:205,0
DA:212,0
DA:220,0
DA:235,0
DA:239,0
DA:240,0
LF:37
LH:0
BRDA:112,1,0,0
BRDA:112,1,1,0
BRDA:117,2,0,0
BRDA:117,2,1,0
BRDA:119,3,0,0
BRDA:119,3,1,0
BRDA:151,4,0,0
BRDA:151,4,1,0
BRDA:156,5,0,0
BRDA:156,5,1,0
BRDA:179,6,0,0
BRDA:179,6,1,0
BRDA:198,7,0,0
BRDA:198,7,1,0
BRF:14
BRH:0
end_of_record
TN:
SF:/home/tabish/ahmad/factiiv/contracts/@openzeppelin/contracts/governance/extensions/GovernorTimelockControl.sol
FN:32,constructor
FN:39,supportsInterface
FN:46,state
FN:67,timelock
FN:74,proposalEta
FN:82,queue
FN:104,_execute
FN:118,_cancel
FN:137,_executor
FN:145,updateTimelock
FN:149,_updateTimelock
FNF:11
FNH:0
FNDA:0,constructor
FNDA:0,supportsInterface
FNDA:0,state
FNDA:0,timelock
FNDA:0,proposalEta
FNDA:0,queue
FNDA:0,_execute
FNDA:0,_cancel
FNDA:0,_executor
FNDA:0,updateTimelock
FNDA:0,_updateTimelock
DA:33,0
DA:40,0
DA:47,0
DA:49,0
DA:50,0
DA:54,0
DA:55,0
DA:56,0
DA:58,0
DA:60,0
DA:68,0
DA:75,0
DA:76,0
DA:88,0
DA:90,0
DA:92,0
DA:93,0
DA:94,0
DA:96,0
DA:98,0
DA:111,0
DA:124,0
DA:126,0
DA:127,0
DA:128,0
DA:131,0
DA:138,0
DA:146,0
DA:150,0
DA:151,0
LF:30
LH:0
BRDA:49,1,0,0
BRDA:49,1,1,0
BRDA:55,2,0,0
BRDA:55,2,1,0
BRDA:57,3,0,0
BRDA:57,3,1,0
BRDA:90,4,0,0
BRDA:90,4,1,0
BRDA:126,5,0,0
BRDA:126,5,1,0
BRF:10
BRH:0
end_of_record
TN:
SF:/home/tabish/ahmad/factiiv/contracts/@openzeppelin/contracts/governance/extensions/GovernorVotes.sol
FN:17,constructor
FN:24,getVotes
FNF:2
FNH:0
FNDA:0,constructor
FNDA:0,getVotes
DA:18,0
DA:25,0
LF:2
LH:0
BRF:0
BRH:0
end_of_record
TN:
SF:/home/tabish/ahmad/factiiv/contracts/@openzeppelin/contracts/governance/extensions/GovernorVotesComp.sol
FN:16,constructor
FN:23,getVotes
FNF:2
FNH:0
FNDA:0,constructor
FNDA:0,getVotes
DA:17,0
DA:24,0
LF:2
LH:0
BRF:0
BRH:0
end_of_record
TN:
SF:/home/tabish/ahmad/factiiv/contracts/@openzeppelin/contracts/governance/extensions/GovernorVotesQuorumFraction.sol
FN:18,constructor
FN:22,quorumNumerator
FN:26,quorumDenominator
FN:30,quorum
FN:34,updateQuorumNumerator
FN:38,_updateQuorumNumerator
FNF:6
FNH:0
FNDA:0,constructor
FNDA:0,quorumNumerator
FNDA:0,quorumDenominator
FNDA:0,quorum
FNDA:0,updateQuorumNumerator
FNDA:0,_updateQuorumNumerator
DA:19,0
DA:23,0
DA:27,0
DA:31,0
DA:35,0
DA:39,0
DA:44,0
DA:45,0
DA:47,0
LF:9
LH:0
BRDA:39,1,0,0
BRDA:39,1,1,0
BRF:2
BRH:0
end_of_record
TN:
SF:/home/tabish/ahmad/factiiv/contracts/@openzeppelin/contracts/governance/extensions/IGovernorTimelock.sol
FNF:0
FNH:0
LF:0
LH:0
BRF:0
BRH:0
end_of_record
TN:
SF:/home/tabish/ahmad/factiiv/contracts/@openzeppelin/contracts/governance/Governor.sol
FN:46,onlyGovernance
FN:54,constructor
FN:61,supportsInterface
FN:68,name
FN:75,version
FN:92,hashProposal
FN:104,state
FN:128,proposalSnapshot
FN:135,proposalDeadline
FN:164,propose
FN:203,execute
FN:228,_execute
FN:248,_cancel
FN:271,castVote
FN:279,castVoteWithReason
FN:291,castVoteBySig
FN:313,_castVote
FN:334,_executor
FNF:18
FNH:0
FNDA:0,onlyGovernance
FNDA:0,constructor
FNDA:0,supportsInterface
FNDA:0,name
FNDA:0,version
FNDA:0,hashProposal
FNDA:0,state
FNDA:0,proposalSnapshot
FNDA:0,proposalDeadline
FNDA:0,propose
FNDA:0,execute
FNDA:0,_execute
FNDA:0,_cancel
FNDA:0,castVote
FNDA:0,castVoteWithReason
FNDA:0,castVoteBySig
FNDA:0,_castVote
FNDA:0,_executor
DA:47,0
DA:48,0
DA:55,0
DA:62,0
DA:69,0
DA:76,0
DA:98,0
DA:105,0
DA:107,0
DA:108,0
DA:110,0
DA:112,0
DA:114,0
DA:116,0
DA:121,0
DA:129,0
DA:136,0
DA:170,0
DA:172,0
DA:173,0
DA:174,0
DA:176,0
DA:177,0
DA:179,0
DA:180,0
DA:182,0
DA:183,0
DA:185,0
DA:197,0
DA:209,0
DA:211,0
DA:212,0
DA:216,0
DA:218,0
DA:220,0
DA:222,0
DA:235,0
DA:236,0
DA:237,0
DA:238,0
DA:254,0
DA:255,0
DA:257,0
DA:261,0
DA:263,0
DA:265,0
DA:272,0
DA:273,0
DA:284,0
DA:285,0
DA:298,0
DA:304,0
DA:319,0
DA:320,0
DA:322,0
DA:323,0
DA:325,0
DA:327,0
DA:335,0
LF:59
LH:0
BRDA:47,1,0,0
BRDA:47,1,1,0
BRDA:107,2,0,0
BRDA:107,2,1,0
BRDA:109,3,0,0
BRDA:109,3,1,0
BRDA:111,4,0,0
BRDA:111,4,1,0
BRDA:113,5,0,0
BRDA:113,5,1,0
BRDA:115,6,0,0
BRDA:115,6,1,0
BRDA:172,7,0,0
BRDA:172,7,1,0
BRDA:173,8,0,0
BRDA:173,8,1,0
BRDA:174,9,0,0
BRDA:174,9,1,0
BRDA:177,10,0,0
BRDA:177,10,1,0
BRDA:212,11,0,0
BRDA:212,11,1,0
BRDA:257,12,0,0
BRDA:257,12,1,0
BRDA:320,13,0,0
BRDA:320,13,1,0
BRF:26
BRH:0
end_of_record
TN:
SF:/home/tabish/ahmad/factiiv/contracts/@openzeppelin/contracts/governance/IGovernor.sol
FNF:0
FNH:0
LF:0
LH:0
BRF:0
BRH:0
end_of_record
TN:
SF:/home/tabish/ahmad/factiiv/contracts/@openzeppelin/contracts/governance/TimelockController.sol
FN:62,constructor
FN:95,onlyRoleOrOpenRole
FN:111,isOperation
FN:118,isOperationPending
FN:125,isOperationReady
FN:133,isOperationDone
FN:141,getTimestamp
FN:150,getMinDelay
FN:158,hashOperation
FN:172,hashOperationBatch
FN:198,schedule
FN:220,scheduleBatch
FN:234,_schedule
FN:247,cancel
FN:269,execute
FN:291,executeBatch
FN:306,_beforeCall
FN:314,_afterCall
FN:324,_call
FN:347,updateDelay
FNF:20
FNH:0
FNDA:0,constructor
FNDA:0,onlyRoleOrOpenRole
FNDA:0,isOperation
FNDA:0,isOperationPending
FNDA:0,isOperationReady
FNDA:0,isOperationDone
FNDA:0,getTimestamp
FNDA:0,getMinDelay
FNDA:0,hashOperation
FNDA:0,hashOperationBatch
FNDA:0,schedule
FNDA:0,scheduleBatch
FNDA:0,_schedule
FNDA:0,cancel
FNDA:0,execute
FNDA:0,executeBatch
FNDA:0,_beforeCall
FNDA:0,_afterCall
FNDA:0,_call
FNDA:0,updateDelay
DA:67,0
DA:68,0
DA:69,0
DA:72,0
DA:73,0
DA:76,0
DA:77,0
DA:81,0
DA:82,0
DA:85,0
DA:86,0
DA:96,0
DA:97,0
DA:99,0
DA:112,0
DA:119,0
DA:126,0
DA:127,0
DA:134,0
DA:142,0
DA:151,0
DA:165,0
DA:179,0
DA:199,0
DA:200,0
DA:201,0
DA:221,0
DA:222,0
DA:224,0
DA:225,0
DA:226,0
DA:227,0
DA:235,0
DA:236,0
DA:237,0
DA:248,0
DA:249,0
DA:251,0
DA:270,0
DA:271,0
DA:272,0
DA:273,0
DA:292,0
DA:293,0
DA:295,0
DA:296,0
DA:297,0
DA:298,0
DA:300,0
DA:307,0
DA:308,0
DA:315,0
DA:316,0
DA:331,0
DA:332,0
DA:334,0
DA:348,0
DA:349,0
DA:350,0
LF:59
LH:0
BRDA:96,1,0,0
BRDA:96,1,1,0
BRDA:221,2,0,0
BRDA:221,2,1,0
BRDA:222,3,0,0
BRDA:222,3,1,0
BRDA:235,4,0,0
BRDA:235,4,1,0
BRDA:236,5,0,0
BRDA:236,5,1,0
BRDA:248,6,0,0
BRDA:248,6,1,0
BRDA:292,7,0,0
BRDA:292,7,1,0
BRDA:293,8,0,0
BRDA:293,8,1,0
BRDA:307,9,0,0
BRDA:307,9,1,0
BRDA:308,10,0,0
BRDA:308,10,1,0
BRDA:315,11,0,0
BRDA:315,11,1,0
BRDA:332,12,0,0
BRDA:332,12,1,0
BRDA:348,13,0,0
BRDA:348,13,1,0
BRF:26
BRH:0
end_of_record
TN:
SF:/home/tabish/ahmad/factiiv/contracts/@openzeppelin/contracts/interfaces/draft-IERC2612.sol
FNF:0
FNH:0
LF:0
LH:0
BRF:0
BRH:0
end_of_record
TN:
SF:/home/tabish/ahmad/factiiv/contracts/@openzeppelin/contracts/interfaces/IERC1155.sol
FNF:0
FNH:0
LF:0
LH:0
BRF:0
BRH:0
end_of_record
TN:
SF:/home/tabish/ahmad/factiiv/contracts/@openzeppelin/contracts/interfaces/IERC1155MetadataURI.sol
FNF:0
FNH:0
LF:0
LH:0
BRF:0
BRH:0
end_of_record
TN:
SF:/home/tabish/ahmad/factiiv/contracts/@openzeppelin/contracts/interfaces/IERC1155Receiver.sol
FNF:0
FNH:0
LF:0
LH:0
BRF:0
BRH:0
end_of_record
TN:
SF:/home/tabish/ahmad/factiiv/contracts/@openzeppelin/contracts/interfaces/IERC1271.sol
FNF:0
FNH:0
LF:0
LH:0
BRF:0
BRH:0
end_of_record
TN:
SF:/home/tabish/ahmad/factiiv/contracts/@openzeppelin/contracts/interfaces/IERC1363.sol
FNF:0
FNH:0
LF:0
LH:0
BRF:0
BRH:0
end_of_record
TN:
SF:/home/tabish/ahmad/factiiv/contracts/@openzeppelin/contracts/interfaces/IERC1363Receiver.sol
FNF:0
FNH:0
LF:0
LH:0
BRF:0
BRH:0
end_of_record
TN:
SF:/home/tabish/ahmad/factiiv/contracts/@openzeppelin/contracts/interfaces/IERC1363Spender.sol
FNF:0
FNH:0
LF:0
LH:0
BRF:0
BRH:0
end_of_record
TN:
SF:/home/tabish/ahmad/factiiv/contracts/@openzeppelin/contracts/interfaces/IERC165.sol
FNF:0
FNH:0
LF:0
LH:0
BRF:0
BRH:0
end_of_record
TN:
SF:/home/tabish/ahmad/factiiv/contracts/@openzeppelin/contracts/interfaces/IERC1820Implementer.sol
FNF:0
FNH:0
LF:0
LH:0
BRF:0
BRH:0
end_of_record
TN:
SF:/home/tabish/ahmad/factiiv/contracts/@openzeppelin/contracts/interfaces/IERC1820Registry.sol
FNF:0
FNH:0
LF:0
LH:0
BRF:0
BRH:0
end_of_record
TN:
SF:/home/tabish/ahmad/factiiv/contracts/@openzeppelin/contracts/interfaces/IERC20.sol
FNF:0
FNH:0
LF:0
LH:0
BRF:0
BRH:0
end_of_record
TN:
SF:/home/tabish/ahmad/factiiv/contracts/@openzeppelin/contracts/interfaces/IERC20Metadata.sol
FNF:0
FNH:0
LF:0
LH:0
BRF:0
BRH:0
end_of_record
TN:
SF:/home/tabish/ahmad/factiiv/contracts/@openzeppelin/contracts/interfaces/IERC2981.sol
FNF:0
FNH:0
LF:0
LH:0
BRF:0
BRH:0
end_of_record
TN:
SF:/home/tabish/ahmad/factiiv/contracts/@openzeppelin/contracts/interfaces/IERC3156.sol
FNF:0
FNH:0
LF:0
LH:0
BRF:0
BRH:0
end_of_record
TN:
SF:/home/tabish/ahmad/factiiv/contracts/@openzeppelin/contracts/interfaces/IERC3156FlashBorrower.sol
FNF:0
FNH:0
LF:0
LH:0
BRF:0
BRH:0
end_of_record
TN:
SF:/home/tabish/ahmad/factiiv/contracts/@openzeppelin/contracts/interfaces/IERC3156FlashLender.sol
FNF:0
FNH:0
LF:0
LH:0
BRF:0
BRH:0
end_of_record
TN:
SF:/home/tabish/ahmad/factiiv/contracts/@openzeppelin/contracts/interfaces/IERC721.sol
FNF:0
FNH:0
LF:0
LH:0
BRF:0
BRH:0
end_of_record
TN:
SF:/home/tabish/ahmad/factiiv/contracts/@openzeppelin/contracts/interfaces/IERC721Enumerable.sol
FNF:0
FNH:0
LF:0
LH:0
BRF:0
BRH:0
end_of_record
TN:
SF:/home/tabish/ahmad/factiiv/contracts/@openzeppelin/contracts/interfaces/IERC721Metadata.sol
FNF:0
FNH:0
LF:0
LH:0
BRF:0
BRH:0
end_of_record
TN:
SF:/home/tabish/ahmad/factiiv/contracts/@openzeppelin/contracts/interfaces/IERC721Receiver.sol
FNF:0
FNH:0
LF:0
LH:0
BRF:0
BRH:0
end_of_record
TN:
SF:/home/tabish/ahmad/factiiv/contracts/@openzeppelin/contracts/interfaces/IERC777.sol
FNF:0
FNH:0
LF:0
LH:0
BRF:0
BRH:0
end_of_record
TN:
SF:/home/tabish/ahmad/factiiv/contracts/@openzeppelin/contracts/interfaces/IERC777Recipient.sol
FNF:0
FNH:0
LF:0
LH:0
BRF:0
BRH:0
end_of_record
TN:
SF:/home/tabish/ahmad/factiiv/contracts/@openzeppelin/contracts/interfaces/IERC777Sender.sol
FNF:0
FNH:0
LF:0
LH:0
BRF:0
BRH:0
end_of_record
TN:
SF:/home/tabish/ahmad/factiiv/contracts/@openzeppelin/contracts/metatx/ERC2771Context.sol
FN:13,constructor
FN:17,isTrustedForwarder
FN:21,_msgSender
FN:32,_msgData
FNF:4
FNH:0
FNDA:0,constructor
FNDA:0,isTrustedForwarder
FNDA:0,_msgSender
FNDA:0,_msgData
DA:14,0
DA:18,0
DA:22,0
DA:24,0
DA:28,0
DA:33,0
DA:34,0
DA:36,0
LF:8
LH:0
BRDA:22,1,0,0
BRDA:22,1,1,0
BRDA:33,2,0,0
BRDA:33,2,1,0
BRF:4
BRH:0
end_of_record
TN:
SF:/home/tabish/ahmad/factiiv/contracts/@openzeppelin/contracts/metatx/MinimalForwarder.sol
FN:28,constructor
FN:30,getNonce
FN:34,verify
FN:41,execute
FNF:4
FNH:0
FNDA:0,constructor
FNDA:0,getNonce
FNDA:0,verify
FNDA:0,execute
DA:31,0
DA:35,0
DA:38,0
DA:46,0
DA:47,0
DA:49,0
DA:54,0
DA:56,0
LF:8
LH:0
BRDA:46,1,0,0
BRDA:46,1,1,0
BRF:2
BRH:0
end_of_record
TN:
SF:/home/tabish/ahmad/factiiv/contracts/@openzeppelin/contracts/proxy/beacon/BeaconProxy.sol
FN:29,constructor
FN:37,_beacon
FN:44,_implementation
FN:58,_setBeacon
FNF:4
FNH:0
FNDA:0,constructor
FNDA:0,_beacon
FNDA:0,_implementation
FNDA:0,_setBeacon
DA:30,0
DA:31,0
DA:38,0
DA:45,0
DA:59,0
LF:5
LH:0
BRF:0
BRH:0
end_of_record
TN:
SF:/home/tabish/ahmad/factiiv/contracts/@openzeppelin/contracts/proxy/beacon/IBeacon.sol
FNF:0
FNH:0
LF:0
LH:0
BRF:0
BRH:0
end_of_record
TN:
SF:/home/tabish/ahmad/factiiv/contracts/@openzeppelin/contracts/proxy/beacon/UpgradeableBeacon.sol
FN:27,constructor
FN:34,implementation
FN:48,upgradeTo
FN:60,_setImplementation
FNF:4
FNH:0
FNDA:0,constructor
FNDA:0,implementation
FNDA:0,upgradeTo
FNDA:0,_setImplementation
DA:28,0
DA:35,0
DA:49,0
DA:50,0
DA:61,0
DA:62,0
LF:6
LH:0
BRDA:61,1,0,0
BRDA:61,1,1,0
BRF:2
BRH:0
end_of_record
TN:
SF:/home/tabish/ahmad/factiiv/contracts/@openzeppelin/contracts/proxy/Clones.sol
FN:24,clone
FN:42,cloneDeterministic
FN:56,predictDeterministicAddress
FN:76,predictDeterministicAddress
FNF:4
FNH:0
FNDA:0,clone
FNDA:0,cloneDeterministic
FNDA:0,predictDeterministicAddress
FNDA:0,predictDeterministicAddress
DA:25,0
DA:32,0
DA:43,0
DA:50,0
DA:61,0
DA:81,0
LF:6
LH:0
BRDA:32,1,0,0
BRDA:32,1,1,0
BRDA:50,2,0,0
BRDA:50,2,1,0
BRF:4
BRH:0
end_of_record
TN:
SF:/home/tabish/ahmad/factiiv/contracts/@openzeppelin/contracts/proxy/ERC1967/ERC1967Proxy.sol
FN:21,constructor
FN:29,_implementation
FNF:2
FNH:0
FNDA:0,constructor
FNDA:0,_implementation
DA:22,0
DA:23,0
DA:30,0
LF:3
LH:0
BRF:0
BRH:0
end_of_record
TN:
SF:/home/tabish/ahmad/factiiv/contracts/@openzeppelin/contracts/proxy/ERC1967/ERC1967Upgrade.sol
FN:36,_getImplementation
FN:43,_setImplementation
FN:53,_upgradeTo
FN:63,_upgradeToAndCall
FN:79,_upgradeToAndCallSecure
FN:124,_getAdmin
FN:131,_setAdmin
FN:141,_changeAdmin
FN:160,_getBeacon
FN:167,_setBeacon
FN:182,_upgradeBeaconToAndCall
FNF:11
FNH:0
FNDA:0,_getImplementation
FNDA:0,_setImplementation
FNDA:0,_upgradeTo
FNDA:0,_upgradeToAndCall
FNDA:0,_upgradeToAndCallSecure
FNDA:0,_getAdmin
FNDA:0,_setAdmin
FNDA:0,_changeAdmin
FNDA:0,_getBeacon
FNDA:0,_setBeacon
FNDA:0,_upgradeBeaconToAndCall
DA:37,0
DA:44,0
DA:45,0
DA:54,0
DA:55,0
DA:68,0
DA:69,0
DA:70,0
DA:84,0
DA:87,0
DA:88,0
DA:89,0
DA:93,0
DA:94,0
DA:96,0
DA:97,0
DA:101,0
DA:103,0
DA:105,0
DA:125,0
DA:132,0
DA:133,0
DA:142,0
DA:143,0
DA:161,0
DA:168,0
DA:169,0
DA:173,0
DA:187,0
DA:188,0
DA:189,0
DA:190,0
LF:32
LH:0
BRDA:44,1,0,0
BRDA:44,1,1,0
BRDA:69,2,0,0
BRDA:69,2,1,0
BRDA:88,3,0,0
BRDA:88,3,1,0
BRDA:94,4,0,0
BRDA:94,4,1,0
BRDA:103,5,0,0
BRDA:103,5,1,0
BRDA:132,6,0,0
BRDA:132,6,1,0
BRDA:168,7,0,0
BRDA:168,7,1,0
BRDA:169,8,0,0
BRDA:169,8,1,0
BRDA:189,9,0,0
BRDA:189,9,1,0
BRF:18
BRH:0
end_of_record
TN:
SF:/home/tabish/ahmad/factiiv/contracts/@openzeppelin/contracts/proxy/Proxy.sol
FN:21,_delegate
FN:57,_fallback
FN:66,
FN:84,_beforeFallback
FNF:4
FNH:0
FNDA:0,_delegate
FNDA:0,_fallback
FNDA:0,
FNDA:0,_beforeFallback
DA:22,0
DA:58,0
DA:59,0
DA:67,0
DA:75,0
LF:5
LH:0
BRF:0
BRH:0
end_of_record
TN:
SF:/home/tabish/ahmad/factiiv/contracts/@openzeppelin/contracts/proxy/transparent/ProxyAdmin.sol
FN:20,getProxyImplementation
FN:35,getProxyAdmin
FN:50,changeProxyAdmin
FN:61,upgrade
FN:77,upgradeAndCall
FNF:5
FNH:0
FNDA:0,getProxyImplementation
FNDA:0,getProxyAdmin
FNDA:0,changeProxyAdmin
FNDA:0,upgrade
FNDA:0,upgradeAndCall
DA:23,0
DA:24,0
DA:25,0
DA:38,0
DA:39,0
DA:40,0
DA:51,0
DA:62,0
DA:78,0
LF:9
LH:0
BRDA:24,1,0,0
BRDA:24,1,1,0
BRDA:39,2,0,0
BRDA:39,2,1,0
BRF:4
BRH:0
end_of_record
TN:
SF:/home/tabish/ahmad/factiiv/contracts/@openzeppelin/contracts/proxy/transparent/TransparentUpgradeableProxy.sol
FN:37,constructor
FN:45,ifAdmin
FN:62,admin
FN:75,implementation
FN:86,changeAdmin
FN:95,upgradeTo
FN:106,upgradeToAndCall
FN:113,_admin
FN:120,_beforeFallback
FNF:9
FNH:0
FNDA:0,constructor
FNDA:0,ifAdmin
FNDA:0,admin
FNDA:0,implementation
FNDA:0,changeAdmin
FNDA:0,upgradeTo
FNDA:0,upgradeToAndCall
FNDA:0,_admin
FNDA:0,_beforeFallback
DA:38,0
DA:39,0
DA:46,0
DA:47,0
DA:49,0
DA:63,0
DA:76,0
DA:87,0
DA:96,0
DA:107,0
DA:114,0
DA:121,0
DA:122,0
LF:13
LH:0
BRDA:46,1,0,0
BRDA:46,1,1,0
BRDA:121,2,0,0
BRDA:121,2,1,0
BRF:4
BRH:0
end_of_record
TN:
SF:/home/tabish/ahmad/factiiv/contracts/@openzeppelin/contracts/proxy/utils/Initializable.sol
FN:31,initializer
FNF:1
FNH:0
FNDA:0,initializer
DA:32,0
DA:34,0
DA:35,0
DA:36,0
DA:37,0
DA:40,0
DA:42,0
DA:43,0
LF:8
LH:0
BRDA:32,1,0,0
BRDA:32,1,1,0
BRDA:35,2,0,0
BRDA:35,2,1,0
BRDA:42,3,0,0
BRDA:42,3,1,0
BRF:6
BRH:0
end_of_record
TN:
SF:/home/tabish/ahmad/factiiv/contracts/@openzeppelin/contracts/proxy/utils/UUPSUpgradeable.sol
FN:30,onlyProxy
FN:43,upgradeTo
FN:56,upgradeToAndCall
FNF:3
FNH:0
FNDA:0,onlyProxy
FNDA:0,upgradeTo
FNDA:0,upgradeToAndCall
DA:31,0
DA:32,0
DA:33,0
DA:44,0
DA:45,0
DA:57,0
DA:58,0
LF:7
LH:0
BRDA:31,1,0,0
BRDA:31,1,1,0
BRDA:32,2,0,0
BRDA:32,2,1,0
BRF:4
BRH:0
end_of_record
TN:
SF:/home/tabish/ahmad/factiiv/contracts/@openzeppelin/contracts/security/Pausable.sol
FN:32,constructor
FN:39,paused
FN:50,whenNotPaused
FN:62,whenPaused
FN:74,_pause
FN:86,_unpause
FNF:6
FNH:0
FNDA:0,constructor
FNDA:0,paused
FNDA:0,whenNotPaused
FNDA:0,whenPaused
FNDA:0,_pause
FNDA:0,_unpause
DA:33,0
DA:40,0
DA:51,0
DA:52,0
DA:63,0
DA:64,0
DA:75,0
DA:76,0
DA:87,0
DA:88,0
LF:10
LH:0
BRDA:51,1,0,0
BRDA:51,1,1,0
BRDA:63,2,0,0
BRDA:63,2,1,0
BRF:4
BRH:0
end_of_record
TN:
SF:/home/tabish/ahmad/factiiv/contracts/@openzeppelin/contracts/security/PullPayment.sol
FN:28,constructor
FN:46,withdrawPayments
FN:54,payments
FN:66,_asyncTransfer
FNF:4
FNH:0
FNDA:0,constructor
FNDA:0,withdrawPayments
FNDA:0,payments
FNDA:0,_asyncTransfer
DA:29,0
DA:47,0
DA:55,0
DA:67,0
LF:4
LH:0
BRF:0
BRH:0
end_of_record
TN:
SF:/home/tabish/ahmad/factiiv/contracts/@openzeppelin/contracts/security/ReentrancyGuard.sol
FN:38,constructor
FN:49,nonReentrant
FNF:2
FNH:0
FNDA:0,constructor
FNDA:0,nonReentrant
DA:39,0
DA:51,0
DA:54,0
DA:56,0
DA:60,0
LF:5
LH:0
BRDA:51,1,0,0
BRDA:51,1,1,0
BRF:2
BRH:0
end_of_record
TN:
SF:/home/tabish/ahmad/factiiv/contracts/@openzeppelin/contracts/token/ERC1155/ERC1155.sol
FN:34,constructor
FN:41,supportsInterface
FN:58,uri
FN:69,balanceOf
FN:81,balanceOfBatch
FN:102,setApprovalForAll
FN:112,isApprovedForAll
FN:119,safeTransferFrom
FN:136,safeBatchTransferFrom
FN:162,_safeTransferFrom
FN:197,_safeBatchTransferFrom
FN:247,_setURI
FN:262,_mint
FN:289,_mintBatch
FN:319,_burn
FN:346,_burnBatch
FN:392,_beforeTokenTransfer
FN:401,_doSafeTransferAcceptanceCheck
FN:422,_doSafeBatchTransferAcceptanceCheck
FN:445,_asSingletonArray
FNF:20
FNH:0
FNDA:0,constructor
FNDA:0,supportsInterface
FNDA:0,uri
FNDA:0,balanceOf
FNDA:0,balanceOfBatch
FNDA:0,setApprovalForAll
FNDA:0,isApprovedForAll
FNDA:0,safeTransferFrom
FNDA:0,safeBatchTransferFrom
FNDA:0,_safeTransferFrom
FNDA:0,_safeBatchTransferFrom
FNDA:0,_setURI
FNDA:0,_mint
FNDA:0,_mintBatch
FNDA:0,_burn
FNDA:0,_burnBatch
FNDA:0,_beforeTokenTransfer
FNDA:0,_doSafeTransferAcceptanceCheck
FNDA:0,_doSafeBatchTransferAcceptanceCheck
FNDA:0,_asSingletonArray
DA:35,0
DA:42,0
DA:59,0
DA:70,0
DA:71,0
DA:88,0
DA:90,0
DA:92,0
DA:93,0
DA:96,0
DA:103,0
DA:105,0
DA:106,0
DA:113,0
DA:126,0
DA:130,0
DA:143,0
DA:147,0
DA:169,0
DA:171,0
DA:173,0
DA:175,0
DA:176,0
DA:177,0
DA:180,0
DA:182,0
DA:184,0
DA:204,0
DA:205,0
DA:207,0
DA:209,0
DA:211,0
DA:212,0
DA:213,0
DA:215,0
DA:216,0
DA:217,0
DA:220,0
DA:223,0
DA:225,0
DA:248,0
DA:268,0
DA:270,0
DA:272,0
DA:274,0
DA:275,0
DA:277,0
DA:295,0
DA:296,0
DA:298,0
DA:300,0
DA:302,0
DA:303,0
DA:306,0
DA:308,0
DA:324,0
DA:326,0
DA:328,0
DA:330,0
DA:331,0
DA:332,0
DA:336,0
DA:351,0
DA:352,0
DA:354,0
DA:356,0
DA:358,0
DA:359,0
DA:360,0
DA:362,0
DA:363,0
DA:364,0
DA:369,0
DA:409,0
DA:410,0
DA:411,0
DA:412,0
DA:415,0
DA:417,0
DA:430,0
DA:431,0
DA:434,0
DA:435,0
DA:438,0
DA:440,0
DA:446,0
DA:447,0
DA:449,0
LF:88
LH:0
BRDA:70,1,0,0
BRDA:70,1,1,0
BRDA:88,2,0,0
BRDA:88,2,1,0
BRDA:103,3,0,0
BRDA:103,3,1,0
BRDA:126,4,0,0
BRDA:126,4,1,0
BRDA:143,5,0,0
BRDA:143,5,1,0
BRDA:169,6,0,0
BRDA:169,6,1,0
BRDA:176,7,0,0
BRDA:176,7,1,0
BRDA:204,8,0,0
BRDA:204,8,1,0
BRDA:205,9,0,0
BRDA:205,9,1,0
BRDA:216,10,0,0
BRDA:216,10,1,0
BRDA:268,11,0,0
BRDA:268,11,1,0
BRDA:295,12,0,0
BRDA:295,12,1,0
BRDA:296,13,0,0
BRDA:296,13,1,0
BRDA:324,14,0,0
BRDA:324,14,1,0
BRDA:331,15,0,0
BRDA:331,15,1,0
BRDA:351,16,0,0
BRDA:351,16,1,0
BRDA:352,17,0,0
BRDA:352,17,1,0
BRDA:363,18,0,0
BRDA:363,18,1,0
BRDA:409,19,0,0
BRDA:409,19,1,0
BRDA:411,20,0,0
BRDA:411,20,1,0
BRDA:430,21,0,0
BRDA:430,21,1,0
BRDA:434,22,0,0
BRDA:434,22,1,0
BRF:44
BRH:0
end_of_record
TN:
SF:/home/tabish/ahmad/factiiv/contracts/@openzeppelin/contracts/token/ERC1155/extensions/ERC1155Burnable.sol
FN:14,burn
FN:27,burnBatch
FNF:2
FNH:0
FNDA:0,burn
FNDA:0,burnBatch
DA:19,0
DA:24,0
DA:32,0
DA:37,0
LF:4
LH:0
BRDA:19,1,0,0
BRDA:19,1,1,0
BRDA:32,2,0,0
BRDA:32,2,1,0
BRF:4
BRH:0
end_of_record
TN:
SF:/home/tabish/ahmad/factiiv/contracts/@openzeppelin/contracts/token/ERC1155/extensions/ERC1155Pausable.sol
FN:25,_beforeTokenTransfer
FNF:1
FNH:0
FNDA:0,_beforeTokenTransfer
DA:33,0
DA:35,0
LF:2
LH:0
BRDA:35,1,0,0
BRDA:35,1,1,0
BRF:2
BRH:0
end_of_record
TN:
SF:/home/tabish/ahmad/factiiv/contracts/@openzeppelin/contracts/token/ERC1155/extensions/ERC1155Supply.sol
FN:21,totalSupply
FN:28,exists
FN:35,_mint
FN:48,_mintBatch
FN:63,_burn
FN:75,_burnBatch
FNF:6
FNH:0
FNDA:0,totalSupply
FNDA:0,exists
FNDA:0,_mint
FNDA:0,_mintBatch
FNDA:0,_burn
FNDA:0,_burnBatch
DA:22,0
DA:29,0
DA:41,0
DA:42,0
DA:54,0
DA:55,0
DA:56,0
DA:68,0
DA:69,0
DA:80,0
DA:81,0
DA:82,0
LF:12
LH:0
BRF:0
BRH:0
end_of_record
TN:
SF:/home/tabish/ahmad/factiiv/contracts/@openzeppelin/contracts/token/ERC1155/extensions/IERC1155MetadataURI.sol
FNF:0
FNH:0
LF:0
LH:0
BRF:0
BRH:0
end_of_record
TN:
SF:/home/tabish/ahmad/factiiv/contracts/@openzeppelin/contracts/token/ERC1155/IERC1155.sol
FNF:0
FNH:0
LF:0
LH:0
BRF:0
BRH:0
end_of_record
TN:
SF:/home/tabish/ahmad/factiiv/contracts/@openzeppelin/contracts/token/ERC1155/IERC1155Receiver.sol
FNF:0
FNH:0
LF:0
LH:0
BRF:0
BRH:0
end_of_record
TN:
SF:/home/tabish/ahmad/factiiv/contracts/@openzeppelin/contracts/token/ERC1155/presets/ERC1155PresetMinterPauser.sol
FN:33,constructor
FN:49,mint
FN:63,mintBatch
FN:83,pause
FN:97,unpause
FN:105,supportsInterface
FN:115,_beforeTokenTransfer
FNF:7
FNH:0
FNDA:0,constructor
FNDA:0,mint
FNDA:0,mintBatch
FNDA:0,pause
FNDA:0,unpause
FNDA:0,supportsInterface
FNDA:0,_beforeTokenTransfer
DA:34,0
DA:36,0
DA:37,0
DA:55,0
DA:57,0
DA:69,0
DA:71,0
DA:84,0
DA:85,0
DA:98,0
DA:99,0
DA:112,0
DA:123,0
LF:13
LH:0
BRDA:55,1,0,0
BRDA:55,1,1,0
BRDA:69,2,0,0
BRDA:69,2,1,0
BRDA:84,3,0,0
BRDA:84,3,1,0
BRDA:98,4,0,0
BRDA:98,4,1,0
BRF:8
BRH:0
end_of_record
TN:
SF:/home/tabish/ahmad/factiiv/contracts/@openzeppelin/contracts/token/ERC1155/utils/ERC1155Holder.sol
FN:11,onERC1155Received
FN:21,onERC1155BatchReceived
FNF:2
FNH:0
FNDA:0,onERC1155Received
FNDA:0,onERC1155BatchReceived
DA:18,0
DA:28,0
LF:2
LH:0
BRF:0
BRH:0
end_of_record
TN:
SF:/home/tabish/ahmad/factiiv/contracts/@openzeppelin/contracts/token/ERC1155/utils/ERC1155Receiver.sol
FN:15,supportsInterface
FNF:1
FNH:0
FNDA:0,supportsInterface
DA:16,0
LF:1
LH:0
BRF:0
BRH:0
end_of_record
TN:
SF:/home/tabish/ahmad/factiiv/contracts/@openzeppelin/contracts/token/ERC20/ERC20.sol
FN:53,constructor
FN:61,name
FN:69,symbol
FN:86,decimals
FN:93,totalSupply
FN:100,balanceOf
FN:112,transfer
FN:120,allowance
FN:131,approve
FN:149,transferFrom
FN:177,increaseAllowance
FN:196,decreaseAllowance
FN:220,_transfer
FN:251,_mint
FN:274,_burn
FN:304,_approve
FN:330,_beforeTokenTransfer
FN:350,_afterTokenTransfer
FNF:18
FNH:0
FNDA:0,constructor
FNDA:0,name
FNDA:0,symbol
FNDA:0,decimals
FNDA:0,totalSupply
FNDA:0,balanceOf
FNDA:0,transfer
FNDA:0,allowance
FNDA:0,approve
FNDA:0,transferFrom
FNDA:0,increaseAllowance
FNDA:0,decreaseAllowance
FNDA:0,_transfer
FNDA:0,_mint
FNDA:0,_burn
FNDA:0,_approve
FNDA:0,_beforeTokenTransfer
FNDA:0,_afterTokenTransfer
DA:54,0
DA:55,0
DA:62,0
DA:70,0
DA:87,0
DA:94,0
DA:101,0
DA:113,0
DA:114,0
DA:121,0
DA:132,0
DA:133,0
DA:154,0
DA:156,0
DA:157,0
DA:158,0
DA:162,0
DA:178,0
DA:179,0
DA:197,0
DA:198,0
DA:199,0
DA:203,0
DA:225,0
DA:226,0
DA:228,0
DA:230,0
DA:231,0
DA:232,0
DA:235,0
DA:237,0
DA:239,0
DA:252,0
DA:254,0
DA:256,0
DA:257,0
DA:258,0
DA:260,0
DA:275,0
DA:277,0
DA:279,0
DA:280,0
DA:281,0
DA:284,0
DA:286,0
DA:288,0
DA:309,0
DA:310,0
DA:312,0
DA:313,0
LF:50
LH:0
BRDA:157,1,0,0
BRDA:157,1,1,0
BRDA:198,2,0,0
BRDA:198,2,1,0
BRDA:225,3,0,0
BRDA:225,3,1,0
BRDA:226,4,0,0
BRDA:226,4,1,0
BRDA:231,5,0,0
BRDA:231,5,1,0
BRDA:252,6,0,0
BRDA:252,6,1,0
BRDA:275,7,0,0
BRDA:275,7,1,0
BRDA:280,8,0,0
BRDA:280,8,1,0
BRDA:309,9,0,0
BRDA:309,9,1,0
BRDA:310,10,0,0
BRDA:310,10,1,0
BRF:20
BRH:0
end_of_record
TN:
SF:/home/tabish/ahmad/factiiv/contracts/@openzeppelin/contracts/token/ERC20/extensions/draft-ERC20Permit.sol
FN:35,constructor
FN:40,permit
FN:64,nonces
FN:72,DOMAIN_SEPARATOR
FN:81,_useNonce
FNF:5
FNH:0
FNDA:0,constructor
FNDA:0,permit
FNDA:0,nonces
FNDA:0,DOMAIN_SEPARATOR
FNDA:0,_useNonce
DA:49,0
DA:51,0
DA:53,0
DA:55,0
DA:56,0
DA:58,0
DA:65,0
DA:73,0
DA:82,0
DA:83,0
DA:84,0
LF:11
LH:0
BRDA:49,1,0,0
BRDA:49,1,1,0
BRDA:56,2,0,0
BRDA:56,2,1,0
BRF:4
BRH:0
end_of_record
TN:
SF:/home/tabish/ahmad/factiiv/contracts/@openzeppelin/contracts/token/ERC20/extensions/draft-IERC20Permit.sol
FNF:0
FNH:0
LF:0
LH:0
BRF:0
BRH:0
end_of_record
TN:
SF:/home/tabish/ahmad/factiiv/contracts/@openzeppelin/contracts/token/ERC20/extensions/ERC20Burnable.sol
FN:19,burn
FN:34,burnFrom
FNF:2
FNH:0
FNDA:0,burn
FNDA:0,burnFrom
DA:20,0
DA:35,0
DA:36,0
DA:37,0
DA:40,0
LF:5
LH:0
BRDA:36,1,0,0
BRDA:36,1,1,0
BRF:2
BRH:0
end_of_record
TN:
SF:/home/tabish/ahmad/factiiv/contracts/@openzeppelin/contracts/token/ERC20/extensions/ERC20Capped.sol
FN:17,constructor
FN:25,cap
FN:32,_mint
FNF:3
FNH:0
FNDA:0,constructor
FNDA:0,cap
FNDA:0,_mint
DA:18,0
DA:19,0
DA:26,0
DA:33,0
DA:34,0
LF:5
LH:0
BRDA:18,1,0,0
BRDA:18,1,1,0
BRDA:33,2,0,0
BRDA:33,2,1,0
BRF:4
BRH:0
end_of_record
TN:
SF:/home/tabish/ahmad/factiiv/contracts/@openzeppelin/contracts/token/ERC20/extensions/ERC20FlashMint.sol
FN:25,maxFlashLoan
FN:37,flashFee
FN:58,flashLoan
FNF:3
FNH:0
FNDA:0,maxFlashLoan
FNDA:0,flashFee
FNDA:0,flashLoan
DA:26,0
DA:38,0
DA:40,0
DA:41,0
DA:64,0
DA:65,0
DA:66,0
DA:70,0
DA:71,0
DA:72,0
DA:73,0
DA:74,0
LF:12
LH:0
BRDA:38,1,0,0
BRDA:38,1,1,0
BRDA:66,2,0,0
BRDA:66,2,1,0
BRDA:71,3,0,0
BRDA:71,3,1,0
BRF:6
BRH:0
end_of_record
TN:
SF:/home/tabish/ahmad/factiiv/contracts/@openzeppelin/contracts/token/ERC20/extensions/ERC20Pausable.sol
FN:23,_beforeTokenTransfer
FNF:1
FNH:0
FNDA:0,_beforeTokenTransfer
DA:28,0
DA:30,0
LF:2
LH:0
BRDA:30,1,0,0
BRDA:30,1,1,0
BRF:2
BRH:0
end_of_record
TN:
SF:/home/tabish/ahmad/factiiv/contracts/@openzeppelin/contracts/token/ERC20/extensions/ERC20Snapshot.sol
FN:87,_snapshot
FN:98,_getCurrentSnapshotId
FN:105,balanceOfAt
FN:114,totalSupplyAt
FN:122,_beforeTokenTransfer
FN:144,_valueAt
FN:171,_updateAccountSnapshot
FN:175,_updateTotalSupplySnapshot
FN:179,_updateSnapshot
FN:187,_lastSnapshotId
FNF:10
FNH:0
FNDA:0,_snapshot
FNDA:0,_getCurrentSnapshotId
FNDA:0,balanceOfAt
FNDA:0,totalSupplyAt
FNDA:0,_beforeTokenTransfer
FNDA:0,_valueAt
FNDA:0,_updateAccountSnapshot
FNDA:0,_updateTotalSupplySnapshot
FNDA:0,_updateSnapshot
FNDA:0,_lastSnapshotId
DA:88,0
DA:90,0
DA:91,0
DA:92,0
DA:99,0
DA:106,0
DA:108,0
DA:115,0
DA:117,0
DA:127,0
DA:129,0
DA:131,0
DA:132,0
DA:135,0
DA:136,0
DA:139,0
DA:140,0
DA:145,0
DA:146,0
DA:162,0
DA:164,0
DA:165,0
DA:167,0
DA:172,0
DA:176,0
DA:180,0
DA:181,0
DA:182,0
DA:183,0
DA:188,0
DA:189,0
DA:191,0
LF:32
LH:0
BRDA:129,1,0,0
BRDA:129,1,1,0
BRDA:133,2,0,0
BRDA:133,2,1,0
BRDA:145,3,0,0
BRDA:145,3,1,0
BRDA:146,4,0,0
BRDA:146,4,1,0
BRDA:164,5,0,0
BRDA:164,5,1,0
BRDA:181,6,0,0
BRDA:181,6,1,0
BRDA:188,7,0,0
BRDA:188,7,1,0
BRF:14
BRH:0
end_of_record
TN:
SF:/home/tabish/ahmad/factiiv/contracts/@openzeppelin/contracts/token/ERC20/extensions/ERC20Votes.sol
FN:53,checkpoints
FN:60,numCheckpoints
FN:67,delegates
FN:74,getVotes
FN:86,getPastVotes
FN:99,getPastTotalSupply
FN:107,_checkpointsLookup
FN:136,delegate
FN:143,delegateBySig
FN:165,_maxSupply
FN:172,_mint
FN:182,_burn
FN:193,_afterTokenTransfer
FN:208,_delegate
FN:218,_moveVotingPower
FN:236,_writeCheckpoint
FN:252,_add
FN:256,_subtract
FNF:18
FNH:0
FNDA:0,checkpoints
FNDA:0,numCheckpoints
FNDA:0,delegates
FNDA:0,getVotes
FNDA:0,getPastVotes
FNDA:0,getPastTotalSupply
FNDA:0,_checkpointsLookup
FNDA:0,delegate
FNDA:0,delegateBySig
FNDA:0,_maxSupply
FNDA:0,_mint
FNDA:0,_burn
FNDA:0,_afterTokenTransfer
FNDA:0,_delegate
FNDA:0,_moveVotingPower
FNDA:0,_writeCheckpoint
FNDA:0,_add
FNDA:0,_subtract
DA:54,0
DA:61,0
DA:68,0
DA:75,0
DA:76,0
DA:87,0
DA:88,0
DA:100,0
DA:101,0
DA:119,0
DA:120,0
DA:121,0
DA:122,0
DA:123,0
DA:124,0
DA:126,0
DA:130,0
DA:137,0
DA:151,0
DA:152,0
DA:158,0
DA:159,0
DA:166,0
DA:173,0
DA:174,0
DA:176,0
DA:183,0
DA:185,0
DA:198,0
DA:200,0
DA:209,0
DA:210,0
DA:211,0
DA:213,0
DA:215,0
DA:223,0
DA:224,0
DA:225,0
DA:226,0
DA:229,0
DA:230,0
DA:231,0
DA:241,0
DA:242,0
DA:243,0
DA:245,0
DA:246,0
DA:248,0
DA:253,0
DA:257,0
LF:50
LH:0
BRDA:87,1,0,0
BRDA:87,1,1,0
BRDA:100,2,0,0
BRDA:100,2,1,0
BRDA:123,3,0,0
BRDA:123,3,1,0
BRDA:151,4,0,0
BRDA:151,4,1,0
BRDA:158,5,0,0
BRDA:158,5,1,0
BRDA:174,6,0,0
BRDA:174,6,1,0
BRDA:223,7,0,0
BRDA:223,7,1,0
BRDA:224,8,0,0
BRDA:224,8,1,0
BRDA:229,9,0,0
BRDA:229,9,1,0
BRDA:245,10,0,0
BRDA:245,10,1,0
BRF:20
BRH:0
end_of_record
TN:
SF:/home/tabish/ahmad/factiiv/contracts/@openzeppelin/contracts/token/ERC20/extensions/ERC20VotesComp.sol
FN:30,getCurrentVotes
FN:37,getPriorVotes
FN:44,_maxSupply
FNF:3
FNH:0
FNDA:0,getCurrentVotes
FNDA:0,getPriorVotes
FNDA:0,_maxSupply
DA:31,0
DA:38,0
DA:45,0
LF:3
LH:0
BRF:0
BRH:0
end_of_record
TN:
SF:/home/tabish/ahmad/factiiv/contracts/@openzeppelin/contracts/token/ERC20/extensions/ERC20Wrapper.sol
FN:20,constructor
FN:27,depositFor
FN:36,withdrawTo
FN:46,_recover
FNF:4
FNH:0
FNDA:0,constructor
FNDA:0,depositFor
FNDA:0,withdrawTo
FNDA:0,_recover
DA:21,0
DA:28,0
DA:29,0
DA:30,0
DA:37,0
DA:38,0
DA:39,0
DA:47,0
DA:48,0
DA:49,0
LF:10
LH:0
BRF:0
BRH:0
end_of_record
TN:
SF:/home/tabish/ahmad/factiiv/contracts/@openzeppelin/contracts/token/ERC20/extensions/IERC20Metadata.sol
FNF:0
FNH:0
LF:0
LH:0
BRF:0
BRH:0
end_of_record
TN:
SF:/home/tabish/ahmad/factiiv/contracts/@openzeppelin/contracts/token/ERC20/IERC20.sol
FNF:0
FNH:0
LF:0
LH:0
BRF:0
BRH:0
end_of_record
TN:
SF:/home/tabish/ahmad/factiiv/contracts/@openzeppelin/contracts/token/ERC20/presets/ERC20PresetFixedSupply.sol
FN:29,constructor
FNF:1
FNH:0
FNDA:0,constructor
DA:30,0
LF:1
LH:0
BRF:0
BRH:0
end_of_record
TN:
SF:/home/tabish/ahmad/factiiv/contracts/@openzeppelin/contracts/token/ERC20/presets/ERC20PresetMinterPauser.sol
FN:35,constructor
FN:51,mint
FN:65,pause
FN:79,unpause
FN:84,_beforeTokenTransfer
FNF:5
FNH:0
FNDA:0,constructor
FNDA:0,mint
FNDA:0,pause
FNDA:0,unpause
FNDA:0,_beforeTokenTransfer
DA:36,0
DA:38,0
DA:39,0
DA:52,0
DA:53,0
DA:66,0
DA:67,0
DA:80,0
DA:81,0
DA:89,0
LF:10
LH:0
BRDA:52,1,0,0
BRDA:52,1,1,0
BRDA:66,2,0,0
BRDA:66,2,1,0
BRDA:80,3,0,0
BRDA:80,3,1,0
BRF:6
BRH:0
end_of_record
TN:
SF:/home/tabish/ahmad/factiiv/contracts/@openzeppelin/contracts/token/ERC20/utils/SafeERC20.sol
FN:20,safeTransfer
FN:28,safeTransferFrom
FN:44,safeApprove
FN:59,safeIncreaseAllowance
FN:68,safeDecreaseAllowance
FN:87,_callOptionalReturn
FNF:6
FNH:0
FNDA:0,safeTransfer
FNDA:0,safeTransferFrom
FNDA:0,safeApprove
FNDA:0,safeIncreaseAllowance
FNDA:0,safeDecreaseAllowance
FNDA:0,_callOptionalReturn
DA:25,0
DA:34,0
DA:52,0
DA:56,0
DA:64,0
DA:65,0
DA:73,0
DA:92,0
DA:93,0
DA:95,0
LF:10
LH:0
BRDA:52,1,0,0
BRDA:52,1,1,0
BRDA:93,2,0,0
BRDA:93,2,1,0
BRDA:95,3,0,0
BRDA:95,3,1,0
BRF:6
BRH:0
end_of_record
TN:
SF:/home/tabish/ahmad/factiiv/contracts/@openzeppelin/contracts/token/ERC20/utils/TokenTimelock.sol
FN:26,constructor
FN:40,token
FN:47,beneficiary
FN:54,releaseTime
FN:61,release
FNF:5
FNH:0
FNDA:0,constructor
FNDA:0,token
FNDA:0,beneficiary
FNDA:0,releaseTime
FNDA:0,release
DA:31,0
DA:32,0
DA:33,0
DA:34,0
DA:41,0
DA:48,0
DA:55,0
DA:62,0
DA:64,0
DA:65,0
DA:67,0
LF:11
LH:0
BRDA:31,1,0,0
BRDA:31,1,1,0
BRDA:62,2,0,0
BRDA:62,2,1,0
BRDA:65,3,0,0
BRDA:65,3,1,0
BRF:6
BRH:0
end_of_record
TN:
SF:/home/tabish/ahmad/factiiv/contracts/@openzeppelin/contracts/token/ERC721/ERC721.sol
FN:43,constructor
FN:51,supportsInterface
FN:61,balanceOf
FN:69,ownerOf
FN:78,name
FN:85,symbol
FN:92,tokenURI
FN:104,_baseURI
FN:111,approve
FN:126,getApproved
FN:135,setApprovalForAll
FN:145,isApprovedForAll
FN:152,transferFrom
FN:166,safeTransferFrom
FN:177,safeTransferFrom
FN:205,_safeTransfer
FN:223,_exists
FN:234,_isApprovedOrOwner
FN:250,_safeMint
FN:258,_safeMint
FN:282,_mint
FN:304,_burn
FN:329,_transfer
FN:354,_approve
FN:369,_checkOnERC721Received
FN:406,_beforeTokenTransfer
FNF:26
FNH:0
FNDA:0,constructor
FNDA:0,supportsInterface
FNDA:0,balanceOf
FNDA:0,ownerOf
FNDA:0,name
FNDA:0,symbol
FNDA:0,tokenURI
FNDA:0,_baseURI
FNDA:0,approve
FNDA:0,getApproved
FNDA:0,setApprovalForAll
FNDA:0,isApprovedForAll
FNDA:0,transferFrom
FNDA:0,safeTransferFrom
FNDA:0,safeTransferFrom
FNDA:0,_safeTransfer
FNDA:0,_exists
FNDA:0,_isApprovedOrOwner
FNDA:0,_safeMint
FNDA:0,_safeMint
FNDA:0,_mint
FNDA:0,_burn
FNDA:0,_transfer
FNDA:0,_approve
FNDA:0,_checkOnERC721Received
FNDA:0,_beforeTokenTransfer
DA:44,0
DA:45,0
DA:52,0
DA:62,0
DA:63,0
DA:70,0
DA:71,0
DA:72,0
DA:79,0
DA:86,0
DA:93,0
DA:95,0
DA:96,0
DA:105,0
DA:112,0
DA:113,0
DA:115,0
DA:120,0
DA:127,0
DA:129,0
DA:136,0
DA:138,0
DA:139,0
DA:146,0
DA:158,0
DA:160,0
DA:171,0
DA:183,0
DA:184,0
DA:211,0
DA:212,0
DA:224,0
DA:235,0
DA:236,0
DA:237,0
DA:251,0
DA:263,0
DA:264,0
DA:283,0
DA:284,0
DA:286,0
DA:288,0
DA:289,0
DA:291,0
DA:305,0
DA:307,0
DA:310,0
DA:312,0
DA:313,0
DA:315,0
DA:334,0
DA:335,0
DA:337,0
DA:340,0
DA:342,0
DA:343,0
DA:344,0
DA:346,0
DA:355,0
DA:356,0
DA:375,0
DA:376,0
DA:377,0
DA:379,0
DA:380,0
DA:382,0
DA:388,0
LF:67
LH:0
BRDA:62,1,0,0
BRDA:62,1,1,0
BRDA:71,2,0,0
BRDA:71,2,1,0
BRDA:93,3,0,0
BRDA:93,3,1,0
BRDA:113,4,0,0
BRDA:113,4,1,0
BRDA:115,5,0,0
BRDA:115,5,1,0
BRDA:127,6,0,0
BRDA:127,6,1,0
BRDA:136,7,0,0
BRDA:136,7,1,0
BRDA:158,8,0,0
BRDA:158,8,1,0
BRDA:183,9,0,0
BRDA:183,9,1,0
BRDA:212,10,0,0
BRDA:212,10,1,0
BRDA:235,11,0,0
BRDA:235,11,1,0
BRDA:264,12,0,0
BRDA:264,12,1,0
BRDA:283,13,0,0
BRDA:283,13,1,0
BRDA:284,14,0,0
BRDA:284,14,1,0
BRDA:334,15,0,0
BRDA:334,15,1,0
BRDA:335,16,0,0
BRDA:335,16,1,0
BRDA:375,17,0,0
BRDA:375,17,1,0
BRDA:379,18,0,0
BRDA:379,18,1,0
BRF:36
BRH:0
end_of_record
TN:
SF:/home/tabish/ahmad/factiiv/contracts/@openzeppelin/contracts/token/ERC721/extensions/ERC721Burnable.sol
FN:20,burn
FNF:1
FNH:0
FNDA:0,burn
DA:22,0
DA:23,0
LF:2
LH:0
BRDA:22,1,0,0
BRDA:22,1,1,0
BRF:2
BRH:0
end_of_record
TN:
SF:/home/tabish/ahmad/factiiv/contracts/@openzeppelin/contracts/token/ERC721/extensions/ERC721Enumerable.sol
FN:29,supportsInterface
FN:36,tokenOfOwnerByIndex
FN:44,totalSupply
FN:51,tokenByIndex
FN:71,_beforeTokenTransfer
FN:95,_addTokenToOwnerEnumeration
FN:105,_addTokenToAllTokensEnumeration
FN:118,_removeTokenFromOwnerEnumeration
FN:143,_removeTokenFromAllTokensEnumeration
FNF:9
FNH:0
FNDA:0,supportsInterface
FNDA:0,tokenOfOwnerByIndex
FNDA:0,totalSupply
FNDA:0,tokenByIndex
FNDA:0,_beforeTokenTransfer
FNDA:0,_addTokenToOwnerEnumeration
FNDA:0,_addTokenToAllTokensEnumeration
FNDA:0,_removeTokenFromOwnerEnumeration
FNDA:0,_removeTokenFromAllTokensEnumeration
DA:30,0
DA:37,0
DA:38,0
DA:45,0
DA:52,0
DA:53,0
DA:76,0
DA:78,0
DA:79,0
DA:81,0
DA:83,0
DA:84,0
DA:86,0
DA:96,0
DA:97,0
DA:98,0
DA:106,0
DA:107,0
DA:122,0
DA:123,0
DA:126,0
DA:127,0
DA:129,0
DA:130,0
DA:134,0
DA:135,0
DA:147,0
DA:148,0
DA:153,0
DA:155,0
DA:156,0
DA:159,0
DA:160,0
LF:33
LH:0
BRDA:37,1,0,0
BRDA:37,1,1,0
BRDA:52,2,0,0
BRDA:52,2,1,0
BRDA:78,3,0,0
BRDA:78,3,1,0
BRDA:80,4,0,0
BRDA:80,4,1,0
BRDA:83,5,0,0
BRDA:83,5,1,0
BRDA:85,6,0,0
BRDA:85,6,1,0
BRDA:126,7,0,0
BRDA:126,7,1,0
BRF:14
BRH:0
end_of_record
TN:
SF:/home/tabish/ahmad/factiiv/contracts/@openzeppelin/contracts/token/ERC721/extensions/ERC721Pausable.sol
FN:23,_beforeTokenTransfer
FNF:1
FNH:0
FNDA:0,_beforeTokenTransfer
DA:28,0
DA:30,0
LF:2
LH:0
BRDA:30,1,0,0
BRDA:30,1,1,0
BRF:2
BRH:0
end_of_record
TN:
SF:/home/tabish/ahmad/factiiv/contracts/@openzeppelin/contracts/token/ERC721/extensions/ERC721URIStorage.sol
FN:19,tokenURI
FN:44,_setTokenURI
FN:59,_burn
FNF:3
FNH:0
FNDA:0,tokenURI
FNDA:0,_setTokenURI
FNDA:0,_burn
DA:20,0
DA:22,0
DA:23,0
DA:26,0
DA:27,0
DA:30,0
DA:31,0
DA:34,0
DA:45,0
DA:46,0
DA:60,0
DA:62,0
DA:63,0
LF:13
LH:0
BRDA:20,1,0,0
BRDA:20,1,1,0
BRDA:26,2,0,0
BRDA:26,2,1,0
BRDA:30,3,0,0
BRDA:30,3,1,0
BRDA:45,4,0,0
BRDA:45,4,1,0
BRDA:62,5,0,0
BRDA:62,5,1,0
BRF:10
BRH:0
end_of_record
TN:
SF:/home/tabish/ahmad/factiiv/contracts/@openzeppelin/contracts/token/ERC721/extensions/IERC721Enumerable.sol
FNF:0
FNH:0
LF:0
LH:0
BRF:0
BRH:0
end_of_record
TN:
SF:/home/tabish/ahmad/factiiv/contracts/@openzeppelin/contracts/token/ERC721/extensions/IERC721Metadata.sol
FNF:0
FNH:0
LF:0
LH:0
BRF:0
BRH:0
end_of_record
TN:
SF:/home/tabish/ahmad/factiiv/contracts/@openzeppelin/contracts/token/ERC721/IERC721.sol
FNF:0
FNH:0
LF:0
LH:0
BRF:0
BRH:0
end_of_record
TN:
SF:/home/tabish/ahmad/factiiv/contracts/@openzeppelin/contracts/token/ERC721/IERC721Receiver.sol
FNF:0
FNH:0
LF:0
LH:0
BRF:0
BRH:0
end_of_record
TN:
SF:/home/tabish/ahmad/factiiv/contracts/@openzeppelin/contracts/token/ERC721/presets/ERC721PresetMinterPauserAutoId.sol
FN:55,constructor
FN:64,_baseURI
FN:79,mint
FN:97,pause
FN:111,unpause
FN:116,_beforeTokenTransfer
FN:127,supportsInterface
FNF:7
FNH:0
FNDA:0,constructor
FNDA:0,_baseURI
FNDA:0,mint
FNDA:0,pause
FNDA:0,unpause
FNDA:0,_beforeTokenTransfer
FNDA:0,supportsInterface
DA:56,0
DA:58,0
DA:60,0
DA:61,0
DA:65,0
DA:80,0
DA:84,0
DA:85,0
DA:98,0
DA:99,0
DA:112,0
DA:113,0
DA:121,0
DA:134,0
LF:14
LH:0
BRDA:80,1,0,0
BRDA:80,1,1,0
BRDA:98,2,0,0
BRDA:98,2,1,0
BRDA:112,3,0,0
BRDA:112,3,1,0
BRF:6
BRH:0
end_of_record
TN:
SF:/home/tabish/ahmad/factiiv/contracts/@openzeppelin/contracts/token/ERC721/utils/ERC721Holder.sol
FN:19,onERC721Received
FNF:1
FNH:0
FNDA:0,onERC721Received
DA:25,0
LF:1
LH:0
BRF:0
BRH:0
end_of_record
TN:
SF:/home/tabish/ahmad/factiiv/contracts/@openzeppelin/contracts/token/ERC777/ERC777.sol
FN:59,constructor
FN:80,name
FN:87,symbol
FN:97,decimals
FN:106,granularity
FN:113,totalSupply
FN:120,balanceOf
FN:129,send
FN:145,transfer
FN:164,burn
FN:171,isOperatorFor
FN:181,authorizeOperator
FN:196,revokeOperator
FN:211,defaultOperators
FN:220,operatorSend
FN:236,operatorBurn
FN:253,allowance
FN:262,approve
FN:277,transferFrom
FN:317,_mint
FN:344,_mint
FN:376,_send
FN:403,_burn
FN:429,_move
FN:455,_approve
FN:476,_callTokensToSend
FN:501,_callTokensReceived
FN:532,_beforeTokenTransfer
FNF:28
FNH:0
FNDA:0,constructor
FNDA:0,name
FNDA:0,symbol
FNDA:0,decimals
FNDA:0,granularity
FNDA:0,totalSupply
FNDA:0,balanceOf
FNDA:0,send
FNDA:0,transfer
FNDA:0,burn
FNDA:0,isOperatorFor
FNDA:0,authorizeOperator
FNDA:0,revokeOperator
FNDA:0,defaultOperators
FNDA:0,operatorSend
FNDA:0,operatorBurn
FNDA:0,allowance
FNDA:0,approve
FNDA:0,transferFrom
FNDA:0,_mint
FNDA:0,_mint
FNDA:0,_send
FNDA:0,_burn
FNDA:0,_move
FNDA:0,_approve
FNDA:0,_callTokensToSend
FNDA:0,_callTokensReceived
FNDA:0,_beforeTokenTransfer
DA:64,0
DA:65,0
DA:67,0
DA:68,0
DA:69,0
DA:73,0
DA:74,0
DA:81,0
DA:88,0
DA:98,0
DA:107,0
DA:114,0
DA:121,0
DA:134,0
DA:146,0
DA:148,0
DA:150,0
DA:152,0
DA:154,0
DA:156,0
DA:165,0
DA:172,0
DA:182,0
DA:184,0
DA:185,0
DA:187,0
DA:190,0
DA:197,0
DA:199,0
DA:200,0
DA:202,0
DA:205,0
DA:212,0
DA:227,0
DA:228,0
DA:242,0
DA:243,0
DA:254,0
DA:263,0
DA:264,0
DA:265,0
DA:282,0
DA:283,0
DA:285,0
DA:287,0
DA:289,0
DA:291,0
DA:292,0
DA:293,0
DA:295,0
DA:297,0
DA:323,0
DA:351,0
DA:353,0
DA:355,0
DA:358,0
DA:359,0
DA:361,0
DA:363,0
DA:364,0
DA:384,0
DA:385,0
DA:387,0
DA:389,0
DA:391,0
DA:393,0
DA:409,0
DA:411,0
DA:413,0
DA:415,0
DA:418,0
DA:419,0
DA:420,0
DA:423,0
DA:425,0
DA:426,0
DA:437,0
DA:439,0
DA:440,0
DA:441,0
DA:444,0
DA:446,0
DA:447,0
DA:460,0
DA:461,0
DA:463,0
DA:464,0
DA:484,0
DA:485,0
DA:486,0
DA:510,0
DA:511,0
DA:512,0
DA:514,0
LF:94
LH:0
BRDA:146,1,0,0
BRDA:146,1,1,0
BRDA:182,2,0,0
BRDA:182,2,1,0
BRDA:184,3,0,0
BRDA:184,3,1,0
BRDA:197,4,0,0
BRDA:197,4,1,0
BRDA:199,5,0,0
BRDA:199,5,1,0
BRDA:227,6,0,0
BRDA:227,6,1,0
BRDA:242,7,0,0
BRDA:242,7,1,0
BRDA:282,8,0,0
BRDA:282,8,1,0
BRDA:283,9,0,0
BRDA:283,9,1,0
BRDA:292,10,0,0
BRDA:292,10,1,0
BRDA:351,11,0,0
BRDA:351,11,1,0
BRDA:384,12,0,0
BRDA:384,12,1,0
BRDA:385,13,0,0
BRDA:385,13,1,0
BRDA:409,14,0,0
BRDA:409,14,1,0
BRDA:419,15,0,0
BRDA:419,15,1,0
BRDA:440,16,0,0
BRDA:440,16,1,0
BRDA:460,17,0,0
BRDA:460,17,1,0
BRDA:461,18,0,0
BRDA:461,18,1,0
BRDA:485,19,0,0
BRDA:485,19,1,0
BRDA:511,20,0,0
BRDA:511,20,1,0
BRDA:513,21,0,0
BRDA:513,21,1,0
BRDA:514,22,0,0
BRDA:514,22,1,0
BRF:44
BRH:0
end_of_record
TN:
SF:/home/tabish/ahmad/factiiv/contracts/@openzeppelin/contracts/token/ERC777/IERC777.sol
FNF:0
FNH:0
LF:0
LH:0
BRF:0
BRH:0
end_of_record
TN:
SF:/home/tabish/ahmad/factiiv/contracts/@openzeppelin/contracts/token/ERC777/IERC777Recipient.sol
FNF:0
FNH:0
LF:0
LH:0
BRF:0
BRH:0
end_of_record
TN:
SF:/home/tabish/ahmad/factiiv/contracts/@openzeppelin/contracts/token/ERC777/IERC777Sender.sol
FNF:0
FNH:0
LF:0
LH:0
BRF:0
BRH:0
end_of_record
TN:
SF:/home/tabish/ahmad/factiiv/contracts/@openzeppelin/contracts/token/ERC777/presets/ERC777PresetFixedSupply.sol
FN:26,constructor
FNF:1
FNH:0
FNDA:0,constructor
DA:27,0
LF:1
LH:0
BRF:0
BRH:0
end_of_record
TN:
SF:/home/tabish/ahmad/factiiv/contracts/@openzeppelin/contracts/utils/Address.sol
FN:26,isContract
FN:54,sendValue
FN:79,functionCall
FN:89,functionCall
FN:108,functionCallWithValue
FN:122,functionCallWithValue
FN:141,functionStaticCall
FN:151,functionStaticCall
FN:168,functionDelegateCall
FN:178,functionDelegateCall
FN:195,verifyCallResult
FNF:11
FNH:0
FNDA:0,isContract
FNDA:0,sendValue
FNDA:0,functionCall
FNDA:0,functionCall
FNDA:0,functionCallWithValue
FNDA:0,functionCallWithValue
FNDA:0,functionStaticCall
FNDA:0,functionStaticCall
FNDA:0,functionDelegateCall
FNDA:0,functionDelegateCall
FNDA:0,verifyCallResult
DA:31,0
DA:32,0
DA:35,0
DA:55,0
DA:57,0
DA:58,0
DA:80,0
DA:94,0
DA:113,0
DA:128,0
DA:129,0
DA:131,0
DA:132,0
DA:142,0
DA:156,0
DA:158,0
DA:159,0
DA:169,0
DA:183,0
DA:185,0
DA:186,0
DA:200,0
DA:201,0
DA:204,0
DA:207,0
DA:212,0
LF:26
LH:0
BRDA:55,1,0,0
BRDA:55,1,1,0
BRDA:58,2,0,0
BRDA:58,2,1,0
BRDA:128,3,0,0
BRDA:128,3,1,0
BRDA:129,4,0,0
BRDA:129,4,1,0
BRDA:156,5,0,0
BRDA:156,5,1,0
BRDA:183,6,0,0
BRDA:183,6,1,0
BRDA:200,7,0,0
BRDA:200,7,1,0
BRDA:204,8,0,0
BRDA:204,8,1,0
BRF:16
BRH:0
end_of_record
TN:
SF:/home/tabish/ahmad/factiiv/contracts/@openzeppelin/contracts/utils/Arrays.sol
FN:20,findUpperBound
FNF:1
FNH:0
FNDA:0,findUpperBound
DA:21,0
DA:22,0
DA:25,0
DA:26,0
DA:28,0
DA:29,0
DA:33,0
DA:34,0
DA:36,0
DA:41,0
DA:42,0
DA:44,0
LF:12
LH:0
BRDA:21,1,0,0
BRDA:21,1,1,0
BRDA:33,2,0,0
BRDA:33,2,1,0
BRDA:41,3,0,0
BRDA:41,3,1,0
BRF:6
BRH:0
end_of_record
TN:
SF:/home/tabish/ahmad/factiiv/contracts/@openzeppelin/contracts/utils/Context.sol
FN:16,_msgSender
FN:20,_msgData
FNF:2
FNH:0
FNDA:0,_msgSender
FNDA:0,_msgData
DA:17,0
DA:21,0
LF:2
LH:0
BRF:0
BRH:0
end_of_record
TN:
SF:/home/tabish/ahmad/factiiv/contracts/@openzeppelin/contracts/utils/Counters.sol
FN:21,current
FN:25,increment
FN:31,decrement
FN:39,reset
FNF:4
FNH:0
FNDA:0,current
FNDA:0,increment
FNDA:0,decrement
FNDA:0,reset
DA:22,0
DA:26,0
DA:32,0
DA:33,0
DA:34,0
DA:40,0
LF:6
LH:0
BRDA:33,1,0,0
BRDA:33,1,1,0
BRF:2
BRH:0
end_of_record
TN:
SF:/home/tabish/ahmad/factiiv/contracts/@openzeppelin/contracts/utils/Create2.sol
FN:29,deploy
FN:48,computeAddress
FN:56,computeAddress
FNF:3
FNH:0
FNDA:0,deploy
FNDA:0,computeAddress
FNDA:0,computeAddress
DA:34,0
DA:35,0
DA:36,0
DA:37,0
DA:40,0
DA:41,0
DA:49,0
DA:61,0
DA:62,0
LF:9
LH:0
BRDA:35,1,0,0
BRDA:35,1,1,0
BRDA:36,2,0,0
BRDA:36,2,1,0
BRDA:40,3,0,0
BRDA:40,3,1,0
BRF:6
BRH:0
end_of_record
TN:
SF:/home/tabish/ahmad/factiiv/contracts/@openzeppelin/contracts/utils/cryptography/draft-EIP712.sol
FN:51,constructor
FN:67,_domainSeparatorV4
FN:75,_buildDomainSeparator
FN:98,_hashTypedDataV4
FNF:4
FNH:0
FNDA:0,constructor
FNDA:0,_domainSeparatorV4
FNDA:0,_buildDomainSeparator
FNDA:0,_hashTypedDataV4
DA:52,0
DA:53,0
DA:54,0
DA:57,0
DA:58,0
DA:59,0
DA:60,0
DA:61,0
DA:68,0
DA:69,0
DA:71,0
DA:80,0
DA:99,0
LF:13
LH:0
BRDA:68,1,0,0
BRDA:68,1,1,0
BRF:2
BRH:0
end_of_record
TN:
SF:/home/tabish/ahmad/factiiv/contracts/@openzeppelin/contracts/utils/cryptography/ECDSA.sol
FN:20,_throwError
FN:54,tryRecover
FN:99,recover
FN:112,tryRecover
FN:131,recover
FN:147,tryRecover
FN:182,recover
FN:201,toEthSignedMessageHash
FN:216,toTypedDataHash
FNF:9
FNH:0
FNDA:0,_throwError
FNDA:0,tryRecover
FNDA:0,recover
FNDA:0,tryRecover
FNDA:0,recover
FNDA:0,tryRecover
FNDA:0,recover
FNDA:0,toEthSignedMessageHash
FNDA:0,toTypedDataHash
DA:21,0
DA:22,0
DA:24,0
DA:26,0
DA:28,0
DA:30,0
DA:58,0
DA:59,0
DA:60,0
DA:61,0
DA:64,0
DA:69,0
DA:71,0
DA:72,0
DA:75,0
DA:79,0
DA:81,0
DA:100,0
DA:101,0
DA:102,0
DA:117,0
DA:118,0
DA:119,0
DA:123,0
DA:136,0
DA:137,0
DA:138,0
DA:162,0
DA:163,0
DA:165,0
DA:166,0
DA:170,0
DA:171,0
DA:172,0
DA:175,0
DA:188,0
DA:189,0
DA:190,0
DA:204,0
DA:217,0
LF:40
LH:0
BRDA:21,1,0,0
BRDA:21,1,1,0
BRDA:23,2,0,0
BRDA:23,2,1,0
BRDA:25,3,0,0
BRDA:25,3,1,0
BRDA:27,4,0,0
BRDA:27,4,1,0
BRDA:29,5,0,0
BRDA:29,5,1,0
BRDA:58,6,0,0
BRDA:58,6,1,0
BRDA:70,7,0,0
BRDA:70,7,1,0
BRDA:162,8,0,0
BRDA:162,8,1,0
BRDA:165,9,0,0
BRDA:165,9,1,0
BRDA:171,10,0,0
BRDA:171,10,1,0
BRF:20
BRH:0
end_of_record
TN:
SF:/home/tabish/ahmad/factiiv/contracts/@openzeppelin/contracts/utils/cryptography/MerkleProof.sol
FN:21,verify
FNF:1
FNH:0
FNDA:0,verify
DA:26,0
DA:28,0
DA:29,0
DA:31,0
DA:33,0
DA:36,0
DA:41,0
LF:7
LH:0
BRDA:31,1,0,0
BRDA:31,1,1,0
BRF:2
BRH:0
end_of_record
TN:
SF:/home/tabish/ahmad/factiiv/contracts/@openzeppelin/contracts/utils/cryptography/SignatureChecker.sol
FN:20,isValidSignatureNow
FNF:1
FNH:0
FNDA:0,isValidSignatureNow
DA:25,0
DA:26,0
DA:27,0
DA:30,0
DA:33,0
LF:5
LH:0
BRDA:26,1,0,0
BRDA:26,1,1,0
BRF:2
BRH:0
end_of_record
TN:
SF:/home/tabish/ahmad/factiiv/contracts/@openzeppelin/contracts/utils/escrow/ConditionalEscrow.sol
FN:20,withdraw
FNF:1
FNH:0
FNDA:0,withdraw
DA:21,0
DA:22,0
LF:2
LH:0
BRDA:21,1,0,0
BRDA:21,1,1,0
BRF:2
BRH:0
end_of_record
TN:
SF:/home/tabish/ahmad/factiiv/contracts/@openzeppelin/contracts/utils/escrow/Escrow.sol
FN:29,depositsOf
FN:37,deposit
FN:53,withdraw
FNF:3
FNH:0
FNDA:0,depositsOf
FNDA:0,deposit
FNDA:0,withdraw
DA:30,0
DA:38,0
DA:39,0
DA:40,0
DA:54,0
DA:56,0
DA:58,0
DA:60,0
LF:8
LH:0
BRF:0
BRH:0
end_of_record
TN:
SF:/home/tabish/ahmad/factiiv/contracts/@openzeppelin/contracts/utils/escrow/RefundEscrow.sol
FN:36,constructor
FN:45,state
FN:52,beneficiary
FN:60,deposit
FN:69,close
FN:78,enableRefunds
FN:87,beneficiaryWithdraw
FN:96,withdrawalAllowed
FNF:8
FNH:0
FNDA:0,constructor
FNDA:0,state
FNDA:0,beneficiary
FNDA:0,deposit
FNDA:0,close
FNDA:0,enableRefunds
FNDA:0,beneficiaryWithdraw
FNDA:0,withdrawalAllowed
DA:37,0
DA:38,0
DA:39,0
DA:46,0
DA:53,0
DA:61,0
DA:62,0
DA:70,0
DA:71,0
DA:72,0
DA:79,0
DA:80,0
DA:81,0
DA:88,0
DA:89,0
DA:97,0
LF:16
LH:0
BRDA:37,1,0,0
BRDA:37,1,1,0
BRDA:61,2,0,0
BRDA:61,2,1,0
BRDA:70,3,0,0
BRDA:70,3,1,0
BRDA:79,4,0,0
BRDA:79,4,1,0
BRDA:88,5,0,0
BRDA:88,5,1,0
BRF:10
BRH:0
end_of_record
TN:
SF:/home/tabish/ahmad/factiiv/contracts/@openzeppelin/contracts/utils/introspection/ERC165.sol
FN:25,supportsInterface
FNF:1
FNH:0
FNDA:0,supportsInterface
DA:26,0
LF:1
LH:0
BRF:0
BRH:0
end_of_record
TN:
SF:/home/tabish/ahmad/factiiv/contracts/@openzeppelin/contracts/utils/introspection/ERC165Checker.sol
FN:21,supportsERC165
FN:35,supportsInterface
FN:50,getSupportedInterfaces
FN:78,supportsAllInterfaces
FN:106,_supportsERC165Interface
FNF:5
FNH:0
FNDA:0,supportsERC165
FNDA:0,supportsInterface
FNDA:0,getSupportedInterfaces
FNDA:0,supportsAllInterfaces
FNDA:0,_supportsERC165Interface
DA:24,0
DA:37,0
DA:56,0
DA:59,0
DA:61,0
DA:62,0
DA:66,0
DA:80,0
DA:81,0
DA:85,0
DA:86,0
DA:87,0
DA:92,0
DA:107,0
DA:108,0
DA:109,0
DA:110,0
LF:17
LH:0
BRDA:59,1,0,0
BRDA:59,1,1,0
BRDA:80,2,0,0
BRDA:80,2,1,0
BRDA:86,3,0,0
BRDA:86,3,1,0
BRDA:109,4,0,0
BRDA:109,4,1,0
BRF:8
BRH:0
end_of_record
TN:
SF:/home/tabish/ahmad/factiiv/contracts/@openzeppelin/contracts/utils/introspection/ERC165Storage.sol
FN:22,supportsInterface
FN:37,_registerInterface
FNF:2
FNH:0
FNDA:0,supportsInterface
FNDA:0,_registerInterface
DA:23,0
DA:38,0
DA:39,0
LF:3
LH:0
BRDA:38,1,0,0
BRDA:38,1,1,0
BRF:2
BRH:0
end_of_record
TN:
SF:/home/tabish/ahmad/factiiv/contracts/@openzeppelin/contracts/utils/introspection/ERC1820Implementer.sol
FN:23,canImplementInterfaceForAddress
FN:40,_registerInterfaceForAddress
FNF:2
FNH:0
FNDA:0,canImplementInterfaceForAddress
FNDA:0,_registerInterfaceForAddress
DA:30,0
DA:41,0
LF:2
LH:0
BRF:0
BRH:0
end_of_record
TN:
SF:/home/tabish/ahmad/factiiv/contracts/@openzeppelin/contracts/utils/introspection/IERC165.sol
FNF:0
FNH:0
LF:0
LH:0
BRF:0
BRH:0
end_of_record
TN:
SF:/home/tabish/ahmad/factiiv/contracts/@openzeppelin/contracts/utils/introspection/IERC1820Implementer.sol
FNF:0
FNH:0
LF:0
LH:0
BRF:0
BRH:0
end_of_record
TN:
SF:/home/tabish/ahmad/factiiv/contracts/@openzeppelin/contracts/utils/introspection/IERC1820Registry.sol
FNF:0
FNH:0
LF:0
LH:0
BRF:0
BRH:0
end_of_record
TN:
SF:/home/tabish/ahmad/factiiv/contracts/@openzeppelin/contracts/utils/math/Math.sol
FN:12,max
FN:19,min
FN:27,average
FN:38,ceilDiv
FNF:4
FNH:0
FNDA:0,max
FNDA:0,min
FNDA:0,average
FNDA:0,ceilDiv
DA:13,0
DA:20,0
DA:29,0
DA:40,0
LF:4
LH:0
BRF:0
BRH:0
end_of_record
TN:
SF:/home/tabish/ahmad/factiiv/contracts/@openzeppelin/contracts/utils/math/SafeCast.sol
FN:31,toUint224
FN:46,toUint128
FN:61,toUint96
FN:76,toUint64
FN:91,toUint32
FN:106,toUint16
FN:121,toUint8
FN:133,toUint256
FN:151,toInt128
FN:169,toInt64
FN:187,toInt32
FN:205,toInt16
FN:223,toInt8
FN:235,toInt256
FNF:14
FNH:0
FNDA:0,toUint224
FNDA:0,toUint128
FNDA:0,toUint96
FNDA:0,toUint64
FNDA:0,toUint32
FNDA:0,toUint16
FNDA:0,toUint8
FNDA:0,toUint256
FNDA:0,toInt128
FNDA:0,toInt64
FNDA:0,toInt32
FNDA:0,toInt16
FNDA:0,toInt8
FNDA:0,toInt256
DA:32,0
DA:33,0
DA:47,0
DA:48,0
DA:62,0
DA:63,0
DA:77,0
DA:78,0
DA:92,0
DA:93,0
DA:107,0
DA:108,0
DA:122,0
DA:123,0
DA:134,0
DA:135,0
DA:152,0
DA:153,0
DA:170,0
DA:171,0
DA:188,0
DA:189,0
DA:206,0
DA:207,0
DA:224,0
DA:225,0
DA:237,0
DA:238,0
LF:28
LH:0
BRDA:32,1,0,0
BRDA:32,1,1,0
BRDA:47,2,0,0
BRDA:47,2,1,0
BRDA:62,3,0,0
BRDA:62,3,1,0
BRDA:77,4,0,0
BRDA:77,4,1,0
BRDA:92,5,0,0
BRDA:92,5,1,0
BRDA:107,6,0,0
BRDA:107,6,1,0
BRDA:122,7,0,0
BRDA:122,7,1,0
BRDA:134,8,0,0
BRDA:134,8,1,0
BRDA:152,9,0,0
BRDA:152,9,1,0
BRDA:170,10,0,0
BRDA:170,10,1,0
BRDA:188,11,0,0
BRDA:188,11,1,0
BRDA:206,12,0,0
BRDA:206,12,1,0
BRDA:224,13,0,0
BRDA:224,13,1,0
BRDA:237,14,0,0
BRDA:237,14,1,0
BRF:28
BRH:0
end_of_record
TN:
SF:/home/tabish/ahmad/factiiv/contracts/@openzeppelin/contracts/utils/math/SafeMath.sol
FN:21,tryAdd
FN:34,trySub
FN:46,tryMul
FN:63,tryDiv
FN:75,tryMod
FN:92,add
FN:106,sub
FN:120,mul
FN:134,div
FN:150,mod
FN:167,sub
FN:190,div
FN:216,mod
FNF:13
FNH:0
FNDA:0,tryAdd
FNDA:0,trySub
FNDA:0,tryMul
FNDA:0,tryDiv
FNDA:0,tryMod
FNDA:0,add
FNDA:0,sub
FNDA:0,mul
FNDA:0,div
FNDA:0,mod
FNDA:0,sub
FNDA:0,div
FNDA:0,mod
DA:22,0
DA:35,0
DA:47,0
DA:64,0
DA:76,0
DA:93,0
DA:107,0
DA:121,0
DA:135,0
DA:151,0
DA:172,0
DA:195,0
DA:221,0
LF:13
LH:0
BRF:0
BRH:0
end_of_record
TN:
SF:/home/tabish/ahmad/factiiv/contracts/@openzeppelin/contracts/utils/math/SignedSafeMath.sol
FN:22,mul
FN:36,div
FN:50,sub
FN:64,add
FNF:4
FNH:0
FNDA:0,mul
FNDA:0,div
FNDA:0,sub
FNDA:0,add
DA:23,0
DA:37,0
DA:51,0
DA:65,0
LF:4
LH:0
BRF:0
BRH:0
end_of_record
TN:
SF:/home/tabish/ahmad/factiiv/contracts/@openzeppelin/contracts/utils/Multicall.sol
FN:16,multicall
FNF:1
FNH:0
FNDA:0,multicall
DA:17,0
DA:18,0
DA:19,0
DA:21,0
LF:4
LH:0
BRF:0
BRH:0
end_of_record
TN:
SF:/home/tabish/ahmad/factiiv/contracts/@openzeppelin/contracts/utils/StorageSlot.sol
FN:51,getAddressSlot
FN:60,getBooleanSlot
FN:69,getBytes32Slot
FN:78,getUint256Slot
FNF:4
FNH:0
FNDA:0,getAddressSlot
FNDA:0,getBooleanSlot
FNDA:0,getBytes32Slot
FNDA:0,getUint256Slot
DA:52,0
DA:61,0
DA:70,0
DA:79,0
LF:4
LH:0
BRF:0
BRH:0
end_of_record
TN:
SF:/home/tabish/ahmad/factiiv/contracts/@openzeppelin/contracts/utils/Strings.sol
FN:14,toString
FN:39,toHexString
FN:55,toHexString
FNF:3
FNH:0
FNDA:0,toString
FNDA:0,toHexString
FNDA:0,toHexString
DA:18,0
DA:19,0
DA:21,0
DA:22,0
DA:23,0
DA:24,0
DA:25,0
DA:27,0
DA:28,0
DA:29,0
DA:30,0
DA:31,0
DA:33,0
DA:40,0
DA:41,0
DA:43,0
DA:44,0
DA:45,0
DA:46,0
DA:47,0
DA:49,0
DA:56,0
DA:57,0
DA:58,0
DA:59,0
DA:60,0
DA:61,0
DA:63,0
DA:64,0
LF:29
LH:0
BRDA:18,1,0,0
BRDA:18,1,1,0
BRDA:40,2,0,0
BRDA:40,2,1,0
BRDA:63,3,0,0
BRDA:63,3,1,0
BRF:6
BRH:0
end_of_record
TN:
SF:/home/tabish/ahmad/factiiv/contracts/@openzeppelin/contracts/utils/structs/BitMaps.sol
FN:16,get
FN:25,setTo
FN:40,set
FN:49,unset
FNF:4
FNH:0
FNDA:0,get
FNDA:0,setTo
FNDA:0,set
FNDA:0,unset
DA:17,0
DA:18,0
DA:19,0
DA:30,0
DA:31,0
DA:33,0
DA:41,0
DA:42,0
DA:43,0
DA:50,0
DA:51,0
DA:52,0
LF:12
LH:0
BRDA:30,1,0,0
BRDA:30,1,1,0
BRF:2
BRH:0
end_of_record
TN:
SF:/home/tabish/ahmad/factiiv/contracts/@openzeppelin/contracts/utils/structs/EnumerableMap.sol
FN:56,_set
FN:70,_remove
FN:78,_contains
FN:85,_length
FN:99,_at
FN:108,_tryGet
FN:124,_get
FN:136,_get
FN:159,set
FN:172,remove
FN:179,contains
FN:186,length
FN:199,at
FN:210,tryGet
FN:222,get
FN:232,get
FNF:16
FNH:0
FNDA:0,_set
FNDA:0,_remove
FNDA:0,_contains
FNDA:0,_length
FNDA:0,_at
FNDA:0,_tryGet
FNDA:0,_get
FNDA:0,_get
FNDA:0,set
FNDA:0,remove
FNDA:0,contains
FNDA:0,length
FNDA:0,at
FNDA:0,tryGet
FNDA:0,get
FNDA:0,get
DA:61,0
DA:62,0
DA:71,0
DA:72,0
DA:79,0
DA:86,0
DA:100,0
DA:101,0
DA:109,0
DA:110,0
DA:111,0
DA:113,0
DA:125,0
DA:126,0
DA:127,0
DA:141,0
DA:142,0
DA:143,0
DA:164,0
DA:173,0
DA:180,0
DA:187,0
DA:200,0
DA:201,0
DA:211,0
DA:212,0
DA:223,0
DA:237,0
LF:28
LH:0
BRDA:110,1,0,0
BRDA:110,1,1,0
BRDA:126,2,0,0
BRDA:126,2,1,0
BRDA:142,3,0,0
BRDA:142,3,1,0
BRF:6
BRH:0
end_of_record
TN:
SF:/home/tabish/ahmad/factiiv/contracts/@openzeppelin/contracts/utils/structs/EnumerableSet.sol
FN:53,_add
FN:71,_remove
FN:108,_contains
FN:115,_length
FN:129,_at
FN:141,_values
FN:157,add
FN:167,remove
FN:174,contains
FN:181,length
FN:195,at
FN:207,values
FN:223,add
FN:233,remove
FN:240,contains
FN:247,length
FN:261,at
FN:273,values
FN:296,add
FN:306,remove
FN:313,contains
FN:320,length
FN:334,at
FN:346,values
FNF:24
FNH:0
FNDA:0,_add
FNDA:0,_remove
FNDA:0,_contains
FNDA:0,_length
FNDA:0,_at
FNDA:0,_values
FNDA:0,add
FNDA:0,remove
FNDA:0,contains
FNDA:0,length
FNDA:0,at
FNDA:0,values
FNDA:0,add
FNDA:0,remove
FNDA:0,contains
FNDA:0,length
FNDA:0,at
FNDA:0,values
FNDA:0,add
FNDA:0,remove
FNDA:0,contains
FNDA:0,length
FNDA:0,at
FNDA:0,values
DA:54,0
DA:55,0
DA:58,0
DA:59,0
DA:61,0
DA:73,0
DA:75,0
DA:81,0
DA:82,0
DA:84,0
DA:85,0
DA:88,0
DA:90,0
DA:94,0
DA:97,0
DA:99,0
DA:101,0
DA:109,0
DA:116,0
DA:130,0
DA:142,0
DA:158,0
DA:168,0
DA:175,0
DA:182,0
DA:196,0
DA:208,0
DA:224,0
DA:234,0
DA:241,0
DA:248,0
DA:262,0
DA:274,0
DA:275,0
DA:277,0
DA:281,0
DA:297,0
DA:307,0
DA:314,0
DA:321,0
DA:335,0
DA:347,0
DA:348,0
DA:350,0
DA:354,0
LF:45
LH:0
BRDA:54,1,0,0
BRDA:54,1,1,0
BRDA:75,2,0,0
BRDA:75,2,1,0
BRDA:84,3,0,0
BRDA:84,3,1,0
BRF:6
BRH:0
end_of_record
TN:
SF:/home/tabish/ahmad/factiiv/contracts/@openzeppelin/contracts/utils/Timers.sol
FN:13,getDeadline
FN:17,setDeadline
FN:21,reset
FN:25,isUnset
FN:29,isStarted
FN:33,isPending
FN:37,isExpired
FN:45,getDeadline
FN:49,setDeadline
FN:53,reset
FN:57,isUnset
FN:61,isStarted
FN:65,isPending
FN:69,isExpired
FNF:14
FNH:0
FNDA:0,getDeadline
FNDA:0,setDeadline
FNDA:0,reset
FNDA:0,isUnset
FNDA:0,isStarted
FNDA:0,isPending
FNDA:0,isExpired
FNDA:0,getDeadline
FNDA:0,setDeadline
FNDA:0,reset
FNDA:0,isUnset
FNDA:0,isStarted
FNDA:0,isPending
FNDA:0,isExpired
DA:14,0
DA:18,0
DA:22,0
DA:26,0
DA:30,0
DA:34,0
DA:38,0
DA:46,0
DA:50,0
DA:54,0
DA:58,0
DA:62,0
DA:66,0
DA:70,0
LF:14
LH:0
BRF:0
BRH:0
end_of_record
TN:
SF:/home/tabish/ahmad/factiiv/contracts/Factiiv_A.sol
FN:25,constructor
FN:37,setMinimumAmount
FN:42,getMinimumAmount
FN:47,getCurrentAccount
FN:53,createRelationshipType
FN:57,updateRelationshipType
FN:61,createAttestationType
FN:65,updateAttestationType
FN:72,createAttestation
FN:76,updateAttestation
FN:83,createRelationship
FN:87,updateRelationship
FN:116,deleteRelationship
FN:127,arbitrationDelete
FN:135,relationshipStage
FN:142,canUpdateRelationship
FN:156,genUid
FN:167,relationshipTypeCount
FN:171,relationshipTypeIdAtIndex
FN:175,attestationTypeCount
FN:179,attestationTypeAtIndex
FN:185,userMeta
FN:194,userSendRelationshipAtIndex
FN:199,userReceiveRelationshipAtIndex
FN:204,userAttestationAtIndex
FN:211,relationshipCount
FN:215,attestationCount
FN:219,relationshipAtIndex
FN:223,attestationAtIndex
FNF:29
FNH:28
FNDA:3,constructor
FNDA:1,setMinimumAmount
FNDA:1,getMinimumAmount
FNDA:4,getCurrentAccount
FNDA:8,createRelationshipType
FNDA:1,updateRelationshipType
FNDA:4,createAttestationType
FNDA:1,updateAttestationType
FNDA:2,createAttestation
FNDA:1,updateAttestation
FNDA:6,createRelationship
FNDA:2,updateRelationship
FNDA:1,deleteRelationship
FNDA:1,arbitrationDelete
FNDA:2,relationshipStage
FNDA:3,canUpdateRelationship
FNDA:0,genUid
FNDA:1,relationshipTypeCount
FNDA:8,relationshipTypeIdAtIndex
FNDA:1,attestationTypeCount
FNDA:4,attestationTypeAtIndex
FNDA:1,userMeta
FNDA:1,userSendRelationshipAtIndex
FNDA:1,userReceiveRelationshipAtIndex
FNDA:1,userAttestationAtIndex
FNDA:5,relationshipCount
FNDA:1,attestationCount
FNDA:9,relationshipAtIndex
FNDA:3,attestationAtIndex
DA:26,3
DA:27,3
DA:28,3
DA:29,3
DA:38,1
DA:39,1
DA:44,1
DA:49,4
DA:54,8
DA:58,1
DA:62,4
DA:66,1
DA:73,2
DA:77,1
DA:84,6
DA:88,2
DA:109,2
DA:124,1
DA:128,1
DA:136,2
DA:137,2
DA:138,2
DA:139,2
DA:143,3
DA:144,3
DA:157,0
DA:158,0
DA:168,1
DA:172,8
DA:176,1
DA:180,4
DA:186,1
DA:187,1
DA:195,1
DA:196,1
DA:200,1
DA:201,1
DA:205,1
DA:206,1
DA:212,5
DA:216,1
DA:220,9
DA:224,3
LF:43
LH:41
BRDA:88,1,0,2
BRDA:88,1,1,0
BRF:2
BRH:1
end_of_record
TN:
SF:/home/tabish/ahmad/factiiv/contracts/Factiiv.sol
FN:25,constructor
FN:37,setMinimumAmount
FN:42,getMinimumAmount
FN:47,getCurrentAccount
FN:53,createRelationshipType
FN:57,updateRelationshipType
FN:61,createAttestationType
FN:65,updateAttestationType
FN:72,createAttestation
FN:76,updateAttestation
FN:83,createRelationship
FN:87,updateRelationship
FN:116,deleteRelationship
FN:127,arbitrationDelete
FN:135,relationshipStage
FN:142,canUpdateRelationship
FN:156,genUid
FN:167,relationshipTypeCount
FN:171,relationshipTypeIdAtIndex
FN:175,attestationTypeCount
FN:179,attestationTypeAtIndex
FN:185,userMeta
FN:194,userSendRelationshipAtIndex
FN:199,userReceiveRelationshipAtIndex
FN:204,userAttestationAtIndex
FN:211,relationshipCount
FN:215,attestationCount
FN:219,relationshipAtIndex
FN:223,attestationAtIndex
FNF:29
FNH:0
FNDA:0,constructor
FNDA:0,setMinimumAmount
FNDA:0,getMinimumAmount
FNDA:0,getCurrentAccount
FNDA:0,createRelationshipType
FNDA:0,updateRelationshipType
FNDA:0,createAttestationType
FNDA:0,updateAttestationType
FNDA:0,createAttestation
FNDA:0,updateAttestation
FNDA:0,createRelationship
FNDA:0,updateRelationship
FNDA:0,deleteRelationship
FNDA:0,arbitrationDelete
FNDA:0,relationshipStage
FNDA:0,canUpdateRelationship
FNDA:0,genUid
FNDA:0,relationshipTypeCount
FNDA:0,relationshipTypeIdAtIndex
FNDA:0,attestationTypeCount
FNDA:0,attestationTypeAtIndex
FNDA:0,userMeta
FNDA:0,userSendRelationshipAtIndex
FNDA:0,userReceiveRelationshipAtIndex
FNDA:0,userAttestationAtIndex
FNDA:0,relationshipCount
FNDA:0,attestationCount
FNDA:0,relationshipAtIndex
FNDA:0,attestationAtIndex
DA:26,0
DA:27,0
DA:28,0
DA:29,0
DA:38,0
DA:39,0
DA:44,0
DA:49,0
DA:54,0
DA:58,0
DA:62,0
DA:66,0
DA:73,0
DA:77,0
DA:84,0
DA:88,0
DA:109,0
DA:124,0
DA:128,0
DA:136,0
DA:137,0
DA:138,0
DA:139,0
DA:143,0
DA:144,0
DA:157,0
DA:158,0
DA:168,0
DA:172,0
DA:176,0
DA:180,0
DA:186,0
DA:187,0
DA:195,0
DA:196,0
DA:200,0
DA:201,0
DA:205,0
DA:206,0
DA:212,0
DA:216,0
DA:220,0
DA:224,0
LF:43
LH:0
BRDA:88,1,0,0
BRDA:88,1,1,0
BRF:2
BRH:0
end_of_record
TN:
SF:/home/tabish/ahmad/factiiv/contracts/FactiivStore.sol
FN:126,_createRelationshipType
FN:143,_updateRelationshipType
FN:157,_createAttestationType
FN:174,_updateAttestationType
FN:193,_createAttestation
FN:222,_updateAttestation
FN:243,_createRelationship
FN:293,_updateRelationship
FN:324,_deleteRelationship
FN:356,_keyGen
FNF:10
FNH:10
FNDA:8,_createRelationshipType
FNDA:1,_updateRelationshipType
FNDA:4,_createAttestationType
FNDA:1,_updateAttestationType
FNDA:2,_createAttestation
FNDA:1,_updateAttestation
FNDA:6,_createRelationship
FNDA:2,_updateRelationship
FNDA:2,_deleteRelationship
FNDA:20,_keyGen
DA:135,8
DA:136,8
DA:139,8
DA:140,8
DA:150,1
DA:153,1
DA:154,1
DA:166,4
DA:167,4
DA:170,4
DA:171,4
DA:181,1
DA:185,1
DA:186,1
DA:202,2
DA:203,2
DA:204,2
DA:205,2
DA:206,2
DA:207,2
DA:208,2
DA:209,2
DA:213,2
DA:217,2
DA:230,1
DA:234,1
DA:235,1
DA:236,1
DA:253,6
DA:257,6
DA:261,6
DA:264,6
DA:265,6
DA:269,6
DA:270,6
DA:271,6
DA:272,6
DA:273,6
DA:274,6
DA:275,6
DA:276,6
DA:277,6
DA:282,6
DA:286,6
DA:290,6
DA:301,2
DA:302,2
DA:306,2
DA:310,2
DA:312,2
DA:330,2
DA:331,2
DA:332,2
DA:333,2
DA:334,2
DA:338,2
DA:342,2
DA:346,2
DA:357,20
DA:358,20
LF:60
LH:60
BRDA:150,1,0,1
BRDA:150,1,1,0
BRDA:181,2,0,1
BRDA:181,2,1,0
BRDA:230,3,0,1
BRDA:230,3,1,0
BRDA:253,4,0,6
BRDA:253,4,1,0
BRDA:257,5,0,6
BRDA:257,5,1,0
BRDA:261,6,0,6
BRDA:261,6,1,0
BRDA:302,7,0,2
BRDA:302,7,1,0
BRF:14
BRH:7
end_of_record
TN:
SF:/home/tabish/ahmad/factiiv/contracts/FactsToken.sol
FN:12,constructor
FNF:1
FNH:0
FNDA:0,constructor
DA:13,0
LF:1
LH:0
BRF:0
BRH:0
end_of_record
TN:
SF:/home/tabish/ahmad/factiiv/contracts/lib/AddressSet.sol
FN:26,insert
FN:38,remove
FN:55,count
FN:65,exists
FN:75,keyAtIndex
FNF:5
FNH:0
FNDA:0,insert
FNDA:0,remove
FNDA:0,count
FNDA:0,exists
FNDA:0,keyAtIndex
DA:27,0
DA:28,0
DA:29,0
DA:39,0
DA:40,0
DA:41,0
DA:42,0
DA:43,0
DA:44,0
DA:45,0
DA:47,0
DA:48,0
DA:56,0
DA:66,0
DA:67,0
DA:76,0
LF:16
LH:0
BRDA:27,1,0,0
BRDA:27,1,1,0
BRDA:39,2,0,0
BRDA:39,2,1,0
BRDA:42,3,0,0
BRDA:42,3,1,0
BRDA:66,4,0,0
BRDA:66,4,1,0
BRF:8
BRH:0
end_of_record
TN:
SF:/home/tabish/ahmad/factiiv/contracts/lib/Bytes32Set.sol
FN:18,insert
FN:30,remove
FN:47,count
FN:57,exists
FN:67,keyAtIndex
FNF:5
FNH:5
FNDA:34,insert
FNDA:6,remove
FNDA:17,count
FNDA:51,exists
FNDA:27,keyAtIndex
DA:19,34
DA:20,34
DA:21,34
DA:31,6
DA:32,6
DA:33,6
DA:34,6
DA:35,0
DA:36,0
DA:37,0
DA:39,6
DA:40,6
DA:48,17
DA:58,51
DA:59,44
DA:68,27
LF:16
LH:13
BRDA:19,1,0,34
BRDA:19,1,1,0
BRDA:31,2,0,6
BRDA:31,2,1,0
BRDA:34,3,0,0
BRDA:34,3,1,6
BRDA:58,4,0,7
BRDA:58,4,1,44
BRF:8
BRH:5
end_of_record
TN:
SF:/home/tabish/ahmad/factiiv/contracts/Migrations.sol
FN:8,restricted
FN:16,setCompleted
FNF:2
FNH:0
FNDA:0,restricted
FNDA:0,setCompleted
DA:9,0
DA:13,0
DA:17,0
LF:3
LH:0
BRDA:9,1,0,0
BRDA:9,1,1,0
BRF:2
BRH:0
end_of_record
